TN:
SF:bin/stop.js
FN:25,restartProcesses
FN:47,stop
FN:62,killProcs
FN:71,(anonymous_3)
FN:94,checkHdbProcsEnd
FNF:5
FNH:0
FNDA:0,restartProcesses
FNDA:0,stop
FNDA:0,killProcs
FNDA:0,(anonymous_3)
FNDA:0,checkHdbProcsEnd
DA:2,1
DA:3,1
DA:4,1
DA:5,1
DA:6,1
DA:7,1
DA:8,1
DA:10,1
DA:11,1
DA:12,1
DA:13,1
DA:15,1
DA:26,0
DA:27,0
DA:29,0
DA:30,0
DA:31,0
DA:32,0
DA:34,0
DA:35,0
DA:37,0
DA:38,0
DA:39,0
DA:48,0
DA:49,0
DA:50,0
DA:51,0
DA:52,0
DA:53,0
DA:55,0
DA:57,0
DA:58,0
DA:63,0
DA:64,0
DA:65,0
DA:66,0
DA:67,0
DA:68,0
DA:71,0
DA:75,0
DA:76,0
DA:77,0
DA:79,0
DA:84,0
DA:86,0
DA:95,0
DA:96,0
DA:97,0
DA:98,0
DA:100,0
DA:101,0
DA:102,0
DA:106,0
DA:107,0
DA:108,0
LF:55
LH:12
BRDA:26,0,0,0
BRDA:26,0,1,0
BRDA:30,1,0,0
BRDA:30,1,1,0
BRDA:30,2,0,0
BRDA:30,2,1,0
BRDA:66,3,0,0
BRDA:66,3,1,0
BRDA:75,4,0,0
BRDA:75,4,1,0
BRDA:75,5,0,0
BRDA:75,5,1,0
BRDA:104,6,0,0
BRDA:104,6,1,0
BRDA:101,7,0,0
BRDA:101,7,1,0
BRDA:106,8,0,0
BRDA:106,8,1,0
BRF:18
BRH:0
end_of_record
TN:
SF:bin/version.js
FN:20,version
FN:26,printVersion
FNF:2
FNH:0
FNDA:0,version
FNDA:0,printVersion
DA:3,1
DA:4,1
DA:6,1
DA:11,1
DA:13,1
DA:14,1
DA:16,0
DA:17,0
DA:21,0
DA:22,0
DA:27,0
DA:28,0
LF:12
LH:6
BRDA:21,0,0,0
BRDA:21,0,1,0
BRDA:27,1,0,0
BRDA:27,1,1,0
BRF:4
BRH:0
end_of_record
TN:
SF:data_layer/CreateAttributeObject.js
FN:16,(anonymous_0)
FNF:1
FNH:0
FNDA:0,(anonymous_0)
DA:3,1
DA:17,0
DA:18,0
DA:19,0
DA:20,0
DA:21,0
DA:25,1
LF:7
LH:2
BRDA:20,0,0,0
BRDA:20,0,1,0
BRF:2
BRH:0
end_of_record
TN:
SF:data_layer/CreateTableObject.js
FN:4,(anonymous_0)
FNF:1
FNH:0
FNDA:0,(anonymous_0)
DA:5,0
DA:6,0
DA:7,0
DA:11,1
LF:4
LH:1
BRF:0
BRH:0
end_of_record
TN:
SF:data_layer/DataLayerObjects.js
FN:4,(anonymous_0)
FN:14,(anonymous_1)
FN:25,(anonymous_2)
FNF:3
FNH:0
FNDA:0,(anonymous_0)
FNDA:0,(anonymous_1)
FNDA:0,(anonymous_2)
DA:5,0
DA:6,0
DA:7,0
DA:8,0
DA:9,0
DA:15,0
DA:16,0
DA:17,0
DA:18,0
DA:19,0
DA:20,0
DA:26,0
DA:27,0
DA:28,0
DA:33,1
LF:15
LH:1
BRF:0
BRH:0
end_of_record
TN:
SF:data_layer/DeleteBeforeObject.js
FN:15,(anonymous_0)
FNF:1
FNH:0
FNDA:0,(anonymous_0)
DA:16,0
DA:17,0
DA:18,0
DA:22,1
LF:4
LH:1
BRF:0
BRH:0
end_of_record
TN:
SF:data_layer/DeleteObject.js
FN:16,(anonymous_0)
FNF:1
FNH:0
FNDA:0,(anonymous_0)
DA:3,1
DA:17,0
DA:18,0
DA:19,0
DA:20,0
DA:21,0
DA:25,1
LF:7
LH:2
BRDA:16,0,0,0
BRF:1
BRH:0
end_of_record
TN:
SF:data_layer/DropAttributeObject.js
FN:4,(anonymous_0)
FNF:1
FNH:0
FNDA:0,(anonymous_0)
DA:5,0
DA:6,0
DA:7,0
DA:11,1
LF:4
LH:1
BRF:0
BRH:0
end_of_record
TN:
SF:data_layer/InsertObject.js
FN:14,(anonymous_0)
FNF:1
FNH:0
FNDA:0,(anonymous_0)
DA:2,1
DA:15,0
DA:16,0
DA:17,0
DA:18,0
DA:19,0
DA:20,0
DA:24,1
LF:8
LH:2
BRDA:14,0,0,0
BRF:1
BRH:0
end_of_record
TN:
SF:data_layer/ReadTransactionLogObject.js
FN:15,(anonymous_0)
FNF:1
FNH:0
FNDA:0,(anonymous_0)
DA:3,1
DA:16,0
DA:17,0
DA:18,0
DA:19,0
DA:20,0
DA:24,1
LF:7
LH:2
BRDA:15,0,0,0
BRDA:15,1,0,0
BRF:2
BRH:0
end_of_record
TN:
SF:data_layer/SQLSearch.js
FN:34,(anonymous_0)
FN:69,(anonymous_1)
FN:134,(anonymous_2)
FN:150,(anonymous_3)
FN:152,(anonymous_4)
FN:156,(anonymous_5)
FN:157,(anonymous_6)
FN:173,(anonymous_7)
FN:199,(anonymous_8)
FN:304,(anonymous_9)
FN:311,(anonymous_10)
FN:364,(anonymous_11)
FN:366,(anonymous_12)
FN:381,(anonymous_13)
FN:383,(anonymous_14)
FN:398,(anonymous_15)
FN:423,(anonymous_16)
FN:425,(anonymous_17)
FN:440,(anonymous_18)
FN:452,(anonymous_19)
FN:464,(anonymous_20)
FN:476,(anonymous_21)
FN:504,(anonymous_22)
FN:519,(anonymous_23)
FN:526,(anonymous_24)
FN:585,(anonymous_25)
FN:677,(anonymous_26)
FN:686,(anonymous_27)
FN:701,(anonymous_28)
FN:702,(anonymous_29)
FN:717,(anonymous_30)
FN:766,(anonymous_31)
FN:767,(anonymous_32)
FN:768,(anonymous_33)
FN:770,(anonymous_34)
FN:785,(anonymous_35)
FN:799,(anonymous_36)
FN:818,(anonymous_37)
FN:844,(anonymous_38)
FN:881,(anonymous_39)
FN:888,(anonymous_40)
FN:912,(anonymous_41)
FN:931,(anonymous_42)
FN:947,(anonymous_43)
FN:949,(anonymous_44)
FN:1002,(anonymous_45)
FN:1013,(anonymous_46)
FN:1023,(anonymous_47)
FN:1027,(anonymous_48)
FN:1073,(anonymous_49)
FN:1078,(anonymous_50)
FN:1101,(anonymous_51)
FN:1104,(anonymous_52)
FN:1122,(anonymous_53)
FN:1125,(anonymous_54)
FN:1133,(anonymous_55)
FN:1143,(anonymous_56)
FN:1158,(anonymous_57)
FN:1159,(anonymous_58)
FN:1168,(anonymous_59)
FNF:60
FNH:0
FNDA:0,(anonymous_0)
FNDA:0,(anonymous_1)
FNDA:0,(anonymous_2)
FNDA:0,(anonymous_3)
FNDA:0,(anonymous_4)
FNDA:0,(anonymous_5)
FNDA:0,(anonymous_6)
FNDA:0,(anonymous_7)
FNDA:0,(anonymous_8)
FNDA:0,(anonymous_9)
FNDA:0,(anonymous_10)
FNDA:0,(anonymous_11)
FNDA:0,(anonymous_12)
FNDA:0,(anonymous_13)
FNDA:0,(anonymous_14)
FNDA:0,(anonymous_15)
FNDA:0,(anonymous_16)
FNDA:0,(anonymous_17)
FNDA:0,(anonymous_18)
FNDA:0,(anonymous_19)
FNDA:0,(anonymous_20)
FNDA:0,(anonymous_21)
FNDA:0,(anonymous_22)
FNDA:0,(anonymous_23)
FNDA:0,(anonymous_24)
FNDA:0,(anonymous_25)
FNDA:0,(anonymous_26)
FNDA:0,(anonymous_27)
FNDA:0,(anonymous_28)
FNDA:0,(anonymous_29)
FNDA:0,(anonymous_30)
FNDA:0,(anonymous_31)
FNDA:0,(anonymous_32)
FNDA:0,(anonymous_33)
FNDA:0,(anonymous_34)
FNDA:0,(anonymous_35)
FNDA:0,(anonymous_36)
FNDA:0,(anonymous_37)
FNDA:0,(anonymous_38)
FNDA:0,(anonymous_39)
FNDA:0,(anonymous_40)
FNDA:0,(anonymous_41)
FNDA:0,(anonymous_42)
FNDA:0,(anonymous_43)
FNDA:0,(anonymous_44)
FNDA:0,(anonymous_45)
FNDA:0,(anonymous_46)
FNDA:0,(anonymous_47)
FNDA:0,(anonymous_48)
FNDA:0,(anonymous_49)
FNDA:0,(anonymous_50)
FNDA:0,(anonymous_51)
FNDA:0,(anonymous_52)
FNDA:0,(anonymous_53)
FNDA:0,(anonymous_54)
FNDA:0,(anonymous_55)
FNDA:0,(anonymous_56)
FNDA:0,(anonymous_57)
FNDA:0,(anonymous_58)
FNDA:0,(anonymous_59)
DA:9,1
DA:10,1
DA:11,1
DA:12,1
DA:13,1
DA:14,1
DA:15,1
DA:16,1
DA:17,1
DA:18,1
DA:19,1
DA:21,1
DA:22,1
DA:25,1
DA:35,0
DA:36,0
DA:37,0
DA:40,0
DA:42,0
DA:44,0
DA:46,0
DA:47,0
DA:48,0
DA:49,0
DA:52,0
DA:54,0
DA:55,0
DA:56,0
DA:58,0
DA:59,0
DA:60,0
DA:61,0
DA:62,0
DA:70,0
DA:71,0
DA:72,0
DA:73,0
DA:74,0
DA:75,0
DA:78,0
DA:79,0
DA:80,0
DA:83,0
DA:85,0
DA:86,0
DA:87,0
DA:90,0
DA:91,0
DA:92,0
DA:96,0
DA:97,0
DA:98,0
DA:102,0
DA:104,0
DA:106,0
DA:107,0
DA:108,0
DA:111,0
DA:113,0
DA:115,0
DA:116,0
DA:117,0
DA:120,0
DA:121,0
DA:122,0
DA:124,0
DA:125,0
DA:126,0
DA:135,0
DA:136,0
DA:137,0
DA:138,0
DA:139,0
DA:141,0
DA:151,0
DA:152,0
DA:153,0
DA:156,0
DA:157,0
DA:158,0
DA:159,0
DA:160,0
DA:161,0
DA:162,0
DA:163,0
DA:176,0
DA:177,0
DA:178,0
DA:182,0
DA:186,0
DA:187,0
DA:188,0
DA:190,0
DA:191,0
DA:192,0
DA:193,0
DA:194,0
DA:195,0
DA:196,0
DA:198,0
DA:199,0
DA:200,0
DA:201,0
DA:202,0
DA:203,0
DA:204,0
DA:211,0
DA:212,0
DA:213,0
DA:216,0
DA:217,0
DA:218,0
DA:219,0
DA:220,0
DA:221,0
DA:222,0
DA:225,0
DA:228,0
DA:229,0
DA:230,0
DA:236,0
DA:237,0
DA:238,0
DA:239,0
DA:240,0
DA:243,0
DA:249,0
DA:252,0
DA:253,0
DA:259,0
DA:260,0
DA:262,0
DA:264,0
DA:265,0
DA:267,0
DA:269,0
DA:271,0
DA:273,0
DA:274,0
DA:275,0
DA:277,0
DA:278,0
DA:281,0
DA:283,0
DA:284,0
DA:286,0
DA:289,0
DA:290,0
DA:292,0
DA:306,0
DA:307,0
DA:309,0
DA:310,0
DA:311,0
DA:312,0
DA:313,0
DA:314,0
DA:317,0
DA:318,0
DA:321,0
DA:322,0
DA:323,0
DA:324,0
DA:325,0
DA:326,0
DA:327,0
DA:329,0
DA:330,0
DA:333,0
DA:337,0
DA:338,0
DA:339,0
DA:342,0
DA:343,0
DA:348,0
DA:352,0
DA:353,0
DA:366,0
DA:367,0
DA:368,0
DA:371,0
DA:372,0
DA:375,0
DA:376,0
DA:380,0
DA:381,0
DA:382,0
DA:383,0
DA:389,0
DA:399,0
DA:401,0
DA:403,0
DA:404,0
DA:406,0
DA:407,0
DA:409,0
DA:410,0
DA:411,0
DA:414,0
DA:424,0
DA:425,0
DA:426,0
DA:427,0
DA:428,0
DA:441,0
DA:442,0
DA:453,0
DA:465,0
DA:466,0
DA:479,0
DA:480,0
DA:483,0
DA:485,0
DA:486,0
DA:487,0
DA:489,0
DA:491,0
DA:492,0
DA:497,0
DA:498,0
DA:499,0
DA:502,0
DA:504,0
DA:505,0
DA:509,0
DA:513,0
DA:514,0
DA:515,0
DA:519,0
DA:521,0
DA:522,0
DA:526,0
DA:527,0
DA:528,0
DA:530,0
DA:531,0
DA:532,0
DA:533,0
DA:536,0
DA:537,0
DA:538,0
DA:541,0
DA:544,0
DA:545,0
DA:546,0
DA:548,0
DA:553,0
DA:554,0
DA:558,0
DA:559,0
DA:565,0
DA:567,0
DA:568,0
DA:569,0
DA:570,0
DA:572,0
DA:573,0
DA:574,0
DA:575,0
DA:579,0
DA:580,0
DA:583,0
DA:584,0
DA:585,0
DA:586,0
DA:587,0
DA:588,0
DA:590,0
DA:591,0
DA:592,0
DA:593,0
DA:594,0
DA:596,0
DA:601,0
DA:602,0
DA:606,0
DA:608,0
DA:609,0
DA:610,0
DA:611,0
DA:612,0
DA:613,0
DA:614,0
DA:616,0
DA:617,0
DA:618,0
DA:619,0
DA:620,0
DA:624,0
DA:625,0
DA:626,0
DA:627,0
DA:628,0
DA:630,0
DA:636,0
DA:637,0
DA:640,0
DA:641,0
DA:642,0
DA:643,0
DA:645,0
DA:646,0
DA:647,0
DA:648,0
DA:649,0
DA:653,0
DA:654,0
DA:655,0
DA:656,0
DA:657,0
DA:659,0
DA:664,0
DA:665,0
DA:678,0
DA:680,0
DA:682,0
DA:683,0
DA:686,0
DA:687,0
DA:688,0
DA:689,0
DA:693,0
DA:702,0
DA:704,0
DA:705,0
DA:706,0
DA:709,0
DA:710,0
DA:711,0
DA:712,0
DA:714,0
DA:717,0
DA:718,0
DA:719,0
DA:721,0
DA:722,0
DA:724,0
DA:728,0
DA:729,0
DA:732,0
DA:735,0
DA:736,0
DA:738,0
DA:739,0
DA:740,0
DA:741,0
DA:742,0
DA:744,0
DA:745,0
DA:746,0
DA:749,0
DA:750,0
DA:751,0
DA:752,0
DA:754,0
DA:755,0
DA:756,0
DA:767,0
DA:768,0
DA:769,0
DA:770,0
DA:771,0
DA:773,0
DA:776,0
DA:786,0
DA:787,0
DA:790,0
DA:791,0
DA:792,0
DA:796,0
DA:798,0
DA:799,0
DA:800,0
DA:801,0
DA:803,0
DA:804,0
DA:806,0
DA:807,0
DA:809,0
DA:811,0
DA:816,0
DA:817,0
DA:818,0
DA:819,0
DA:820,0
DA:821,0
DA:827,0
DA:829,0
DA:834,0
DA:836,0
DA:840,0
DA:841,0
DA:844,0
DA:845,0
DA:846,0
DA:848,0
DA:849,0
DA:851,0
DA:857,0
DA:858,0
DA:859,0
DA:860,0
DA:861,0
DA:864,0
DA:866,0
DA:867,0
DA:868,0
DA:869,0
DA:870,0
DA:872,0
DA:873,0
DA:874,0
DA:878,0
DA:879,0
DA:880,0
DA:881,0
DA:882,0
DA:883,0
DA:888,0
DA:889,0
DA:890,0
DA:891,0
DA:892,0
DA:893,0
DA:897,0
DA:902,0
DA:913,0
DA:914,0
DA:917,0
DA:918,0
DA:919,0
DA:920,0
DA:921,0
DA:922,0
DA:923,0
DA:924,0
DA:925,0
DA:931,0
DA:933,0
DA:934,0
DA:936,0
DA:937,0
DA:948,0
DA:949,0
DA:950,0
DA:951,0
DA:952,0
DA:958,0
DA:960,0
DA:963,0
DA:964,0
DA:965,0
DA:968,0
DA:970,0
DA:977,0
DA:978,0
DA:980,0
DA:981,0
DA:982,0
DA:983,0
DA:984,0
DA:985,0
DA:986,0
DA:991,0
DA:992,0
DA:993,0
DA:1003,0
DA:1006,0
DA:1007,0
DA:1008,0
DA:1009,0
DA:1010,0
DA:1012,0
DA:1013,0
DA:1014,0
DA:1016,0
DA:1017,0
DA:1018,0
DA:1022,0
DA:1023,0
DA:1024,0
DA:1025,0
DA:1027,0
DA:1028,0
DA:1029,0
DA:1031,0
DA:1032,0
DA:1034,0
DA:1038,0
DA:1039,0
DA:1046,0
DA:1047,0
DA:1048,0
DA:1050,0
DA:1051,0
DA:1055,0
DA:1056,0
DA:1057,0
DA:1058,0
DA:1059,0
DA:1060,0
DA:1061,0
DA:1063,0
DA:1065,0
DA:1066,0
DA:1067,0
DA:1070,0
DA:1074,0
DA:1075,0
DA:1076,0
DA:1077,0
DA:1078,0
DA:1079,0
DA:1080,0
DA:1082,0
DA:1085,0
DA:1087,0
DA:1089,0
DA:1090,0
DA:1091,0
DA:1102,0
DA:1104,0
DA:1105,0
DA:1106,0
DA:1108,0
DA:1112,0
DA:1123,0
DA:1124,0
DA:1125,0
DA:1126,0
DA:1127,0
DA:1129,0
DA:1132,0
DA:1133,0
DA:1134,0
DA:1135,0
DA:1136,0
DA:1138,0
DA:1142,0
DA:1143,0
DA:1144,0
DA:1145,0
DA:1147,0
DA:1150,0
DA:1159,0
DA:1160,0
DA:1161,0
DA:1162,0
DA:1163,0
DA:1165,0
DA:1168,0
DA:1169,0
DA:1170,0
DA:1171,0
DA:1173,0
DA:1174,0
DA:1177,0
DA:1178,0
DA:1180,0
DA:1186,0
DA:1187,0
DA:1188,0
DA:1189,0
DA:1191,0
DA:1192,0
DA:1193,0
DA:1195,0
DA:1198,0
DA:1199,0
DA:1202,0
DA:1206,1
LF:571
LH:15
BRDA:35,0,0,0
BRDA:35,0,1,0
BRDA:73,1,0,0
BRDA:73,1,1,0
BRDA:86,2,0,0
BRDA:86,2,1,0
BRDA:96,3,0,0
BRDA:96,3,1,0
BRDA:137,4,0,0
BRDA:137,4,1,0
BRDA:137,5,0,0
BRDA:137,5,1,0
BRDA:138,6,0,0
BRDA:138,6,1,0
BRDA:158,7,0,0
BRDA:158,7,1,0
BRDA:176,8,0,0
BRDA:176,8,1,0
BRDA:187,9,0,0
BRDA:187,9,1,0
BRDA:187,10,0,0
BRDA:187,10,1,0
BRDA:187,10,2,0
BRDA:190,11,0,0
BRDA:190,11,1,0
BRDA:190,12,0,0
BRDA:190,12,1,0
BRDA:191,13,0,0
BRDA:191,13,1,0
BRDA:193,14,0,0
BRDA:193,14,1,0
BRDA:195,15,0,0
BRDA:195,15,1,0
BRDA:195,16,0,0
BRDA:195,16,1,0
BRDA:195,16,2,0
BRDA:198,17,0,0
BRDA:198,17,1,0
BRDA:201,18,0,0
BRDA:201,18,1,0
BRDA:203,19,0,0
BRDA:203,19,1,0
BRDA:203,20,0,0
BRDA:203,20,1,0
BRDA:211,21,0,0
BRDA:211,21,1,0
BRDA:217,22,0,0
BRDA:217,22,1,0
BRDA:217,23,0,0
BRDA:217,23,1,0
BRDA:217,23,2,0
BRDA:217,23,3,0
BRDA:217,23,4,0
BRDA:217,23,5,0
BRDA:219,24,0,0
BRDA:219,24,1,0
BRDA:221,25,0,0
BRDA:221,25,1,0
BRDA:228,26,0,0
BRDA:228,26,1,0
BRDA:229,27,0,0
BRDA:229,27,1,0
BRDA:236,28,0,0
BRDA:236,28,1,0
BRDA:237,29,0,0
BRDA:237,29,1,0
BRDA:237,30,0,0
BRDA:237,30,1,0
BRDA:252,31,0,0
BRDA:252,31,1,0
BRDA:259,32,0,0
BRDA:259,32,1,0
BRDA:262,33,0,0
BRDA:262,33,1,0
BRDA:262,33,2,0
BRDA:264,34,0,0
BRDA:264,34,1,0
BRDA:264,35,0,0
BRDA:264,35,1,0
BRDA:265,36,0,0
BRDA:265,36,1,0
BRDA:271,37,0,0
BRDA:271,37,1,0
BRDA:274,38,0,0
BRDA:274,38,1,0
BRDA:289,39,0,0
BRDA:289,39,1,0
BRDA:306,40,0,0
BRDA:306,40,1,0
BRDA:306,41,0,0
BRDA:306,41,1,0
BRDA:306,41,2,0
BRDA:312,42,0,0
BRDA:312,42,1,0
BRDA:317,43,0,0
BRDA:317,43,1,0
BRDA:321,44,0,0
BRDA:321,44,1,0
BRDA:321,45,0,0
BRDA:321,45,1,0
BRDA:322,46,0,0
BRDA:322,46,1,0
BRDA:323,47,0,0
BRDA:323,47,1,0
BRDA:324,48,0,0
BRDA:324,48,1,0
BRDA:337,49,0,0
BRDA:337,49,1,0
BRDA:337,50,0,0
BRDA:337,50,1,0
BRDA:337,50,2,0
BRDA:338,51,0,0
BRDA:338,51,1,0
BRDA:342,52,0,0
BRDA:342,52,1,0
BRDA:342,53,0,0
BRDA:342,53,1,0
BRDA:343,54,0,0
BRDA:343,54,1,0
BRDA:345,55,0,0
BRDA:345,55,1,0
BRDA:352,56,0,0
BRDA:352,56,1,0
BRDA:352,57,0,0
BRDA:352,57,1,0
BRDA:367,58,0,0
BRDA:367,58,1,0
BRDA:367,59,0,0
BRDA:367,59,1,0
BRDA:368,60,0,0
BRDA:368,60,1,0
BRDA:368,60,2,0
BRDA:371,61,0,0
BRDA:371,61,1,0
BRDA:372,62,0,0
BRDA:372,62,1,0
BRDA:372,62,2,0
BRDA:375,63,0,0
BRDA:375,63,1,0
BRDA:380,64,0,0
BRDA:380,64,1,0
BRDA:381,65,0,0
BRDA:381,65,1,0
BRDA:382,66,0,0
BRDA:382,66,1,0
BRDA:383,67,0,0
BRDA:383,67,1,0
BRDA:383,67,2,0
BRDA:384,68,0,0
BRDA:384,68,1,0
BRDA:401,69,0,0
BRDA:401,69,1,0
BRDA:401,70,0,0
BRDA:401,70,1,0
BRDA:404,71,0,0
BRDA:404,71,1,0
BRDA:404,72,0,0
BRDA:404,72,1,0
BRDA:424,73,0,0
BRDA:424,73,1,0
BRDA:424,74,0,0
BRDA:424,74,1,0
BRDA:427,75,0,0
BRDA:427,75,1,0
BRDA:479,76,0,0
BRDA:479,76,1,0
BRDA:487,77,0,0
BRDA:487,77,1,0
BRDA:491,78,0,0
BRDA:491,78,1,0
BRDA:498,79,0,0
BRDA:498,79,1,0
BRDA:502,80,0,0
BRDA:502,80,1,0
BRDA:502,81,0,0
BRDA:502,81,1,0
BRDA:513,82,0,0
BRDA:513,82,1,0
BRDA:519,83,0,0
BRDA:519,83,1,0
BRDA:521,84,0,0
BRDA:521,84,1,0
BRDA:527,85,0,0
BRDA:527,85,1,0
BRDA:530,86,0,0
BRDA:530,86,1,0
BRDA:536,87,0,0
BRDA:536,87,1,0
BRDA:545,88,0,0
BRDA:545,88,1,0
BRDA:558,89,0,0
BRDA:558,89,1,0
BRDA:565,90,0,0
BRDA:565,90,1,0
BRDA:565,91,0,0
BRDA:565,91,1,0
BRDA:565,91,2,0
BRDA:567,92,0,0
BRDA:567,92,1,0
BRDA:573,93,0,0
BRDA:573,93,1,0
BRDA:591,94,0,0
BRDA:591,94,1,0
BRDA:606,95,0,0
BRDA:606,95,1,0
BRDA:606,96,0,0
BRDA:606,96,1,0
BRDA:606,96,2,0
BRDA:616,97,0,0
BRDA:616,97,1,0
BRDA:618,98,0,0
BRDA:618,98,1,0
BRDA:625,99,0,0
BRDA:625,99,1,0
BRDA:645,100,0,0
BRDA:645,100,1,0
BRDA:647,101,0,0
BRDA:647,101,1,0
BRDA:654,102,0,0
BRDA:654,102,1,0
BRDA:680,103,0,0
BRDA:680,103,1,0
BRDA:680,104,0,0
BRDA:680,104,1,0
BRDA:680,104,2,0
BRDA:680,104,3,0
BRDA:687,105,0,0
BRDA:687,105,1,0
BRDA:704,106,0,0
BRDA:704,106,1,0
BRDA:709,107,0,0
BRDA:709,107,1,0
BRDA:718,108,0,0
BRDA:718,108,1,0
BRDA:719,109,0,0
BRDA:719,109,1,0
BRDA:721,110,0,0
BRDA:721,110,1,0
BRDA:722,111,0,0
BRDA:722,111,1,0
BRDA:724,112,0,0
BRDA:724,112,1,0
BRDA:728,113,0,0
BRDA:728,113,1,0
BRDA:738,114,0,0
BRDA:738,114,1,0
BRDA:744,115,0,0
BRDA:744,115,1,0
BRDA:744,116,0,0
BRDA:744,116,1,0
BRDA:754,117,0,0
BRDA:754,117,1,0
BRDA:755,118,0,0
BRDA:755,118,1,0
BRDA:767,119,0,0
BRDA:767,119,1,0
BRDA:769,120,0,0
BRDA:769,120,1,0
BRDA:793,121,0,0
BRDA:793,121,1,0
BRDA:796,122,0,0
BRDA:796,122,1,0
BRDA:798,123,0,0
BRDA:798,123,1,0
BRDA:800,124,0,0
BRDA:800,124,1,0
BRDA:800,125,0,0
BRDA:800,125,1,0
BRDA:804,126,0,0
BRDA:804,126,1,0
BRDA:806,127,0,0
BRDA:806,127,1,0
BRDA:811,128,0,0
BRDA:811,128,1,0
BRDA:819,129,0,0
BRDA:819,129,1,0
BRDA:820,130,0,0
BRDA:820,130,1,0
BRDA:824,131,0,0
BRDA:824,131,1,0
BRDA:827,132,0,0
BRDA:827,132,1,0
BRDA:829,133,0,0
BRDA:829,133,1,0
BRDA:829,134,0,0
BRDA:829,134,1,0
BRDA:834,135,0,0
BRDA:834,135,1,0
BRDA:840,136,0,0
BRDA:840,136,1,0
BRDA:840,137,0,0
BRDA:840,137,1,0
BRDA:840,137,2,0
BRDA:840,137,3,0
BRDA:840,137,4,0
BRDA:845,138,0,0
BRDA:845,138,1,0
BRDA:848,139,0,0
BRDA:848,139,1,0
BRDA:859,140,0,0
BRDA:859,140,1,0
BRDA:859,141,0,0
BRDA:859,141,1,0
BRDA:859,141,2,0
BRDA:860,142,0,0
BRDA:860,142,1,0
BRDA:861,143,0,0
BRDA:861,143,1,0
BRDA:878,144,0,0
BRDA:878,144,1,0
BRDA:878,145,0,0
BRDA:878,145,1,0
BRDA:882,146,0,0
BRDA:882,146,1,0
BRDA:882,147,0,0
BRDA:882,147,1,0
BRDA:899,148,0,0
BRDA:899,148,1,0
BRDA:913,149,0,0
BRDA:913,149,1,0
BRDA:920,150,0,0
BRDA:920,150,1,0
BRDA:920,151,0,0
BRDA:920,151,1,0
BRDA:922,152,0,0
BRDA:922,152,1,0
BRDA:923,153,0,0
BRDA:923,153,1,0
BRDA:924,154,0,0
BRDA:924,154,1,0
BRDA:924,155,0,0
BRDA:924,155,1,0
BRDA:931,156,0,0
BRDA:931,156,1,0
BRDA:950,157,0,0
BRDA:950,157,1,0
BRDA:951,158,0,0
BRDA:951,158,1,0
BRDA:985,159,0,0
BRDA:985,159,1,0
BRDA:1007,160,0,0
BRDA:1007,160,1,0
BRDA:1008,161,0,0
BRDA:1008,161,1,0
BRDA:1012,162,0,0
BRDA:1012,162,1,0
BRDA:1014,163,0,0
BRDA:1014,163,1,0
BRDA:1016,164,0,0
BRDA:1016,164,1,0
BRDA:1022,165,0,0
BRDA:1022,165,1,0
BRDA:1024,166,0,0
BRDA:1024,166,1,0
BRDA:1028,167,0,0
BRDA:1028,167,1,0
BRDA:1029,168,0,0
BRDA:1029,168,1,0
BRDA:1031,169,0,0
BRDA:1031,169,1,0
BRDA:1032,170,0,0
BRDA:1032,170,1,0
BRDA:1034,171,0,0
BRDA:1034,171,1,0
BRDA:1038,172,0,0
BRDA:1038,172,1,0
BRDA:1046,173,0,0
BRDA:1046,173,1,0
BRDA:1046,174,0,0
BRDA:1046,174,1,0
BRDA:1046,174,2,0
BRDA:1047,175,0,0
BRDA:1047,175,1,0
BRDA:1050,176,0,0
BRDA:1050,176,1,0
BRDA:1060,177,0,0
BRDA:1060,177,1,0
BRDA:1079,178,0,0
BRDA:1079,178,1,0
BRDA:1105,179,0,0
BRDA:1105,179,1,0
BRDA:1105,180,0,0
BRDA:1105,180,1,0
BRDA:1126,181,0,0
BRDA:1126,181,1,0
BRDA:1127,182,0,0
BRDA:1127,182,1,0
BRDA:1127,183,0,0
BRDA:1127,183,1,0
BRDA:1129,184,0,0
BRDA:1129,184,1,0
BRDA:1129,185,0,0
BRDA:1129,185,1,0
BRDA:1160,186,0,0
BRDA:1160,186,1,0
BRDA:1160,187,0,0
BRDA:1160,187,1,0
BRDA:1162,188,0,0
BRDA:1162,188,1,0
BRDA:1169,189,0,0
BRDA:1169,189,1,0
BRDA:1170,190,0,0
BRDA:1170,190,1,0
BRDA:1178,191,0,0
BRDA:1178,191,1,0
BRDA:1192,192,0,0
BRDA:1192,192,1,0
BRF:407
BRH:0
end_of_record
TN:
SF:data_layer/SearchByConditionsObject.js
FN:18,(anonymous_0)
FN:36,(anonymous_1)
FN:49,(anonymous_2)
FNF:3
FNH:0
FNDA:0,(anonymous_0)
FNDA:0,(anonymous_1)
FNDA:0,(anonymous_2)
DA:2,1
DA:19,0
DA:20,0
DA:21,0
DA:22,0
DA:23,0
DA:24,0
DA:25,0
DA:37,0
DA:38,0
DA:39,0
DA:50,0
DA:51,0
DA:55,1
LF:14
LH:2
BRDA:18,0,0,0
BRDA:18,1,0,0
BRDA:18,2,0,0
BRF:3
BRH:0
end_of_record
TN:
SF:data_layer/SearchByHashObject.js
FN:13,(anonymous_0)
FNF:1
FNH:0
FNDA:0,(anonymous_0)
DA:14,0
DA:15,0
DA:16,0
DA:17,0
DA:21,1
LF:5
LH:1
BRF:0
BRH:0
end_of_record
TN:
SF:data_layer/SearchObject.js
FN:20,(anonymous_0)
FNF:1
FNH:0
FNDA:0,(anonymous_0)
DA:21,0
DA:22,0
DA:23,0
DA:24,0
DA:25,0
DA:26,0
DA:27,0
DA:28,0
DA:29,0
DA:30,0
DA:34,27
LF:11
LH:1
BRDA:20,0,0,0
BRDA:20,1,0,0
BRDA:20,2,0,0
BRF:3
BRH:0
end_of_record
TN:
SF:data_layer/SqlSearchObject.js
FN:7,(anonymous_0)
FNF:1
FNH:0
FNDA:0,(anonymous_0)
DA:8,0
DA:9,0
DA:10,0
DA:14,1
LF:4
LH:1
BRF:0
BRH:0
end_of_record
TN:
SF:data_layer/UpdateObject.js
FN:14,(anonymous_0)
FNF:1
FNH:0
FNDA:0,(anonymous_0)
DA:2,1
DA:15,0
DA:16,0
DA:17,0
DA:18,0
DA:19,0
DA:23,1
LF:7
LH:2
BRDA:14,0,0,0
BRF:1
BRH:0
end_of_record
TN:
SF:data_layer/bulkLoad.js
FN:58,csvDataLoad
FN:107,csvURLLoad
FN:145,csvFileLoad
FN:170,importFromS3
FN:205,downloadCSVFile
FN:225,downloadFileFromS3
FN:233,(anonymous_6)
FN:234,(anonymous_7)
FN:239,(anonymous_8)
FN:242,(anonymous_9)
FN:260,writeFileToTempFolder
FN:276,deleteTempFile
FN:292,validateURLResponse
FN:315,fileLoad
FN:352,validateChunk
FN:397,insertChunk
FN:411,(anonymous_16)
FN:418,(anonymous_17)
FN:419,(anonymous_18)
FN:458,callPapaParse
FN:487,insertJson
FN:494,(anonymous_21)
FN:503,(anonymous_22)
FN:505,(anonymous_23)
FN:510,(anonymous_24)
FN:511,(anonymous_25)
FN:529,(anonymous_26)
FN:531,(anonymous_27)
FN:536,(anonymous_28)
FN:537,(anonymous_29)
FN:553,callBulkFileLoad
FN:574,validateColumnNames
FN:592,bulkFileLoad
FN:664,postCSVLoadFunction
FN:707,buildResponseMsg
FN:719,buildTopLevelErrMsg
FNF:36
FNH:0
FNDA:0,csvDataLoad
FNDA:0,csvURLLoad
FNDA:0,csvFileLoad
FNDA:0,importFromS3
FNDA:0,downloadCSVFile
FNDA:0,downloadFileFromS3
FNDA:0,(anonymous_6)
FNDA:0,(anonymous_7)
FNDA:0,(anonymous_8)
FNDA:0,(anonymous_9)
FNDA:0,writeFileToTempFolder
FNDA:0,deleteTempFile
FNDA:0,validateURLResponse
FNDA:0,fileLoad
FNDA:0,validateChunk
FNDA:0,insertChunk
FNDA:0,(anonymous_16)
FNDA:0,(anonymous_17)
FNDA:0,(anonymous_18)
FNDA:0,callPapaParse
FNDA:0,insertJson
FNDA:0,(anonymous_21)
FNDA:0,(anonymous_22)
FNDA:0,(anonymous_23)
FNDA:0,(anonymous_24)
FNDA:0,(anonymous_25)
FNDA:0,(anonymous_26)
FNDA:0,(anonymous_27)
FNDA:0,(anonymous_28)
FNDA:0,(anonymous_29)
FNDA:0,callBulkFileLoad
FNDA:0,validateColumnNames
FNDA:0,bulkFileLoad
FNDA:0,postCSVLoadFunction
FNDA:0,buildResponseMsg
FNDA:0,buildTopLevelErrMsg
DA:3,1
DA:4,1
DA:5,1
DA:6,1
DA:7,1
DA:8,1
DA:9,1
DA:10,1
DA:11,1
DA:12,1
DA:13,1
DA:14,1
DA:15,1
DA:16,1
DA:17,1
DA:18,1
DA:19,1
DA:20,1
DA:21,1
DA:22,1
DA:23,1
DA:24,1
DA:25,1
DA:26,1
DA:27,1
DA:29,1
DA:30,1
DA:31,1
DA:32,1
DA:33,1
DA:35,1
DA:42,1
DA:59,0
DA:60,0
DA:61,0
DA:64,0
DA:65,0
DA:66,0
DA:73,0
DA:75,0
DA:76,0
DA:80,0
DA:81,0
DA:82,0
DA:85,0
DA:88,0
DA:91,0
DA:92,0
DA:95,0
DA:97,0
DA:108,0
DA:109,0
DA:110,0
DA:113,0
DA:114,0
DA:116,0
DA:117,0
DA:119,0
DA:120,0
DA:123,0
DA:124,0
DA:127,0
DA:130,0
DA:132,0
DA:134,0
DA:135,0
DA:146,0
DA:147,0
DA:148,0
DA:151,0
DA:154,0
DA:155,0
DA:157,0
DA:159,0
DA:171,0
DA:172,0
DA:173,0
DA:177,0
DA:178,0
DA:179,0
DA:180,0
DA:182,0
DA:185,0
DA:187,0
DA:190,0
DA:192,0
DA:194,0
DA:195,0
DA:207,0
DA:208,0
DA:210,0
DA:211,0
DA:214,0
DA:216,0
DA:226,0
DA:227,0
DA:228,0
DA:229,0
DA:230,0
DA:231,0
DA:233,0
DA:234,0
DA:235,0
DA:238,0
DA:240,0
DA:243,0
DA:244,0
DA:248,0
DA:249,0
DA:261,0
DA:262,0
DA:263,0
DA:265,0
DA:266,0
DA:277,0
DA:278,0
DA:279,0
DA:280,0
DA:282,0
DA:293,0
DA:294,0
DA:297,0
DA:298,0
DA:301,0
DA:302,0
DA:316,0
DA:319,0
DA:321,0
DA:322,0
DA:324,0
DA:325,0
DA:328,0
DA:337,0
DA:339,0
DA:353,0
DA:354,0
DA:355,0
DA:359,0
DA:360,0
DA:362,0
DA:369,0
DA:370,0
DA:371,0
DA:372,0
DA:376,0
DA:377,0
DA:382,0
DA:383,0
DA:398,0
DA:399,0
DA:400,0
DA:404,0
DA:405,0
DA:408,0
DA:410,0
DA:411,0
DA:412,0
DA:413,0
DA:417,0
DA:418,0
DA:419,0
DA:421,0
DA:424,0
DA:425,0
DA:432,0
DA:434,0
DA:435,0
DA:436,0
DA:437,0
DA:442,0
DA:444,0
DA:460,0
DA:465,0
DA:466,0
DA:467,0
DA:468,0
DA:469,0
DA:471,0
DA:472,0
DA:473,0
DA:476,0
DA:477,0
DA:478,0
DA:479,0
DA:481,0
DA:483,0
DA:489,0
DA:494,0
DA:495,0
DA:498,0
DA:499,0
DA:500,0
DA:503,0
DA:506,0
DA:510,0
DA:511,0
DA:512,0
DA:513,0
DA:515,0
DA:518,0
DA:521,0
DA:522,0
DA:523,0
DA:526,0
DA:529,0
DA:532,0
DA:536,0
DA:537,0
DA:538,0
DA:539,0
DA:541,0
DA:544,0
DA:547,0
DA:549,0
DA:554,0
DA:555,0
DA:556,0
DA:557,0
DA:559,0
DA:560,0
DA:563,0
DA:565,0
DA:575,0
DA:576,0
DA:577,0
DA:578,0
DA:581,0
DA:593,0
DA:594,0
DA:597,0
DA:605,0
DA:607,0
DA:608,0
DA:610,0
DA:611,0
DA:613,0
DA:614,0
DA:616,0
DA:620,0
DA:621,0
DA:624,0
DA:626,0
DA:627,0
DA:629,0
DA:630,0
DA:632,0
DA:633,0
DA:636,0
DA:639,0
DA:640,0
DA:641,0
DA:643,0
DA:644,0
DA:645,0
DA:646,0
DA:651,0
DA:652,0
DA:658,0
DA:660,0
DA:665,0
DA:666,0
DA:668,0
DA:669,0
DA:670,0
DA:671,0
DA:674,0
DA:675,0
DA:678,0
DA:685,0
DA:693,0
DA:694,0
DA:696,0
DA:698,0
DA:699,0
DA:708,0
DA:720,0
LF:276
LH:32
BRDA:60,0,0,0
BRDA:60,0,1,0
BRDA:75,1,0,0
BRDA:75,1,1,0
BRDA:75,2,0,0
BRDA:75,2,1,0
BRDA:75,2,2,0
BRDA:75,2,3,0
BRDA:81,3,0,0
BRDA:81,3,1,0
BRDA:91,4,0,0
BRDA:91,4,1,0
BRDA:109,5,0,0
BRDA:109,5,1,0
BRDA:147,6,0,0
BRDA:147,6,1,0
BRDA:172,7,0,0
BRDA:172,7,1,0
BRDA:277,8,0,0
BRDA:277,8,1,0
BRDA:293,9,0,0
BRDA:293,9,1,0
BRDA:297,10,0,0
BRDA:297,10,1,0
BRDA:301,11,0,0
BRDA:301,11,1,0
BRDA:319,12,0,0
BRDA:319,12,1,0
BRDA:319,12,2,0
BRDA:353,13,0,0
BRDA:353,13,1,0
BRDA:354,14,0,0
BRDA:354,14,1,0
BRDA:359,15,0,0
BRDA:359,15,1,0
BRDA:371,16,0,0
BRDA:371,16,1,0
BRDA:371,17,0,0
BRDA:371,17,1,0
BRDA:376,18,0,0
BRDA:376,18,1,0
BRDA:398,19,0,0
BRDA:398,19,1,0
BRDA:399,20,0,0
BRDA:399,20,1,0
BRDA:404,21,0,0
BRDA:404,21,1,0
BRDA:408,22,0,0
BRDA:408,22,1,0
BRDA:410,23,0,0
BRDA:410,23,1,0
BRDA:412,24,0,0
BRDA:412,24,1,0
BRDA:412,25,0,0
BRDA:412,25,1,0
BRDA:436,26,0,0
BRDA:436,26,1,0
BRDA:472,27,0,0
BRDA:472,27,1,0
BRDA:512,28,0,0
BRDA:512,28,1,0
BRDA:522,29,0,0
BRDA:522,29,1,0
BRDA:538,30,0,0
BRDA:538,30,1,0
BRDA:556,31,0,0
BRDA:556,31,1,0
BRDA:556,32,0,0
BRDA:556,32,1,0
BRDA:556,32,2,0
BRDA:577,33,0,0
BRDA:577,33,1,0
BRDA:593,34,0,0
BRDA:593,34,1,0
BRDA:605,35,0,0
BRDA:605,35,1,0
BRDA:605,35,2,0
BRDA:605,35,3,0
BRDA:624,36,0,0
BRDA:624,36,1,0
BRDA:624,36,2,0
BRDA:624,36,3,0
BRDA:639,37,0,0
BRDA:639,37,1,0
BRDA:639,38,0,0
BRDA:639,38,1,0
BRDA:645,39,0,0
BRDA:645,39,1,0
BRDA:651,40,0,0
BRDA:651,40,1,0
BRDA:668,41,0,0
BRDA:668,41,1,0
BRDA:674,42,0,0
BRDA:674,42,1,0
BRDA:687,43,0,0
BRDA:687,43,1,0
BRDA:693,44,0,0
BRDA:693,44,1,0
BRF:98
BRH:0
end_of_record
TN:
SF:data_layer/delete.js
FN:34,deleteFilesBefore
FN:74,deleteTransactionLogsBefore
FN:113,deleteRecord
FNF:3
FNH:1
FNDA:0,deleteFilesBefore
FNDA:1,deleteTransactionLogsBefore
FNDA:0,deleteRecord
DA:3,1
DA:4,1
DA:5,1
DA:6,1
DA:7,1
DA:8,1
DA:9,1
DA:10,1
DA:11,1
DA:12,1
DA:13,1
DA:15,1
DA:18,1
DA:20,1
DA:35,0
DA:36,0
DA:39,0
DA:40,0
DA:41,0
DA:44,0
DA:45,0
DA:48,0
DA:49,0
DA:52,0
DA:53,0
DA:54,0
DA:57,0
DA:58,0
DA:59,0
DA:60,0
DA:61,0
DA:62,0
DA:65,0
DA:75,1
DA:76,1
DA:80,0
DA:81,0
DA:84,0
DA:85,0
DA:88,0
DA:89,0
DA:92,0
DA:93,0
DA:94,0
DA:97,0
DA:98,0
DA:99,0
DA:100,0
DA:102,0
DA:104,0
DA:114,0
DA:115,0
DA:116,0
DA:119,0
DA:120,0
DA:121,0
DA:124,0
DA:125,0
DA:126,0
DA:128,0
DA:129,0
DA:131,0
DA:133,0
DA:134,0
DA:135,0
DA:136,0
DA:137,0
DA:138,0
DA:141,0
LF:69
LH:16
BRDA:35,0,0,0
BRDA:35,0,1,0
BRDA:40,1,0,0
BRDA:40,1,1,0
BRDA:44,2,0,0
BRDA:44,2,1,0
BRDA:48,3,0,0
BRDA:48,3,1,0
BRDA:53,4,0,0
BRDA:53,4,1,0
BRDA:61,5,0,0
BRDA:61,5,1,0
BRDA:61,6,0,0
BRDA:61,6,1,0
BRDA:75,7,0,1
BRDA:75,7,1,0
BRDA:80,8,0,0
BRDA:80,8,1,0
BRDA:84,9,0,0
BRDA:84,9,1,0
BRDA:88,10,0,0
BRDA:88,10,1,0
BRDA:93,11,0,0
BRDA:93,11,1,0
BRDA:115,12,0,0
BRDA:115,12,1,0
BRDA:120,13,0,0
BRDA:120,13,1,0
BRDA:128,14,0,0
BRDA:128,14,1,0
BRDA:133,15,0,0
BRDA:133,15,1,0
BRF:32
BRH:1
end_of_record
TN:
SF:data_layer/export.js
FN:44,export_local
FN:80,confirmPath
FN:114,saveToLocal
FN:182,export_to_s3
FN:230,(anonymous_4)
FN:240,(anonymous_5)
FN:285,exportCoreValidation
FN:309,getRecords
FNF:8
FNH:0
FNDA:0,export_local
FNDA:0,confirmPath
FNDA:0,saveToLocal
FNDA:0,export_to_s3
FNDA:0,(anonymous_4)
FNDA:0,(anonymous_5)
FNDA:0,exportCoreValidation
FNDA:0,getRecords
DA:3,1
DA:4,1
DA:5,1
DA:6,1
DA:7,1
DA:8,1
DA:9,1
DA:10,1
DA:11,1
DA:12,1
DA:13,1
DA:14,1
DA:15,1
DA:16,1
DA:18,1
DA:19,1
DA:20,1
DA:21,1
DA:22,1
DA:23,1
DA:25,1
DA:26,1
DA:29,1
DA:30,1
DA:31,1
DA:32,1
DA:34,1
DA:45,0
DA:46,0
DA:47,0
DA:48,0
DA:49,0
DA:52,0
DA:53,0
DA:54,0
DA:58,0
DA:61,0
DA:62,0
DA:65,0
DA:66,0
DA:67,0
DA:68,0
DA:69,0
DA:71,0
DA:72,0
DA:81,0
DA:82,0
DA:83,0
DA:85,0
DA:86,0
DA:87,0
DA:90,0
DA:91,0
DA:92,0
DA:93,0
DA:95,0
DA:97,0
DA:98,0
DA:100,0
DA:101,0
DA:102,0
DA:103,0
DA:105,0
DA:115,0
DA:116,0
DA:117,0
DA:119,0
DA:120,0
DA:122,0
DA:123,0
DA:127,0
DA:129,0
DA:130,0
DA:132,0
DA:133,0
DA:134,0
DA:135,0
DA:136,0
DA:138,0
DA:139,0
DA:141,0
DA:145,0
DA:150,0
DA:151,0
DA:154,0
DA:155,0
DA:157,0
DA:159,0
DA:161,0
DA:163,0
DA:164,0
DA:165,0
DA:167,0
DA:168,0
DA:169,0
DA:171,0
DA:174,0
DA:183,0
DA:184,0
DA:187,0
DA:188,0
DA:191,0
DA:192,0
DA:195,0
DA:196,0
DA:199,0
DA:200,0
DA:203,0
DA:204,0
DA:205,0
DA:207,0
DA:210,0
DA:211,0
DA:213,0
DA:214,0
DA:217,0
DA:218,0
DA:220,0
DA:222,0
DA:223,0
DA:225,0
DA:226,0
DA:227,0
DA:229,0
DA:230,0
DA:232,0
DA:234,0
DA:235,0
DA:237,0
DA:239,0
DA:240,0
DA:242,0
DA:243,0
DA:244,0
DA:246,0
DA:247,0
DA:248,0
DA:250,0
DA:252,0
DA:254,0
DA:259,0
DA:260,0
DA:263,0
DA:265,0
DA:267,0
DA:270,0
DA:272,0
DA:274,0
DA:275,0
DA:277,0
DA:286,0
DA:287,0
DA:288,0
DA:291,0
DA:292,0
DA:295,0
DA:296,0
DA:297,0
DA:300,0
DA:301,0
DA:310,0
DA:312,0
DA:313,0
DA:314,0
DA:316,0
DA:318,0
DA:319,0
DA:321,0
DA:322,0
DA:324,0
DA:325,0
DA:327,0
DA:328,0
DA:329,0
DA:333,0
DA:335,0
DA:336,0
DA:338,0
DA:339,0
LF:179
LH:27
BRDA:47,0,0,0
BRDA:47,0,1,0
BRDA:52,1,0,0
BRDA:52,1,1,0
BRDA:58,2,0,0
BRDA:58,2,1,0
BRDA:61,3,0,0
BRDA:61,3,1,0
BRDA:82,4,0,0
BRDA:82,4,1,0
BRDA:90,5,0,0
BRDA:90,5,1,0
BRDA:92,6,0,0
BRDA:92,6,1,0
BRDA:100,7,0,0
BRDA:100,7,1,0
BRDA:116,8,0,0
BRDA:116,8,1,0
BRDA:119,9,0,0
BRDA:119,9,1,0
BRDA:122,10,0,0
BRDA:122,10,1,0
BRDA:129,11,0,0
BRDA:129,11,1,0
BRDA:135,12,0,0
BRDA:135,12,1,0
BRDA:138,13,0,0
BRDA:138,13,1,0
BRDA:138,14,0,0
BRDA:138,14,1,0
BRDA:139,15,0,0
BRDA:139,15,1,0
BRDA:150,16,0,0
BRDA:150,16,1,0
BRDA:161,17,0,0
BRDA:161,17,1,0
BRDA:183,18,0,0
BRDA:183,18,1,0
BRDA:183,19,0,0
BRDA:183,19,1,0
BRDA:187,20,0,0
BRDA:187,20,1,0
BRDA:191,21,0,0
BRDA:191,21,1,0
BRDA:195,22,0,0
BRDA:195,22,1,0
BRDA:199,23,0,0
BRDA:199,23,1,0
BRDA:204,24,0,0
BRDA:204,24,1,0
BRDA:222,25,0,0
BRDA:222,25,1,0
BRDA:234,26,0,0
BRDA:234,26,1,0
BRDA:247,27,0,0
BRDA:247,27,1,0
BRDA:250,28,0,0
BRDA:250,28,1,0
BRDA:250,29,0,0
BRDA:250,29,1,0
BRDA:259,30,0,0
BRDA:259,30,1,0
BRDA:287,31,0,0
BRDA:287,31,1,0
BRDA:291,32,0,0
BRDA:291,32,1,0
BRDA:296,33,0,0
BRDA:296,33,1,0
BRDA:300,34,0,0
BRDA:300,34,1,0
BRDA:313,35,0,0
BRDA:313,35,1,0
BRDA:313,36,0,0
BRDA:313,36,1,0
BRDA:316,37,0,0
BRDA:316,37,1,0
BRDA:316,37,2,0
BRDA:316,37,3,0
BRF:78
BRH:0
end_of_record
TN:
SF:data_layer/insert.js
FN:40,validation
FN:75,(anonymous_1)
FN:118,insertData
FN:146,updateData
FN:177,upsertData
FN:213,returnObject
FNF:6
FNH:0
FNDA:0,validation
FNDA:0,(anonymous_1)
FNDA:0,insertData
FNDA:0,updateData
FNDA:0,upsertData
FNDA:0,returnObject
DA:9,1
DA:10,1
DA:11,1
DA:13,1
DA:14,1
DA:15,1
DA:16,1
DA:17,1
DA:19,1
DA:21,1
DA:22,1
DA:23,1
DA:25,1
DA:44,0
DA:45,0
DA:47,0
DA:48,0
DA:50,0
DA:51,0
DA:54,0
DA:57,0
DA:58,0
DA:59,0
DA:62,0
DA:63,0
DA:66,0
DA:67,0
DA:68,0
DA:70,0
DA:71,0
DA:72,0
DA:75,0
DA:77,0
DA:78,0
DA:79,0
DA:82,0
DA:83,0
DA:84,0
DA:87,0
DA:88,0
DA:91,0
DA:93,0
DA:94,0
DA:99,0
DA:101,0
DA:119,0
DA:120,0
DA:123,0
DA:124,0
DA:125,0
DA:128,0
DA:129,0
DA:130,0
DA:133,0
DA:134,0
DA:136,0
DA:138,0
DA:147,0
DA:148,0
DA:151,0
DA:152,0
DA:153,0
DA:156,0
DA:157,0
DA:158,0
DA:161,0
DA:162,0
DA:163,0
DA:164,0
DA:167,0
DA:169,0
DA:178,0
DA:179,0
DA:182,0
DA:183,0
DA:184,0
DA:187,0
DA:188,0
DA:189,0
DA:192,0
DA:193,0
DA:195,0
DA:197,0
DA:198,0
DA:214,0
DA:220,0
DA:221,0
DA:222,0
DA:223,0
DA:226,0
DA:227,0
DA:228,0
DA:231,0
DA:232,0
DA:233,0
LF:95
LH:13
BRDA:44,0,0,0
BRDA:44,0,1,0
BRDA:47,1,0,0
BRDA:47,1,1,0
BRDA:50,2,0,0
BRDA:50,2,1,0
BRDA:58,3,0,0
BRDA:58,3,1,0
BRDA:62,4,0,0
BRDA:62,4,1,0
BRDA:71,5,0,0
BRDA:71,5,1,0
BRDA:77,6,0,0
BRDA:77,6,1,0
BRDA:77,7,0,0
BRDA:77,7,1,0
BRDA:82,8,0,0
BRDA:82,8,1,0
BRDA:82,9,0,0
BRDA:82,9,1,0
BRDA:82,9,2,0
BRDA:87,10,0,0
BRDA:87,10,1,0
BRDA:87,11,0,0
BRDA:87,11,1,0
BRDA:87,11,2,0
BRDA:119,12,0,0
BRDA:119,12,1,0
BRDA:124,13,0,0
BRDA:124,13,1,0
BRDA:129,14,0,0
BRDA:129,14,1,0
BRDA:147,15,0,0
BRDA:147,15,1,0
BRDA:152,16,0,0
BRDA:152,16,1,0
BRDA:157,17,0,0
BRDA:157,17,1,0
BRDA:163,18,0,0
BRDA:163,18,1,0
BRDA:178,19,0,0
BRDA:178,19,1,0
BRDA:183,20,0,0
BRDA:183,20,1,0
BRDA:188,21,0,0
BRDA:188,21,1,0
BRDA:220,22,0,0
BRDA:220,22,1,0
BRDA:226,23,0,0
BRDA:226,23,1,0
BRF:50
BRH:0
end_of_record
TN:
SF:data_layer/readTransactionLog.js
FN:19,readTransactionLog
FNF:1
FNH:0
FNDA:0,readTransactionLog
DA:3,1
DA:5,1
DA:6,1
DA:7,1
DA:8,1
DA:10,1
DA:12,1
DA:20,0
DA:21,0
DA:24,0
DA:25,0
DA:29,0
DA:30,0
DA:31,0
DA:34,0
DA:35,0
DA:38,0
LF:17
LH:7
BRDA:20,0,0,0
BRDA:20,0,1,0
BRDA:24,1,0,0
BRDA:24,1,1,0
BRDA:30,2,0,0
BRDA:30,2,1,0
BRDA:34,3,0,0
BRDA:34,3,1,0
BRDA:34,4,0,0
BRDA:34,4,1,0
BRF:10
BRH:0
end_of_record
TN:
SF:data_layer/schema.js
FN:29,createSchema
FN:43,createSchemaStructure
FN:62,createTable
FN:75,createTableStructure
FN:119,dropSchema
FN:149,dropTable
FN:183,dropAttribute
FN:222,dropAttributeFromGlobal
FN:232,createAttribute
FNF:9
FNH:0
FNDA:0,createSchema
FNDA:0,createSchemaStructure
FNDA:0,createTable
FNDA:0,createTableStructure
FNDA:0,dropSchema
FNDA:0,dropTable
FNDA:0,dropAttribute
FNDA:0,dropAttributeFromGlobal
FNDA:0,createAttribute
DA:3,1
DA:4,1
DA:5,1
DA:6,1
DA:7,1
DA:8,1
DA:9,1
DA:10,1
DA:11,1
DA:12,1
DA:13,1
DA:16,1
DA:30,0
DA:31,0
DA:33,0
DA:34,0
DA:35,0
DA:37,0
DA:39,0
DA:44,0
DA:45,0
DA:46,0
DA:49,0
DA:50,0
DA:53,0
DA:54,0
DA:56,0
DA:58,0
DA:63,0
DA:64,0
DA:65,0
DA:66,0
DA:67,0
DA:69,0
DA:71,0
DA:76,0
DA:77,0
DA:78,0
DA:79,0
DA:82,0
DA:84,0
DA:85,0
DA:86,0
DA:89,0
DA:90,0
DA:91,0
DA:94,0
DA:101,0
DA:102,0
DA:103,0
DA:104,0
DA:105,0
DA:107,0
DA:110,0
DA:113,0
DA:115,0
DA:120,0
DA:121,0
DA:122,0
DA:125,0
DA:126,0
DA:127,0
DA:131,0
DA:132,0
DA:134,0
DA:135,0
DA:137,0
DA:138,0
DA:139,0
DA:140,0
DA:141,0
DA:143,0
DA:145,0
DA:150,0
DA:151,0
DA:152,0
DA:155,0
DA:156,0
DA:157,0
DA:161,0
DA:162,0
DA:164,0
DA:165,0
DA:167,0
DA:168,0
DA:169,0
DA:170,0
DA:172,0
DA:174,0
DA:184,0
DA:185,0
DA:186,0
DA:189,0
DA:190,0
DA:191,0
DA:194,0
DA:195,0
DA:198,0
DA:199,0
DA:202,0
DA:203,0
DA:204,0
DA:207,0
DA:208,0
DA:209,0
DA:211,0
DA:213,0
DA:214,0
DA:223,0
DA:225,0
DA:226,0
DA:227,0
DA:233,0
DA:234,0
DA:237,0
DA:238,0
DA:241,0
DA:242,0
DA:244,0
DA:245,0
DA:246,0
DA:248,0
DA:250,0
DA:251,0
LF:124
LH:12
BRDA:45,0,0,0
BRDA:45,0,1,0
BRDA:49,1,0,0
BRDA:49,1,1,0
BRDA:78,2,0,0
BRDA:78,2,1,0
BRDA:85,3,0,0
BRDA:85,3,1,0
BRDA:90,4,0,0
BRDA:90,4,1,0
BRDA:102,5,0,0
BRDA:102,5,1,0
BRDA:103,6,0,0
BRDA:103,6,1,0
BRDA:121,7,0,0
BRDA:121,7,1,0
BRDA:126,8,0,0
BRDA:126,8,1,0
BRDA:151,9,0,0
BRDA:151,9,1,0
BRDA:156,10,0,0
BRDA:156,10,1,0
BRDA:185,11,0,0
BRDA:185,11,1,0
BRDA:190,12,0,0
BRDA:190,12,1,0
BRDA:194,13,0,0
BRDA:194,13,1,0
BRDA:198,14,0,0
BRDA:198,14,1,0
BRDA:226,15,0,0
BRDA:226,15,1,0
BRDA:233,16,0,0
BRDA:233,16,1,0
BRDA:237,17,0,0
BRDA:237,17,1,0
BRF:36
BRH:0
end_of_record
TN:
SF:data_layer/schemaDescribe.js
FN:43,describeAll
FN:150,descTable
FN:207,(anonymous_2)
FN:240,getAttrsByPerms
FN:241,(anonymous_4)
FN:255,describeSchema
FN:296,(anonymous_6)
FNF:7
FNH:3
FNDA:1,describeAll
FNDA:1,descTable
FNDA:3,(anonymous_2)
FNDA:0,getAttrsByPerms
FNDA:0,(anonymous_4)
FNDA:0,describeSchema
FNDA:0,(anonymous_6)
DA:4,1
DA:5,1
DA:6,1
DA:7,1
DA:8,1
DA:9,1
DA:10,1
DA:11,1
DA:12,1
DA:13,1
DA:14,1
DA:15,1
DA:16,0
DA:18,1
DA:19,1
DA:22,1
DA:23,1
DA:25,1
DA:26,1
DA:27,1
DA:28,1
DA:29,1
DA:31,1
DA:44,1
DA:45,1
DA:48,1
DA:49,0
DA:50,0
DA:53,1
DA:54,1
DA:55,1
DA:56,1
DA:57,1
DA:58,1
DA:59,1
DA:61,1
DA:62,0
DA:65,1
DA:66,1
DA:67,1
DA:68,1
DA:69,1
DA:70,0
DA:74,1
DA:75,1
DA:76,1
DA:77,1
DA:78,1
DA:79,1
DA:81,1
DA:83,1
DA:84,1
DA:85,1
DA:87,1
DA:88,1
DA:89,0
DA:90,0
DA:91,0
DA:93,1
DA:94,1
DA:97,0
DA:101,1
DA:102,1
DA:103,1
DA:104,1
DA:105,1
DA:108,1
DA:109,1
DA:110,1
DA:112,0
DA:113,0
DA:114,0
DA:117,0
DA:118,0
DA:119,0
DA:125,1
DA:126,0
DA:127,0
DA:128,0
DA:129,0
DA:132,1
DA:134,0
DA:135,0
DA:136,0
DA:151,1
DA:152,1
DA:156,1
DA:157,0
DA:160,1
DA:161,1
DA:162,1
DA:163,0
DA:165,1
DA:166,0
DA:169,1
DA:170,1
DA:171,1
DA:172,1
DA:173,1
DA:174,1
DA:175,1
DA:176,1
DA:178,1
DA:180,1
DA:181,0
DA:185,1
DA:187,1
DA:188,1
DA:189,1
DA:190,0
DA:192,1
DA:194,1
DA:195,0
DA:198,1
DA:199,1
DA:200,1
DA:201,1
DA:202,1
DA:203,1
DA:204,1
DA:206,1
DA:207,3
DA:209,1
DA:210,0
DA:213,1
DA:215,1
DA:216,1
DA:217,1
DA:218,1
DA:219,1
DA:220,1
DA:222,0
DA:227,0
DA:228,0
DA:231,1
DA:241,0
DA:242,0
DA:243,0
DA:245,0
DA:256,0
DA:257,0
DA:258,0
DA:263,0
DA:264,0
DA:267,0
DA:268,0
DA:269,0
DA:270,0
DA:271,0
DA:272,0
DA:273,0
DA:274,0
DA:276,0
DA:278,0
DA:279,0
DA:280,0
DA:281,0
DA:282,0
DA:283,0
DA:284,0
DA:286,0
DA:287,0
DA:288,0
DA:291,0
DA:294,0
DA:295,0
DA:297,0
DA:299,0
DA:300,0
DA:302,0
DA:303,0
DA:304,0
DA:305,0
DA:309,0
DA:310,0
DA:314,0
LF:176
LH:103
BRDA:15,0,0,0
BRDA:15,0,1,1
BRDA:48,1,0,0
BRDA:48,1,1,1
BRDA:50,2,0,0
BRDA:50,2,1,0
BRDA:61,3,0,0
BRDA:61,3,1,1
BRDA:69,4,0,0
BRDA:69,4,1,1
BRDA:69,5,0,1
BRDA:69,5,1,0
BRDA:87,6,0,1
BRDA:87,6,1,0
BRDA:87,7,0,1
BRDA:87,7,1,0
BRDA:89,8,0,0
BRDA:89,8,1,0
BRDA:89,9,0,0
BRDA:89,9,1,0
BRDA:89,9,2,0
BRDA:93,10,0,1
BRDA:93,10,1,0
BRDA:103,11,0,1
BRDA:103,11,1,0
BRDA:103,12,0,1
BRDA:103,12,1,0
BRDA:104,13,0,1
BRDA:104,13,1,0
BRDA:109,14,0,1
BRDA:109,14,1,0
BRDA:112,15,0,0
BRDA:112,15,1,0
BRDA:113,16,0,0
BRDA:113,16,1,0
BRDA:118,17,0,0
BRDA:118,17,1,0
BRDA:126,18,0,0
BRDA:126,18,1,0
BRDA:126,19,0,0
BRDA:126,19,1,0
BRDA:128,20,0,0
BRDA:128,20,1,0
BRDA:156,21,0,0
BRDA:156,21,1,1
BRDA:156,22,0,1
BRDA:156,22,1,0
BRDA:162,23,0,0
BRDA:162,23,1,1
BRDA:165,24,0,0
BRDA:165,24,1,1
BRDA:180,25,0,0
BRDA:180,25,1,1
BRDA:180,26,0,1
BRDA:180,26,1,1
BRDA:189,27,0,0
BRDA:189,27,1,1
BRDA:194,28,0,0
BRDA:194,28,1,1
BRDA:209,29,0,0
BRDA:209,29,1,1
BRDA:209,30,0,1
BRDA:209,30,1,0
BRDA:215,31,0,1
BRDA:215,31,1,0
BRDA:242,32,0,0
BRDA:242,32,1,0
BRDA:257,33,0,0
BRDA:257,33,1,0
BRDA:263,34,0,0
BRDA:263,34,1,0
BRDA:263,35,0,0
BRDA:263,35,1,0
BRDA:278,36,0,0
BRDA:278,36,1,0
BRDA:278,37,0,0
BRDA:278,37,1,0
BRDA:287,38,0,0
BRDA:287,38,1,0
BRDA:287,39,0,0
BRDA:287,39,1,0
BRDA:299,40,0,0
BRDA:299,40,1,0
BRDA:299,41,0,0
BRDA:299,41,1,0
BRDA:302,42,0,0
BRDA:302,42,1,0
BRDA:302,43,0,0
BRDA:302,43,1,0
BRDA:303,44,0,0
BRDA:303,44,1,0
BRDA:304,45,0,0
BRDA:304,45,1,0
BRF:93
BRH:24
end_of_record
TN:
SF:data_layer/search.js
FN:18,searchByConditions
FN:22,searchByHash
FN:24,(anonymous_2)
FN:36,searchByValue
FN:42,(anonymous_4)
FN:54,search
FN:61,(anonymous_6)
FN:63,(anonymous_7)
FNF:8
FNH:2
FNDA:0,searchByConditions
FNDA:0,searchByHash
FNDA:0,(anonymous_2)
FNDA:6,searchByValue
FNDA:6,(anonymous_4)
FNDA:0,search
FNDA:0,(anonymous_6)
FNDA:0,(anonymous_7)
DA:3,1
DA:5,1
DA:12,1
DA:13,1
DA:14,1
DA:15,1
DA:16,1
DA:19,0
DA:23,0
DA:24,0
DA:25,0
DA:26,0
DA:27,0
DA:29,0
DA:32,0
DA:37,6
DA:38,6
DA:39,0
DA:42,6
DA:43,6
DA:44,0
DA:45,0
DA:47,6
DA:50,0
DA:55,0
DA:56,0
DA:57,0
DA:59,0
DA:61,0
DA:62,0
DA:64,0
DA:67,0
LF:32
LH:12
BRDA:25,0,0,0
BRDA:25,0,1,0
BRDA:38,1,0,0
BRDA:38,1,1,6
BRDA:43,2,0,0
BRDA:43,2,1,6
BRF:6
BRH:2
end_of_record
TN:
SF:data_layer/update.js
FN:36,update
FN:63,createUpdateRecord
FN:67,(anonymous_2)
FN:89,buildUpdateRecords
FN:94,(anonymous_4)
FN:105,updateRecords
FNF:6
FNH:0
FNDA:0,update
FNDA:0,createUpdateRecord
FNDA:0,(anonymous_2)
FNDA:0,buildUpdateRecords
FNDA:0,(anonymous_4)
FNDA:0,updateRecords
DA:3,1
DA:4,1
DA:5,1
DA:6,1
DA:7,1
DA:8,1
DA:9,1
DA:10,1
DA:12,1
DA:13,1
DA:15,1
DA:16,1
DA:18,1
DA:21,1
DA:23,1
DA:27,1
DA:37,0
DA:38,0
DA:39,0
DA:42,0
DA:43,0
DA:44,0
DA:46,0
DA:48,0
DA:49,0
DA:51,0
DA:52,0
DA:53,0
DA:55,0
DA:64,0
DA:65,0
DA:67,0
DA:68,0
DA:69,0
DA:71,0
DA:75,0
DA:77,0
DA:78,0
DA:90,0
DA:91,0
DA:94,0
DA:106,0
DA:114,0
DA:115,0
DA:119,0
DA:120,0
DA:122,0
DA:123,0
DA:125,0
DA:128,0
DA:130,0
LF:51
LH:16
BRDA:46,0,0,0
BRDA:46,0,1,0
BRDA:68,1,0,0
BRDA:68,1,1,0
BRDA:90,2,0,0
BRDA:90,2,1,0
BRF:6
BRH:0
end_of_record
TN:
SF:data_layer/data_objects/BulkLoadObjects.js
FN:4,(anonymous_0)
FN:17,(anonymous_1)
FNF:2
FNH:0
FNDA:0,(anonymous_0)
FNDA:0,(anonymous_1)
DA:5,0
DA:6,0
DA:7,0
DA:8,0
DA:9,0
DA:10,0
DA:11,0
DA:12,0
DA:18,0
DA:19,0
DA:20,0
DA:21,0
DA:22,0
DA:26,1
LF:14
LH:1
BRDA:4,0,0,0
BRDA:4,1,0,0
BRDA:17,2,0,0
BRF:3
BRH:0
end_of_record
TN:
SF:data_layer/data_objects/UpsertObject.js
FN:14,(anonymous_0)
FNF:1
FNH:0
FNDA:0,(anonymous_0)
DA:2,1
DA:15,0
DA:16,0
DA:17,0
DA:18,0
DA:19,0
DA:23,1
LF:7
LH:2
BRDA:14,0,0,0
BRF:1
BRH:0
end_of_record
TN:
SF:data_layer/harperBridge/BridgeMethods.js
FN:8,(anonymous_0)
FN:12,(anonymous_1)
FN:16,(anonymous_2)
FN:20,(anonymous_3)
FN:24,(anonymous_4)
FN:28,(anonymous_5)
FN:32,(anonymous_6)
FN:36,(anonymous_7)
FN:40,(anonymous_8)
FN:44,(anonymous_9)
FN:48,(anonymous_10)
FN:52,(anonymous_11)
FN:56,(anonymous_12)
FN:60,(anonymous_13)
FN:64,(anonymous_14)
FN:68,(anonymous_15)
FN:72,(anonymous_16)
FN:76,(anonymous_17)
FNF:18
FNH:0
FNDA:0,(anonymous_0)
FNDA:0,(anonymous_1)
FNDA:0,(anonymous_2)
FNDA:0,(anonymous_3)
FNDA:0,(anonymous_4)
FNDA:0,(anonymous_5)
FNDA:0,(anonymous_6)
FNDA:0,(anonymous_7)
FNDA:0,(anonymous_8)
FNDA:0,(anonymous_9)
FNDA:0,(anonymous_10)
FNDA:0,(anonymous_11)
FNDA:0,(anonymous_12)
FNDA:0,(anonymous_13)
FNDA:0,(anonymous_14)
FNDA:0,(anonymous_15)
FNDA:0,(anonymous_16)
FNDA:0,(anonymous_17)
DA:9,0
DA:13,0
DA:17,0
DA:21,0
DA:25,0
DA:29,0
DA:33,0
DA:37,0
DA:41,0
DA:45,0
DA:49,0
DA:53,0
DA:57,0
DA:61,0
DA:65,0
DA:69,0
DA:73,0
DA:77,0
DA:81,1
LF:19
LH:1
BRF:0
BRH:0
end_of_record
TN:
SF:data_layer/harperBridge/harperBridge.js
FN:18,getBridge
FNF:1
FNH:1
FNDA:1,getBridge
DA:3,1
DA:4,1
DA:5,1
DA:6,1
DA:7,1
DA:8,0
DA:12,1
DA:19,1
DA:20,0
DA:24,1
DA:25,1
DA:27,0
DA:28,0
DA:29,0
DA:31,1
DA:32,1
DA:34,0
DA:35,0
DA:37,1
DA:40,1
LF:20
LH:13
BRDA:7,0,0,0
BRDA:7,0,1,1
BRDA:19,1,0,0
BRDA:19,1,1,1
BRDA:25,2,0,0
BRDA:25,2,1,1
BRDA:25,2,2,0
BRF:7
BRH:3
end_of_record
TN:
SF:data_layer/harperBridge/bridgeUtility/insertUpdateReturnObj.js
FN:15,returnObject
FNF:1
FNH:0
FNDA:0,returnObject
DA:3,1
DA:5,1
DA:16,0
DA:21,0
DA:22,0
DA:23,0
DA:26,0
DA:27,0
LF:8
LH:2
BRDA:21,0,0,0
BRDA:21,0,1,0
BRF:2
BRH:0
end_of_record
TN:
SF:data_layer/harperBridge/bridgeUtility/insertUpdateValidate.js
FN:16,insertUpdateValidate
FN:48,(anonymous_1)
FNF:2
FNH:0
FNDA:0,insertUpdateValidate
FNDA:0,(anonymous_1)
DA:3,1
DA:4,1
DA:5,1
DA:7,1
DA:20,0
DA:21,0
DA:23,0
DA:24,0
DA:26,0
DA:27,0
DA:30,0
DA:31,0
DA:34,0
DA:35,0
DA:36,0
DA:39,0
DA:40,0
DA:41,0
DA:43,0
DA:44,0
DA:45,0
DA:48,0
DA:50,0
DA:51,0
DA:52,0
DA:55,0
DA:56,0
DA:57,0
DA:60,0
DA:61,0
DA:64,0
DA:66,0
DA:67,0
DA:72,0
DA:74,0
LF:35
LH:4
BRDA:20,0,0,0
BRDA:20,0,1,0
BRDA:23,1,0,0
BRDA:23,1,1,0
BRDA:26,2,0,0
BRDA:26,2,1,0
BRDA:30,3,0,0
BRDA:30,3,1,0
BRDA:35,4,0,0
BRDA:35,4,1,0
BRDA:44,5,0,0
BRDA:44,5,1,0
BRDA:50,6,0,0
BRDA:50,6,1,0
BRDA:50,7,0,0
BRDA:50,7,1,0
BRDA:55,8,0,0
BRDA:55,8,1,0
BRDA:55,9,0,0
BRDA:55,9,1,0
BRDA:55,9,2,0
BRDA:60,10,0,0
BRDA:60,10,1,0
BRDA:60,11,0,0
BRDA:60,11,1,0
BRDA:60,11,2,0
BRF:26
BRH:0
end_of_record
TN:
SF:data_layer/harperBridge/lmdbBridge/LMDBBridge.js
FN:27,(anonymous_0)
FN:36,(anonymous_1)
FN:45,(anonymous_2)
FN:54,(anonymous_3)
FN:63,(anonymous_4)
FN:72,(anonymous_5)
FN:81,(anonymous_6)
FN:90,(anonymous_7)
FN:99,(anonymous_8)
FN:108,(anonymous_9)
FN:117,(anonymous_10)
FN:126,(anonymous_11)
FN:135,(anonymous_12)
FN:146,(anonymous_13)
FN:155,(anonymous_14)
FN:164,(anonymous_15)
FN:173,(anonymous_16)
FN:182,(anonymous_17)
FNF:18
FNH:1
FNDA:0,(anonymous_0)
FNDA:0,(anonymous_1)
FNDA:0,(anonymous_2)
FNDA:0,(anonymous_3)
FNDA:6,(anonymous_4)
FNDA:0,(anonymous_5)
FNDA:0,(anonymous_6)
FNDA:0,(anonymous_7)
FNDA:0,(anonymous_8)
FNDA:0,(anonymous_9)
FNDA:0,(anonymous_10)
FNDA:0,(anonymous_11)
FNDA:0,(anonymous_12)
FNDA:0,(anonymous_13)
FNDA:0,(anonymous_14)
FNDA:0,(anonymous_15)
FNDA:0,(anonymous_16)
FNDA:0,(anonymous_17)
DA:3,1
DA:4,1
DA:5,1
DA:6,1
DA:7,1
DA:8,1
DA:9,1
DA:10,1
DA:11,1
DA:12,1
DA:13,1
DA:14,1
DA:15,1
DA:16,1
DA:17,1
DA:18,1
DA:19,1
DA:20,1
DA:21,1
DA:22,1
DA:23,1
DA:28,0
DA:29,0
DA:31,0
DA:32,0
DA:37,0
DA:38,0
DA:40,0
DA:41,0
DA:46,0
DA:47,0
DA:49,0
DA:50,0
DA:55,0
DA:56,0
DA:58,0
DA:59,0
DA:64,6
DA:65,6
DA:67,0
DA:68,0
DA:73,0
DA:74,0
DA:76,0
DA:77,0
DA:82,0
DA:83,0
DA:85,0
DA:86,0
DA:91,0
DA:92,0
DA:94,0
DA:95,0
DA:100,0
DA:101,0
DA:103,0
DA:104,0
DA:109,0
DA:110,0
DA:112,0
DA:113,0
DA:118,0
DA:119,0
DA:121,0
DA:122,0
DA:127,0
DA:128,0
DA:130,0
DA:131,0
DA:136,0
DA:137,0
DA:142,0
DA:147,0
DA:148,0
DA:150,0
DA:151,0
DA:156,0
DA:157,0
DA:159,0
DA:160,0
DA:165,0
DA:166,0
DA:168,0
DA:169,0
DA:174,0
DA:175,0
DA:177,0
DA:178,0
DA:183,0
DA:184,0
DA:186,0
DA:187,0
DA:192,1
LF:93
LH:24
BRF:0
BRH:0
end_of_record
TN:
SF:data_layer/harperBridge/lmdbBridge/lmdbMethods/DeleteTransactionsBeforeResults.js
FN:12,(anonymous_0)
FNF:1
FNH:0
FNDA:0,(anonymous_0)
DA:13,0
DA:14,0
DA:15,0
DA:19,1
LF:4
LH:1
BRDA:12,0,0,0
BRDA:12,1,0,0
BRDA:12,2,0,0
BRF:3
BRH:0
end_of_record
TN:
SF:data_layer/harperBridge/lmdbBridge/lmdbMethods/lmdbCreateAttribute.js
FN:30,lmdbCreateAttribute
FNF:1
FNH:0
FNDA:0,lmdbCreateAttribute
DA:3,1
DA:4,1
DA:5,1
DA:6,1
DA:7,1
DA:8,1
DA:9,1
DA:10,1
DA:11,1
DA:12,1
DA:13,1
DA:15,1
DA:16,1
DA:17,1
DA:18,7
DA:21,1
DA:23,1
DA:31,0
DA:32,0
DA:33,0
DA:37,0
DA:38,0
DA:40,0
DA:42,0
DA:43,0
DA:45,0
DA:46,0
DA:47,0
DA:48,0
DA:54,0
DA:56,0
DA:58,0
DA:59,0
DA:60,0
DA:62,0
DA:64,0
DA:66,0
DA:68,0
DA:70,0
LF:39
LH:17
BRDA:32,0,0,0
BRDA:32,0,1,0
BRDA:38,1,0,0
BRDA:38,1,1,0
BRDA:42,2,0,0
BRDA:42,2,1,0
BRDA:42,3,0,0
BRDA:42,3,1,0
BRDA:45,4,0,0
BRDA:45,4,1,0
BRDA:45,5,0,0
BRDA:45,5,1,0
BRDA:47,6,0,0
BRDA:47,6,1,0
BRDA:59,7,0,0
BRDA:59,7,1,0
BRF:16
BRH:0
end_of_record
TN:
SF:data_layer/harperBridge/lmdbBridge/lmdbMethods/lmdbCreateRecords.js
FN:25,lmdbCreateRecords
FNF:1
FNH:0
FNDA:0,lmdbCreateRecords
DA:3,1
DA:5,1
DA:6,1
DA:7,1
DA:8,1
DA:9,1
DA:10,1
DA:11,1
DA:13,1
DA:14,1
DA:15,1
DA:17,1
DA:26,0
DA:27,0
DA:29,0
DA:31,0
DA:32,0
DA:33,0
DA:36,0
DA:37,0
DA:41,0
DA:42,0
DA:43,0
DA:44,0
DA:46,0
DA:47,0
DA:49,0
DA:52,0
DA:60,0
LF:29
LH:12
BRDA:31,0,0,0
BRDA:31,0,1,0
BRDA:32,1,0,0
BRDA:32,1,1,0
BRDA:36,2,0,0
BRDA:36,2,1,0
BRF:6
BRH:0
end_of_record
TN:
SF:data_layer/harperBridge/lmdbBridge/lmdbMethods/lmdbCreateSchema.js
FN:16,lmdbCreateSchema
FNF:1
FNH:0
FNDA:0,lmdbCreateSchema
DA:3,1
DA:4,1
DA:5,1
DA:6,1
DA:7,1
DA:8,1
DA:10,1
DA:17,0
DA:23,0
DA:25,0
DA:26,0
DA:27,0
DA:28,0
DA:31,0
LF:14
LH:7
BRDA:27,0,0,0
BRDA:27,0,1,0
BRF:2
BRH:0
end_of_record
TN:
SF:data_layer/harperBridge/lmdbBridge/lmdbMethods/lmdbCreateTable.js
FN:28,lmdbCreateTable
FN:62,createAttribute
FNF:2
FNH:0
FNDA:0,lmdbCreateTable
FNDA:0,createAttribute
DA:3,1
DA:4,1
DA:5,1
DA:6,1
DA:7,1
DA:8,1
DA:9,1
DA:10,1
DA:11,1
DA:12,1
DA:14,1
DA:15,1
DA:16,1
DA:17,7
DA:20,1
DA:29,0
DA:31,0
DA:32,0
DA:33,0
DA:35,0
DA:37,0
DA:39,0
DA:40,0
DA:43,0
DA:46,0
DA:47,0
DA:48,0
DA:51,0
DA:53,0
DA:63,0
DA:64,0
DA:66,0
LF:32
LH:15
BRDA:39,0,0,0
BRDA:39,0,1,0
BRF:2
BRH:0
end_of_record
TN:
SF:data_layer/harperBridge/lmdbBridge/lmdbMethods/lmdbDeleteRecords.js
FN:18,lmdbDeleteRecords
FN:80,createDeleteResponse
FNF:2
FNH:0
FNDA:0,lmdbDeleteRecords
FNDA:0,createDeleteResponse
DA:3,1
DA:4,1
DA:5,1
DA:6,1
DA:7,1
DA:8,1
DA:9,1
DA:11,1
DA:19,0
DA:20,0
DA:21,0
DA:22,0
DA:25,0
DA:27,0
DA:29,0
DA:30,0
DA:31,0
DA:32,0
DA:33,0
DA:38,0
DA:39,0
DA:40,0
DA:41,0
DA:45,0
DA:46,0
DA:47,0
DA:48,0
DA:54,0
DA:55,0
DA:57,0
DA:59,0
DA:60,0
DA:61,0
DA:64,0
DA:67,0
DA:69,0
DA:81,0
DA:82,0
DA:84,0
LF:39
LH:8
BRDA:18,0,0,0
BRDA:21,1,0,0
BRDA:21,1,1,0
BRDA:27,2,0,0
BRDA:27,2,1,0
BRDA:27,3,0,0
BRDA:27,3,1,0
BRDA:32,4,0,0
BRDA:32,4,1,0
BRDA:38,5,0,0
BRDA:38,5,1,0
BRDA:40,6,0,0
BRDA:40,6,1,0
BRDA:45,7,0,0
BRDA:45,7,1,0
BRDA:60,8,0,0
BRDA:60,8,1,0
BRDA:82,9,0,0
BRDA:82,9,1,0
BRF:19
BRH:0
end_of_record
TN:
SF:data_layer/harperBridge/lmdbBridge/lmdbMethods/lmdbDeleteRecordsBefore.js
FN:32,lmdbDeleteRecordsBefore
FN:68,chunkDeletes
FNF:2
FNH:0
FNDA:0,lmdbDeleteRecordsBefore
FNDA:0,chunkDeletes
DA:3,1
DA:4,1
DA:5,1
DA:6,1
DA:7,1
DA:8,1
DA:9,1
DA:10,1
DA:11,1
DA:13,1
DA:14,1
DA:16,1
DA:17,1
DA:19,1
DA:33,0
DA:34,0
DA:35,0
DA:40,0
DA:44,0
DA:46,0
DA:47,0
DA:49,0
DA:50,0
DA:53,0
DA:54,0
DA:55,0
DA:58,0
DA:69,0
DA:70,0
DA:72,0
DA:78,0
DA:79,0
DA:80,0
DA:81,0
DA:82,0
DA:85,0
DA:86,0
DA:87,0
DA:88,0
DA:90,0
DA:92,0
DA:95,0
DA:96,0
LF:43
LH:14
BRDA:34,0,0,0
BRDA:34,0,1,0
BRDA:53,1,0,0
BRDA:53,1,1,0
BRF:4
BRH:0
end_of_record
TN:
SF:data_layer/harperBridge/lmdbBridge/lmdbMethods/lmdbDeleteTransactionLogsBefore.js
FN:23,deleteTransactionLogsBefore
FN:57,deleteTransactions
FNF:2
FNH:0
FNDA:0,deleteTransactionLogsBefore
FNDA:0,deleteTransactions
DA:3,1
DA:4,1
DA:6,1
DA:7,1
DA:8,1
DA:9,1
DA:10,1
DA:11,1
DA:12,1
DA:14,1
DA:15,1
DA:17,1
DA:24,0
DA:25,0
DA:26,0
DA:27,0
DA:30,0
DA:32,0
DA:33,0
DA:34,0
DA:35,0
DA:38,0
DA:39,0
DA:42,0
DA:45,0
DA:48,0
DA:58,0
DA:59,0
DA:60,0
DA:63,0
DA:64,0
DA:65,0
DA:68,0
DA:69,0
DA:73,0
DA:76,0
DA:77,0
DA:78,0
DA:82,0
DA:83,0
DA:86,0
DA:87,0
DA:88,0
DA:89,0
DA:93,0
DA:95,0
DA:98,0
LF:47
LH:12
BRDA:34,0,0,0
BRDA:34,0,1,0
BRDA:38,1,0,0
BRDA:38,1,1,0
BRDA:64,2,0,0
BRDA:64,2,1,0
BRDA:68,3,0,0
BRDA:68,3,1,0
BRDA:77,4,0,0
BRDA:77,4,1,0
BRDA:88,5,0,0
BRDA:88,5,1,0
BRF:12
BRH:0
end_of_record
TN:
SF:data_layer/harperBridge/lmdbBridge/lmdbMethods/lmdbDropAttribute.js
FN:23,lmdbDropAttribute
FN:57,removeAttributeFromAllObjects
FN:76,dropAttributeFromSystem
FN:83,(anonymous_3)
FN:88,(anonymous_4)
FNF:5
FNH:0
FNDA:0,lmdbDropAttribute
FNDA:0,removeAttributeFromAllObjects
FNDA:0,dropAttributeFromSystem
FNDA:0,(anonymous_3)
FNDA:0,(anonymous_4)
DA:3,1
DA:4,1
DA:5,1
DA:6,1
DA:7,1
DA:8,1
DA:9,1
DA:10,1
DA:11,1
DA:12,1
DA:13,1
DA:15,1
DA:25,0
DA:26,0
DA:28,0
DA:31,0
DA:33,0
DA:35,0
DA:36,0
DA:39,0
DA:40,0
DA:43,0
DA:45,0
DA:47,0
DA:58,0
DA:59,0
DA:61,0
DA:62,0
DA:63,0
DA:65,0
DA:67,0
DA:77,0
DA:81,0
DA:82,0
DA:83,0
DA:84,0
DA:85,0
DA:88,0
DA:90,0
DA:92,0
DA:94,0
LF:41
LH:12
BRDA:23,0,0,0
BRDA:25,1,0,0
BRDA:25,1,1,0
BRDA:39,2,0,0
BRDA:39,2,1,0
BRDA:84,3,0,0
BRDA:84,3,1,0
BRF:7
BRH:0
end_of_record
TN:
SF:data_layer/harperBridge/lmdbBridge/lmdbMethods/lmdbDropSchema.js
FN:24,lmdbDropSchema
FN:64,validateDropSchema
FNF:2
FNH:0
FNDA:0,lmdbDropSchema
FNDA:0,validateDropSchema
DA:3,1
DA:4,1
DA:5,1
DA:6,1
DA:7,1
DA:8,1
DA:9,1
DA:10,1
DA:11,1
DA:12,1
DA:13,1
DA:14,1
DA:15,1
DA:16,1
DA:18,1
DA:27,0
DA:28,0
DA:31,0
DA:34,0
DA:36,0
DA:37,0
DA:41,0
DA:42,0
DA:45,0
DA:46,0
DA:52,0
DA:55,0
DA:57,0
DA:58,0
DA:60,0
DA:65,0
DA:71,0
DA:72,0
DA:74,0
DA:77,0
DA:80,0
DA:81,0
DA:82,0
DA:86,0
DA:87,0
DA:90,0
LF:41
LH:15
BRDA:45,0,0,0
BRDA:45,0,1,0
BRDA:81,1,0,0
BRDA:81,1,1,0
BRDA:86,2,0,0
BRDA:86,2,1,0
BRF:6
BRH:0
end_of_record
TN:
SF:data_layer/harperBridge/lmdbBridge/lmdbMethods/lmdbDropTable.js
FN:21,lmdbDropTable
FN:56,dropTableFromSystem
FNF:2
FNH:0
FNDA:0,lmdbDropTable
FNDA:0,dropTableFromSystem
DA:3,1
DA:4,1
DA:5,1
DA:6,1
DA:7,1
DA:8,1
DA:9,1
DA:10,1
DA:11,1
DA:12,1
DA:13,1
DA:15,1
DA:22,0
DA:23,0
DA:24,0
DA:26,0
DA:27,0
DA:28,0
DA:30,0
DA:31,0
DA:33,0
DA:37,0
DA:38,0
DA:39,0
DA:41,0
DA:42,0
DA:44,0
DA:48,0
DA:57,0
DA:61,0
DA:62,0
DA:64,0
DA:67,0
DA:68,0
DA:71,0
DA:72,0
DA:73,0
DA:74,0
DA:78,0
DA:79,0
DA:82,0
DA:83,0
DA:84,0
DA:86,0
LF:44
LH:12
BRDA:30,0,0,0
BRDA:30,0,1,0
BRDA:41,1,0,0
BRDA:41,1,1,0
BRDA:73,2,0,0
BRDA:73,2,1,0
BRDA:73,3,0,0
BRDA:73,3,1,0
BRDA:78,4,0,0
BRDA:78,4,1,0
BRF:10
BRH:0
end_of_record
TN:
SF:data_layer/harperBridge/lmdbBridge/lmdbMethods/lmdbGetDataByHash.js
FN:12,lmdbGetDataByHash
FNF:1
FNH:0
FNDA:0,lmdbGetDataByHash
DA:3,1
DA:4,1
DA:6,1
DA:13,0
DA:14,0
DA:15,0
DA:16,0
DA:18,0
LF:8
LH:3
BRF:0
BRH:0
end_of_record
TN:
SF:data_layer/harperBridge/lmdbBridge/lmdbMethods/lmdbGetDataByValue.js
FN:17,lmdbGetDataByValue
FNF:1
FNH:0
FNDA:0,lmdbGetDataByValue
DA:3,1
DA:4,1
DA:5,1
DA:6,1
DA:7,1
DA:9,1
DA:18,0
DA:19,0
DA:20,0
DA:23,0
DA:24,0
DA:25,0
DA:28,0
DA:29,0
DA:30,0
DA:32,0
LF:16
LH:6
BRDA:19,0,0,0
BRDA:19,0,1,0
BRDA:19,1,0,0
BRDA:19,1,1,0
BRDA:24,2,0,0
BRDA:24,2,1,0
BRF:6
BRH:0
end_of_record
TN:
SF:data_layer/harperBridge/lmdbBridge/lmdbMethods/lmdbReadTransactionLog.js
FN:21,readTransactionLog
FN:50,searchTransactionsByTimestamp
FN:88,searchTransactionsByUsername
FN:111,searchTransactionsByHashValues
FN:154,loopRecords
FN:189,batchSearchTransactions
FNF:6
FNH:0
FNDA:0,readTransactionLog
FNDA:0,searchTransactionsByTimestamp
FNDA:0,searchTransactionsByUsername
FNDA:0,searchTransactionsByHashValues
FNDA:0,loopRecords
FNDA:0,batchSearchTransactions
DA:3,1
DA:4,1
DA:5,1
DA:6,1
DA:7,1
DA:8,1
DA:9,1
DA:10,1
DA:11,1
DA:12,1
DA:14,1
DA:22,0
DA:23,0
DA:24,0
DA:26,0
DA:28,0
DA:30,0
DA:33,0
DA:34,0
DA:36,0
DA:38,0
DA:51,0
DA:52,0
DA:55,0
DA:56,0
DA:59,0
DA:60,0
DA:61,0
DA:65,0
DA:66,0
DA:67,0
DA:68,0
DA:72,0
DA:73,0
DA:74,0
DA:77,0
DA:79,0
DA:90,0
DA:91,0
DA:92,0
DA:94,0
DA:95,0
DA:96,0
DA:99,0
DA:102,0
DA:112,0
DA:113,0
DA:114,0
DA:115,0
DA:117,0
DA:118,0
DA:119,0
DA:120,0
DA:121,0
DA:122,0
DA:124,0
DA:128,0
DA:129,0
DA:131,0
DA:133,0
DA:134,0
DA:135,0
DA:136,0
DA:138,0
DA:140,0
DA:143,0
DA:155,0
DA:157,0
DA:158,0
DA:159,0
DA:160,0
DA:161,0
DA:162,0
DA:163,0
DA:164,0
DA:166,0
DA:167,0
DA:169,0
DA:170,0
DA:171,0
DA:174,0
DA:175,0
DA:176,0
DA:190,0
DA:191,0
DA:193,0
DA:194,0
DA:195,0
DA:196,0
DA:197,0
DA:198,0
DA:199,0
DA:202,0
DA:205,0
DA:207,0
LF:95
LH:11
BRDA:28,0,0,0
BRDA:28,0,1,0
BRDA:28,0,2,0
BRDA:28,0,3,0
BRDA:50,1,0,0
BRDA:51,2,0,0
BRDA:51,2,1,0
BRDA:55,3,0,0
BRDA:55,3,1,0
BRDA:66,4,0,0
BRDA:66,4,1,0
BRDA:88,5,0,0
BRDA:120,6,0,0
BRDA:120,6,1,0
BRDA:157,7,0,0
BRDA:157,7,1,0
BRDA:161,8,0,0
BRDA:161,8,1,0
BRDA:162,9,0,0
BRDA:162,9,1,0
BRDA:166,10,0,0
BRDA:166,10,1,0
BRDA:197,11,0,0
BRDA:197,11,1,0
BRF:24
BRH:0
end_of_record
TN:
SF:data_layer/harperBridge/lmdbBridge/lmdbMethods/lmdbSearchByConditions.js
FN:23,lmdbSearchByConditions
FN:76,sorter
FN:97,executeConditionSearches
FNF:3
FNH:0
FNDA:0,lmdbSearchByConditions
FNDA:0,sorter
FNDA:0,executeConditionSearches
DA:3,1
DA:4,1
DA:5,1
DA:6,1
DA:7,1
DA:8,1
DA:9,1
DA:10,1
DA:11,1
DA:12,1
DA:13,1
DA:14,1
DA:16,1
DA:24,0
DA:25,0
DA:26,0
DA:27,0
DA:31,0
DA:33,0
DA:35,0
DA:36,0
DA:38,0
DA:40,0
DA:43,0
DA:44,0
DA:45,0
DA:46,0
DA:48,0
DA:49,0
DA:51,0
DA:54,0
DA:57,0
DA:58,0
DA:59,0
DA:64,0
DA:66,0
DA:77,0
DA:78,0
DA:79,0
DA:82,0
DA:83,0
DA:84,0
DA:85,0
DA:87,0
DA:99,0
DA:103,0
DA:104,0
DA:105,0
DA:107,0
DA:108,0
DA:109,0
DA:111,0
DA:112,0
DA:113,0
DA:115,0
DA:117,0
DA:118,0
DA:122,0
LF:58
LH:13
BRDA:26,0,0,0
BRDA:26,0,1,0
BRDA:31,1,0,0
BRDA:31,1,1,0
BRDA:33,2,0,0
BRDA:33,2,1,0
BRDA:48,3,0,0
BRDA:48,3,1,0
BRDA:48,4,0,0
BRDA:48,4,1,0
BRDA:57,5,0,0
BRDA:57,5,1,0
BRDA:57,6,0,0
BRDA:57,6,1,0
BRDA:58,7,0,0
BRDA:58,7,1,0
BRDA:77,8,0,0
BRDA:77,8,1,0
BRDA:77,9,0,0
BRDA:77,9,1,0
BRDA:82,10,0,0
BRDA:82,10,1,0
BRDA:84,11,0,0
BRDA:84,11,1,0
BRDA:111,12,0,0
BRDA:111,12,1,0
BRF:26
BRH:0
end_of_record
TN:
SF:data_layer/harperBridge/lmdbBridge/lmdbMethods/lmdbSearchByHash.js
FN:14,lmdbSearchByHash
FNF:1
FNH:0
FNDA:0,lmdbSearchByHash
DA:3,1
DA:5,1
DA:6,1
DA:8,1
DA:15,0
DA:16,0
DA:17,0
DA:18,0
DA:20,0
LF:9
LH:4
BRF:0
BRH:0
end_of_record
TN:
SF:data_layer/harperBridge/lmdbBridge/lmdbMethods/lmdbSearchByValue.js
FN:17,lmdbSearchByValue
FNF:1
FNH:1
FNDA:6,lmdbSearchByValue
DA:3,1
DA:4,1
DA:5,1
DA:6,1
DA:7,1
DA:9,1
DA:18,6
DA:19,6
DA:20,0
DA:23,6
DA:24,6
DA:25,0
DA:28,6
DA:29,6
DA:30,6
DA:32,0
LF:16
LH:13
BRDA:19,0,0,0
BRDA:19,0,1,6
BRDA:19,1,0,6
BRDA:19,1,1,0
BRDA:24,2,0,0
BRDA:24,2,1,6
BRF:6
BRH:3
end_of_record
TN:
SF:data_layer/harperBridge/lmdbBridge/lmdbMethods/lmdbUpdateRecords.js
FN:22,lmdbUpdateRecords
FNF:1
FNH:0
FNDA:0,lmdbUpdateRecords
DA:3,1
DA:4,1
DA:5,1
DA:6,1
DA:7,1
DA:8,1
DA:9,1
DA:10,1
DA:11,1
DA:12,1
DA:14,1
DA:23,0
DA:24,0
DA:26,0
DA:28,0
DA:29,0
DA:30,0
DA:33,0
DA:34,0
DA:38,0
DA:39,0
DA:40,0
DA:41,0
DA:43,0
DA:44,0
DA:46,0
DA:49,0
DA:57,0
LF:28
LH:11
BRDA:28,0,0,0
BRDA:28,0,1,0
BRDA:29,1,0,0
BRDA:29,1,1,0
BRDA:33,2,0,0
BRDA:33,2,1,0
BRF:6
BRH:0
end_of_record
TN:
SF:data_layer/harperBridge/lmdbBridge/lmdbMethods/lmdbUpsertRecords.js
FN:26,lmdbUpsertRecords
FNF:1
FNH:0
FNDA:0,lmdbUpsertRecords
DA:4,1
DA:5,1
DA:6,1
DA:7,1
DA:8,1
DA:9,1
DA:10,1
DA:11,1
DA:12,1
DA:13,1
DA:15,1
DA:16,1
DA:18,1
DA:28,0
DA:29,0
DA:31,0
DA:34,0
DA:36,0
DA:38,0
DA:39,0
DA:40,0
DA:43,0
DA:44,0
DA:48,0
DA:49,0
DA:50,0
DA:51,0
DA:53,0
DA:54,0
DA:56,0
DA:59,0
LF:31
LH:13
BRDA:38,0,0,0
BRDA:38,0,1,0
BRDA:39,1,0,0
BRDA:39,1,1,0
BRDA:43,2,0,0
BRDA:43,2,1,0
BRF:6
BRH:0
end_of_record
TN:
SF:data_layer/harperBridge/lmdbBridge/lmdbUtility/LMDBCreateAttributeObject.js
FN:15,(anonymous_0)
FNF:1
FNH:0
FNDA:0,(anonymous_0)
DA:3,1
DA:16,0
DA:17,0
DA:18,0
DA:22,1
LF:5
LH:2
BRDA:15,0,0,0
BRDA:15,1,0,0
BRF:2
BRH:0
end_of_record
TN:
SF:data_layer/harperBridge/lmdbBridge/lmdbUtility/LMDBDeleteTransactionObject.js
FN:16,(anonymous_0)
FNF:1
FNH:0
FNDA:0,(anonymous_0)
DA:2,1
DA:3,1
DA:17,0
DA:18,0
DA:23,1
LF:5
LH:3
BRDA:16,0,0,0
BRF:1
BRH:0
end_of_record
TN:
SF:data_layer/harperBridge/lmdbBridge/lmdbUtility/LMDBInsertTransactionObject.js
FN:16,(anonymous_0)
FNF:1
FNH:0
FNDA:0,(anonymous_0)
DA:2,1
DA:3,1
DA:17,0
DA:18,0
DA:22,1
LF:5
LH:3
BRDA:16,0,0,0
BRF:1
BRH:0
end_of_record
TN:
SF:data_layer/harperBridge/lmdbBridge/lmdbUtility/LMDBTransactionObject.js
FN:14,(anonymous_0)
FNF:1
FNH:0
FNDA:0,(anonymous_0)
DA:15,0
DA:16,0
DA:17,0
DA:18,0
DA:19,0
DA:23,1
LF:6
LH:1
BRDA:14,0,0,0
BRF:1
BRH:0
end_of_record
TN:
SF:data_layer/harperBridge/lmdbBridge/lmdbUtility/LMDBUpdateTransactionObject.js
FN:17,(anonymous_0)
FNF:1
FNH:0
FNDA:0,(anonymous_0)
DA:2,1
DA:3,1
DA:18,0
DA:19,0
DA:20,0
DA:24,1
LF:6
LH:3
BRDA:17,0,0,0
BRF:1
BRH:0
end_of_record
TN:
SF:data_layer/harperBridge/lmdbBridge/lmdbUtility/LMDBUpsertTransactionObject.js
FN:17,(anonymous_0)
FNF:1
FNH:0
FNDA:0,(anonymous_0)
DA:2,1
DA:3,1
DA:18,0
DA:19,0
DA:20,0
DA:24,1
LF:6
LH:3
BRDA:17,0,0,0
BRF:1
BRH:0
end_of_record
TN:
SF:data_layer/harperBridge/lmdbBridge/lmdbUtility/TableSizeObject.js
FN:15,(anonymous_0)
FNF:1
FNH:0
FNDA:0,(anonymous_0)
DA:16,0
DA:17,0
DA:18,0
DA:19,0
DA:20,0
DA:21,0
DA:25,1
LF:7
LH:1
BRDA:15,0,0,0
BRDA:15,1,0,0
BRDA:15,2,0,0
BRDA:15,3,0,0
BRF:4
BRH:0
end_of_record
TN:
SF:data_layer/harperBridge/lmdbBridge/lmdbUtility/ThreadSearchObject.js
FN:13,(anonymous_0)
FNF:1
FNH:0
FNDA:0,(anonymous_0)
DA:3,27
DA:4,27
DA:14,0
DA:15,0
DA:16,0
DA:17,0
DA:21,27
LF:7
LH:3
BRF:0
BRH:0
end_of_record
TN:
SF:data_layer/harperBridge/lmdbBridge/lmdbUtility/initializeHashSearch.js
FN:15,initialize
FNF:1
FNH:0
FNDA:0,initialize
DA:3,1
DA:4,1
DA:5,1
DA:6,1
DA:8,1
DA:16,0
DA:17,0
DA:18,0
DA:20,0
DA:21,0
DA:23,0
DA:24,0
DA:27,0
LF:13
LH:5
BRDA:17,0,0,0
BRDA:17,0,1,0
BRF:2
BRH:0
end_of_record
TN:
SF:data_layer/harperBridge/lmdbBridge/lmdbUtility/initializePaths.js
FN:20,getBaseSchemaPath
FN:35,getSystemSchemaPath
FN:46,getTransactionStorePath
FNF:3
FNH:1
FNDA:65,getBaseSchemaPath
FNDA:0,getSystemSchemaPath
FNDA:0,getTransactionStorePath
DA:3,27
DA:4,27
DA:5,27
DA:7,27
DA:8,1
DA:11,27
DA:12,27
DA:13,27
DA:21,65
DA:22,38
DA:25,27
DA:26,27
DA:27,27
DA:36,0
DA:37,0
DA:40,0
DA:41,0
DA:42,0
DA:47,0
DA:48,0
DA:51,0
DA:52,0
DA:53,0
DA:57,27
LF:24
LH:14
BRDA:7,0,0,1
BRDA:7,0,1,26
BRDA:21,1,0,38
BRDA:21,1,1,27
BRDA:25,2,0,27
BRDA:25,2,1,0
BRDA:36,3,0,0
BRDA:36,3,1,0
BRDA:40,4,0,0
BRDA:40,4,1,0
BRDA:47,5,0,0
BRDA:47,5,1,0
BRDA:51,6,0,0
BRDA:51,6,1,0
BRF:14
BRH:5
end_of_record
TN:
SF:data_layer/harperBridge/lmdbBridge/lmdbUtility/lmdbCheckForNewAttributes.js
FN:20,lmdbCheckForNewAttributes
FN:28,(anonymous_1)
FN:33,(anonymous_2)
FN:40,(anonymous_3)
FN:58,createNewAttribute
FN:82,createAttribute
FNF:6
FNH:0
FNDA:0,lmdbCheckForNewAttributes
FNDA:0,(anonymous_1)
FNDA:0,(anonymous_2)
FNDA:0,(anonymous_3)
FNDA:0,createNewAttribute
FNDA:0,createAttribute
DA:3,1
DA:4,1
DA:5,1
DA:6,1
DA:7,1
DA:9,1
DA:11,1
DA:21,0
DA:22,0
DA:23,0
DA:26,0
DA:27,0
DA:28,0
DA:29,0
DA:33,0
DA:35,0
DA:36,0
DA:39,0
DA:41,0
DA:45,0
DA:47,0
DA:59,0
DA:61,0
DA:62,0
DA:65,0
DA:66,0
DA:69,0
DA:70,0
DA:72,0
DA:84,0
DA:85,0
DA:87,0
DA:88,0
DA:89,0
DA:91,0
DA:93,0
LF:36
LH:7
BRDA:22,0,0,0
BRDA:22,0,1,0
BRDA:27,1,0,0
BRDA:27,1,1,0
BRDA:35,2,0,0
BRDA:35,2,1,0
BRDA:61,3,0,0
BRDA:61,3,1,0
BRDA:69,4,0,0
BRDA:69,4,1,0
BRDA:69,5,0,0
BRDA:69,5,1,0
BRDA:69,5,2,0
BRF:13
BRH:0
end_of_record
TN:
SF:data_layer/harperBridge/lmdbBridge/lmdbUtility/lmdbCreateTransactionsEnvironment.js
FN:18,createTransactionsEnvironment
FNF:1
FNH:0
FNDA:0,createTransactionsEnvironment
DA:3,1
DA:4,1
DA:5,1
DA:6,1
DA:7,1
DA:9,1
DA:11,1
DA:20,0
DA:22,0
DA:23,0
DA:24,0
DA:26,0
DA:27,0
DA:30,0
DA:32,0
DA:33,0
DA:34,0
DA:36,0
DA:37,0
DA:39,0
LF:20
LH:7
BRF:0
BRH:0
end_of_record
TN:
SF:data_layer/harperBridge/lmdbBridge/lmdbUtility/lmdbDropAllAttributes.js
FN:15,lmdbDropAllAttributes
FNF:1
FNH:0
FNDA:0,lmdbDropAllAttributes
DA:3,1
DA:4,1
DA:5,1
DA:6,1
DA:7,1
DA:9,1
DA:16,0
DA:17,0
DA:20,0
DA:23,0
DA:24,0
DA:25,0
DA:26,0
DA:27,0
DA:28,0
DA:30,0
DA:31,0
DA:36,0
DA:37,0
LF:19
LH:6
BRDA:16,0,0,0
BRDA:16,0,1,0
BRDA:16,1,0,0
BRDA:16,1,1,0
BRDA:30,2,0,0
BRDA:30,2,1,0
BRF:6
BRH:0
end_of_record
TN:
SF:data_layer/harperBridge/lmdbBridge/lmdbUtility/lmdbGetTableSize.js
FN:17,lmdbGetTableSize
FNF:1
FNH:0
FNDA:0,lmdbGetTableSize
DA:3,1
DA:4,1
DA:5,1
DA:6,1
DA:7,1
DA:8,1
DA:10,1
DA:18,0
DA:19,0
DA:21,0
DA:22,0
DA:23,0
DA:26,0
DA:27,0
DA:28,0
DA:31,0
DA:32,0
DA:34,0
DA:35,0
DA:36,0
DA:37,0
DA:38,0
DA:39,0
DA:41,0
DA:44,0
LF:25
LH:7
BRF:0
BRH:0
end_of_record
TN:
SF:data_layer/harperBridge/lmdbBridge/lmdbUtility/lmdbProcessRows.js
FN:20,processRows
FN:38,validateAttribute
FN:55,validateHash
FNF:3
FNH:0
FNDA:0,processRows
FNDA:0,validateAttribute
FNDA:0,validateHash
DA:4,1
DA:5,1
DA:6,1
DA:7,1
DA:8,1
DA:9,1
DA:10,1
DA:12,1
DA:21,0
DA:22,0
DA:25,0
DA:28,0
DA:29,0
DA:30,0
DA:39,0
DA:40,0
DA:43,0
DA:44,0
DA:56,0
DA:57,0
DA:58,0
DA:60,0
DA:63,0
DA:64,0
DA:68,0
DA:69,0
DA:70,0
DA:74,0
DA:75,0
DA:76,0
LF:30
LH:8
BRDA:39,0,0,0
BRDA:39,0,1,0
BRDA:43,1,0,0
BRDA:43,1,1,0
BRDA:43,2,0,0
BRDA:43,2,1,0
BRDA:56,3,0,0
BRDA:56,3,1,0
BRDA:56,4,0,0
BRDA:56,4,1,0
BRDA:57,5,0,0
BRDA:57,5,1,0
BRDA:57,6,0,0
BRDA:57,6,1,0
BRDA:68,7,0,0
BRDA:68,7,1,0
BRDA:74,8,0,0
BRDA:74,8,1,0
BRDA:74,9,0,0
BRDA:74,9,1,0
BRF:20
BRH:0
end_of_record
TN:
SF:data_layer/harperBridge/lmdbBridge/lmdbUtility/lmdbSearch.js
FN:29,prepSearch
FN:60,executeSearch
FN:97,searchByType
FN:164,createMapFromArrays
FN:178,checkToFetchMore
FN:206,createSearchTypeFromSearchObject
FN:281,threadSearch
FN:282,(anonymous_7)
FN:286,(anonymous_8)
FN:295,(anonymous_9)
FNF:10
FNH:5
FNDA:6,prepSearch
FNDA:58,executeSearch
FNDA:58,searchByType
FNDA:0,createMapFromArrays
FNDA:50,checkToFetchMore
FNDA:6,createSearchTypeFromSearchObject
FNDA:0,threadSearch
FNDA:0,(anonymous_7)
FNDA:0,(anonymous_8)
FNDA:0,(anonymous_9)
DA:3,27
DA:4,27
DA:5,27
DA:6,27
DA:7,27
DA:8,27
DA:9,27
DA:10,27
DA:11,27
DA:12,27
DA:13,27
DA:14,27
DA:16,27
DA:18,27
DA:20,27
DA:30,6
DA:31,6
DA:32,6
DA:34,0
DA:37,6
DA:39,6
DA:40,6
DA:41,6
DA:44,6
DA:45,0
DA:47,6
DA:50,6
DA:61,58
DA:62,58
DA:63,58
DA:64,58
DA:67,58
DA:68,8
DA:71,50
DA:73,50
DA:74,0
DA:77,50
DA:78,50
DA:79,20
DA:82,30
DA:85,0
DA:101,58
DA:102,58
DA:103,56
DA:106,58
DA:107,58
DA:108,58
DA:109,58
DA:111,58
DA:113,2
DA:114,2
DA:116,6
DA:117,6
DA:120,6
DA:121,6
DA:124,8
DA:125,8
DA:127,0
DA:129,0
DA:131,6
DA:133,2
DA:135,6
DA:136,6
DA:139,4
DA:140,4
DA:143,6
DA:144,6
DA:147,6
DA:148,6
DA:151,6
DA:152,6
DA:154,0
DA:157,50
DA:165,0
DA:167,0
DA:168,0
DA:170,0
DA:179,50
DA:180,49
DA:182,1
DA:183,1
DA:184,0
DA:187,1
DA:188,1
DA:189,1
DA:190,1
DA:191,1
DA:195,1
DA:207,6
DA:208,6
DA:209,6
DA:210,0
DA:212,6
DA:215,6
DA:216,6
DA:217,6
DA:218,6
DA:219,3
DA:222,6
DA:223,4
DA:226,2
DA:227,2
DA:228,0
DA:231,2
DA:234,0
DA:236,0
DA:237,0
DA:240,0
DA:241,0
DA:242,0
DA:245,0
DA:246,0
DA:247,0
DA:250,0
DA:251,0
DA:254,0
DA:256,0
DA:258,0
DA:260,0
DA:262,0
DA:264,0
DA:266,0
DA:268,0
DA:282,0
DA:283,0
DA:284,0
DA:285,0
DA:286,0
DA:287,0
DA:288,0
DA:289,0
DA:291,0
DA:295,0
DA:296,0
DA:297,0
DA:303,27
LF:136
LH:91
BRDA:31,0,0,6
BRDA:31,0,1,0
BRDA:44,1,0,0
BRDA:44,1,1,6
BRDA:44,2,0,6
BRDA:44,2,1,2
BRDA:44,2,2,4
BRDA:67,3,0,8
BRDA:67,3,1,50
BRDA:73,4,0,0
BRDA:73,4,1,50
BRDA:74,5,0,0
BRDA:74,5,1,0
BRDA:78,6,0,20
BRDA:78,6,1,30
BRDA:102,7,0,56
BRDA:102,7,1,2
BRDA:107,8,0,52
BRDA:107,8,1,6
BRDA:108,9,0,0
BRDA:108,9,1,58
BRDA:109,10,0,0
BRDA:109,10,1,58
BRDA:111,11,0,2
BRDA:111,11,1,6
BRDA:111,11,2,6
BRDA:111,11,3,6
BRDA:111,11,4,8
BRDA:111,11,5,8
BRDA:111,11,6,0
BRDA:111,11,7,0
BRDA:111,11,8,6
BRDA:111,11,9,2
BRDA:111,11,10,6
BRDA:111,11,11,4
BRDA:111,11,12,4
BRDA:111,11,13,6
BRDA:111,11,14,6
BRDA:111,11,15,6
BRDA:111,11,16,6
BRDA:111,11,17,6
BRDA:111,11,18,6
BRDA:111,11,19,0
BRDA:179,12,0,49
BRDA:179,12,1,1
BRDA:179,13,0,50
BRDA:179,13,1,50
BRDA:183,14,0,0
BRDA:183,14,1,1
BRDA:189,15,0,1
BRDA:189,15,1,0
BRDA:207,16,0,6
BRDA:207,16,1,0
BRDA:209,17,0,0
BRDA:209,17,1,6
BRDA:218,18,0,3
BRDA:218,18,1,3
BRDA:222,19,0,4
BRDA:222,19,1,2
BRDA:223,20,0,0
BRDA:223,20,1,4
BRDA:226,21,0,2
BRDA:226,21,1,0
BRDA:226,22,0,2
BRDA:226,22,1,2
BRDA:227,23,0,0
BRDA:227,23,1,2
BRDA:228,24,0,0
BRDA:228,24,1,0
BRDA:234,25,0,0
BRDA:234,25,1,0
BRDA:234,26,0,0
BRDA:234,26,1,0
BRDA:240,27,0,0
BRDA:240,27,1,0
BRDA:245,28,0,0
BRDA:245,28,1,0
BRDA:250,29,0,0
BRDA:250,29,1,0
BRDA:250,30,0,0
BRDA:250,30,1,0
BRDA:256,31,0,0
BRDA:256,31,1,0
BRDA:256,31,2,0
BRDA:256,31,3,0
BRDA:256,31,4,0
BRDA:256,31,5,0
BRDA:288,32,0,0
BRDA:288,32,1,0
BRF:89
BRH:50
end_of_record
TN:
SF:data_layer/harperBridge/lmdbBridge/lmdbUtility/lmdbThreadSearch.js
FN:12,searcher
FNF:1
FNH:1
FNDA:52,searcher
DA:3,26
DA:4,26
DA:6,26
DA:13,52
DA:14,52
DA:16,52
DA:18,0
DA:22,26
LF:8
LH:7
BRF:0
BRH:0
end_of_record
TN:
SF:data_layer/harperBridge/lmdbBridge/lmdbUtility/lmdbWriteTransaction.js
FN:31,writeTransaction
FN:50,(anonymous_1)
FN:72,createTransactionObject
FN:91,getDisableTxnLogSetting
FNF:4
FNH:1
FNDA:0,writeTransaction
FNDA:0,(anonymous_1)
FNDA:0,createTransactionObject
FNDA:1,getDisableTxnLogSetting
DA:3,1
DA:4,1
DA:5,1
DA:6,1
DA:7,1
DA:8,1
DA:10,1
DA:11,1
DA:12,1
DA:13,1
DA:14,1
DA:15,0
DA:18,1
DA:20,1
DA:21,1
DA:23,1
DA:32,0
DA:33,0
DA:36,0
DA:37,0
DA:39,0
DA:41,0
DA:42,0
DA:45,0
DA:46,0
DA:48,0
DA:49,0
DA:50,0
DA:51,0
DA:52,0
DA:53,0
DA:55,0
DA:56,0
DA:59,0
DA:61,0
DA:73,0
DA:74,0
DA:75,0
DA:78,0
DA:79,0
DA:82,0
DA:83,0
DA:86,0
DA:87,0
DA:92,1
DA:94,1
LF:46
LH:17
BRDA:14,0,0,0
BRDA:14,0,1,1
BRDA:32,1,0,0
BRDA:32,1,1,0
BRDA:41,2,0,0
BRDA:41,2,1,0
BRDA:41,3,0,0
BRDA:41,3,1,0
BRDA:45,4,0,0
BRDA:45,4,1,0
BRDA:52,5,0,0
BRDA:52,5,1,0
BRDA:73,6,0,0
BRDA:73,6,1,0
BRDA:74,7,0,0
BRDA:74,7,1,0
BRDA:78,8,0,0
BRDA:78,8,1,0
BRDA:82,9,0,0
BRDA:82,9,1,0
BRDA:86,10,0,0
BRDA:86,10,1,0
BRDA:94,11,0,1
BRDA:94,11,1,1
BRDA:94,11,2,1
BRF:25
BRH:4
end_of_record
TN:
SF:events/AllChildrenStoppedEvent.js
FN:10,(anonymous_0)
FNF:1
FNH:0
FNDA:0,(anonymous_0)
DA:1,1
DA:3,1
DA:7,1
DA:15,1
LF:4
LH:4
BRF:0
BRH:0
end_of_record
TN:
SF:events/ClusterStatusEmitter.js
FNF:0
FNH:0
DA:1,1
DA:3,1
DA:7,1
DA:8,1
LF:4
LH:4
BRF:0
BRH:0
end_of_record
TN:
SF:security/JWTObjects.js
FN:17,(anonymous_0)
FN:32,(anonymous_1)
FNF:2
FNH:0
FNDA:0,(anonymous_0)
FNDA:0,(anonymous_1)
DA:3,1
DA:18,0
DA:19,0
DA:33,0
DA:34,0
DA:35,0
DA:39,1
LF:7
LH:2
BRF:0
BRH:0
end_of_record
TN:
SF:security/auth.js
FN:15,(anonymous_0)
FN:21,(anonymous_1)
FN:26,(anonymous_2)
FN:30,(anonymous_3)
FN:34,authorize
FN:43,handleResponse
FN:55,(anonymous_6)
FN:61,(anonymous_7)
FN:64,(anonymous_8)
FN:68,(anonymous_9)
FN:70,(anonymous_10)
FN:76,(anonymous_11)
FN:83,checkPermissions
FNF:13
FNH:0
FNDA:0,(anonymous_0)
FNDA:0,(anonymous_1)
FNDA:0,(anonymous_2)
FNDA:0,(anonymous_3)
FNDA:0,authorize
FNDA:0,handleResponse
FNDA:0,(anonymous_6)
FNDA:0,(anonymous_7)
FNDA:0,(anonymous_8)
FNDA:0,(anonymous_9)
FNDA:0,(anonymous_10)
FNDA:0,(anonymous_11)
FNDA:0,checkPermissions
DA:3,1
DA:4,1
DA:5,1
DA:6,1
DA:7,1
DA:8,1
DA:9,1
DA:10,1
DA:11,1
DA:12,1
DA:14,1
DA:16,0
DA:20,1
DA:22,0
DA:26,1
DA:27,0
DA:30,1
DA:31,0
DA:37,0
DA:38,0
DA:39,0
DA:40,0
DA:44,0
DA:45,0
DA:47,0
DA:48,0
DA:50,0
DA:53,0
DA:55,0
DA:56,0
DA:58,0
DA:60,0
DA:61,0
DA:62,0
DA:63,0
DA:65,0
DA:68,0
DA:69,0
DA:71,0
DA:74,0
DA:76,0
DA:77,0
DA:79,0
DA:85,0
DA:87,0
DA:88,0
DA:89,0
DA:92,0
DA:97,0
DA:99,0
DA:100,0
DA:102,0
DA:104,0
DA:105,0
DA:108,0
DA:109,0
DA:110,0
DA:111,0
DA:114,0
DA:115,0
DA:116,0
DA:117,0
DA:121,0
DA:122,0
DA:123,0
DA:124,0
DA:128,0
DA:131,0
DA:132,0
DA:133,0
DA:136,0
DA:139,0
DA:140,0
DA:141,0
DA:142,0
DA:143,0
DA:149,0
DA:153,1
LF:78
LH:15
BRDA:37,0,0,0
BRDA:37,0,1,0
BRDA:37,1,0,0
BRDA:37,1,1,0
BRDA:44,2,0,0
BRDA:44,2,1,0
BRDA:47,3,0,0
BRDA:47,3,1,0
BRDA:53,4,0,0
BRDA:53,4,1,0
BRDA:53,4,2,0
BRDA:60,5,0,0
BRDA:60,5,1,0
BRDA:60,6,0,0
BRDA:60,6,1,0
BRDA:60,6,2,0
BRDA:87,7,0,0
BRDA:87,7,1,0
BRDA:99,8,0,0
BRDA:99,8,1,0
BRDA:99,9,0,0
BRDA:99,9,1,0
BRDA:104,10,0,0
BRDA:104,10,1,0
BRDA:108,11,0,0
BRDA:108,11,1,0
BRDA:114,12,0,0
BRDA:114,12,1,0
BRDA:121,13,0,0
BRDA:121,13,1,0
BRDA:128,14,0,0
BRDA:128,14,1,0
BRDA:128,15,0,0
BRDA:128,15,1,0
BRDA:136,16,0,0
BRDA:136,16,1,0
BRDA:136,17,0,0
BRDA:136,17,1,0
BRDA:141,18,0,0
BRDA:141,18,1,0
BRDA:141,19,0,0
BRDA:141,19,1,0
BRF:42
BRH:0
end_of_record
TN:
SF:security/cryptoHash.js
FN:16,encrypt
FN:30,decrypt
FNF:2
FNH:0
FNDA:0,encrypt
FNDA:0,decrypt
DA:3,1
DA:4,1
DA:5,1
DA:6,1
DA:7,1
DA:8,1
DA:9,1
DA:11,1
DA:17,0
DA:18,0
DA:20,0
DA:21,0
DA:22,0
DA:24,0
DA:25,0
DA:26,0
DA:27,0
DA:31,0
DA:32,0
DA:33,0
DA:35,0
DA:36,0
DA:37,0
DA:38,0
DA:39,0
DA:40,0
LF:26
LH:8
BRF:0
BRH:0
end_of_record
TN:
SF:security/permissionsTranslator.js
FN:14,(anonymous_0)
FN:16,(anonymous_1)
FN:21,(anonymous_2)
FN:31,(anonymous_3)
FN:37,(anonymous_4)
FN:45,(anonymous_5)
FN:64,getRolePermissions
FN:122,translateRolePermissions
FN:128,(anonymous_8)
FN:132,(anonymous_9)
FN:142,(anonymous_10)
FN:156,(anonymous_11)
FN:172,getTableAttrPerms
FN:181,(anonymous_13)
FN:199,(anonymous_14)
FN:243,getSchemaTableDescribePerm
FN:244,(anonymous_16)
FN:247,getAttributeDescribePerm
FN:248,(anonymous_18)
FN:258,checkForHashPerms
FN:259,(anonymous_20)
FNF:21
FNH:0
FNDA:0,(anonymous_0)
FNDA:0,(anonymous_1)
FNDA:0,(anonymous_2)
FNDA:0,(anonymous_3)
FNDA:0,(anonymous_4)
FNDA:0,(anonymous_5)
FNDA:0,getRolePermissions
FNDA:0,translateRolePermissions
FNDA:0,(anonymous_8)
FNDA:0,(anonymous_9)
FNDA:0,(anonymous_10)
FNDA:0,(anonymous_11)
FNDA:0,getTableAttrPerms
FNDA:0,(anonymous_13)
FNDA:0,(anonymous_14)
FNDA:0,getSchemaTableDescribePerm
FNDA:0,(anonymous_16)
FNDA:0,getAttributeDescribePerm
FNDA:0,(anonymous_18)
FNDA:0,checkForHashPerms
FNDA:0,(anonymous_20)
DA:3,1
DA:4,1
DA:5,1
DA:6,1
DA:7,1
DA:9,1
DA:13,1
DA:14,1
DA:16,1
DA:21,1
DA:23,0
DA:31,1
DA:37,1
DA:45,1
DA:51,1
DA:52,1
DA:54,1
DA:66,0
DA:67,0
DA:69,0
DA:73,0
DA:74,0
DA:75,0
DA:79,0
DA:82,0
DA:83,0
DA:87,0
DA:90,0
DA:91,0
DA:93,0
DA:97,0
DA:99,0
DA:101,0
DA:102,0
DA:103,0
DA:104,0
DA:105,0
DA:107,0
DA:108,0
DA:109,0
DA:123,0
DA:124,0
DA:125,0
DA:126,0
DA:128,0
DA:129,0
DA:130,0
DA:132,0
DA:133,0
DA:135,0
DA:136,0
DA:138,0
DA:141,0
DA:142,0
DA:143,0
DA:144,0
DA:148,0
DA:151,0
DA:156,0
DA:157,0
DA:162,0
DA:173,0
DA:174,0
DA:176,0
DA:179,0
DA:180,0
DA:181,0
DA:182,0
DA:183,0
DA:185,0
DA:186,0
DA:188,0
DA:189,0
DA:192,0
DA:193,0
DA:197,0
DA:199,0
DA:200,0
DA:202,0
DA:203,0
DA:204,0
DA:207,0
DA:208,0
DA:210,0
DA:213,0
DA:214,0
DA:216,0
DA:218,0
DA:224,0
DA:225,0
DA:228,0
DA:229,0
DA:231,0
DA:232,0
DA:244,0
DA:248,0
DA:259,0
DA:260,0
DA:261,0
DA:262,0
LF:100
LH:16
BRDA:21,0,0,0
BRDA:21,1,0,0
BRDA:22,2,0,0
BRDA:22,3,0,0
BRDA:37,4,0,0
BRDA:45,5,0,0
BRDA:67,6,0,0
BRDA:67,6,1,0
BRDA:67,7,0,0
BRDA:67,7,1,0
BRDA:82,8,0,0
BRDA:82,8,1,0
BRDA:82,9,0,0
BRDA:82,9,1,0
BRDA:90,10,0,0
BRDA:90,10,1,0
BRDA:101,11,0,0
BRDA:101,11,1,0
BRDA:101,12,0,0
BRDA:101,12,1,0
BRDA:130,13,0,0
BRDA:130,13,1,0
BRDA:133,14,0,0
BRDA:133,14,1,0
BRDA:141,15,0,0
BRDA:141,15,1,0
BRDA:143,16,0,0
BRDA:143,16,1,0
BRDA:176,17,0,0
BRDA:176,17,1,0
BRDA:185,18,0,0
BRDA:185,18,1,0
BRDA:200,19,0,0
BRDA:200,19,1,0
BRDA:207,20,0,0
BRDA:207,20,1,0
BRDA:210,21,0,0
BRDA:210,21,1,0
BRDA:213,22,0,0
BRDA:213,22,1,0
BRDA:224,23,0,0
BRDA:224,23,1,0
BRDA:260,24,0,0
BRDA:260,24,1,0
BRDA:260,25,0,0
BRDA:260,25,1,0
BRF:46
BRH:0
end_of_record
TN:
SF:security/role.js
FN:28,scrubRoleDetails
FN:48,addRole
FN:109,checkClusterUserRole
FN:123,alterRole
FN:149,dropRole
FN:189,listRoles
FNF:6
FNH:0
FNDA:0,scrubRoleDetails
FNDA:0,addRole
FNDA:0,checkClusterUserRole
FNDA:0,alterRole
FNDA:0,dropRole
FNDA:0,listRoles
DA:3,1
DA:4,1
DA:5,1
DA:6,1
DA:7,1
DA:8,1
DA:9,1
DA:10,1
DA:11,1
DA:12,1
DA:13,1
DA:14,1
DA:15,1
DA:16,1
DA:17,1
DA:18,1
DA:19,1
DA:21,1
DA:29,0
DA:30,0
DA:31,0
DA:33,0
DA:34,0
DA:36,0
DA:37,0
DA:39,0
DA:40,0
DA:45,0
DA:49,0
DA:50,0
DA:51,0
DA:54,0
DA:55,0
DA:57,0
DA:58,0
DA:59,0
DA:60,0
DA:63,0
DA:64,0
DA:68,0
DA:70,0
DA:80,0
DA:81,0
DA:83,0
DA:86,0
DA:87,0
DA:90,0
DA:91,0
DA:93,0
DA:101,0
DA:103,0
DA:105,0
DA:106,0
DA:110,0
DA:111,0
DA:112,0
DA:113,0
DA:114,0
DA:115,0
DA:116,0
DA:120,0
DA:124,0
DA:125,0
DA:126,0
DA:129,0
DA:131,0
DA:139,0
DA:140,0
DA:142,0
DA:145,0
DA:146,0
DA:150,0
DA:151,0
DA:152,0
DA:155,0
DA:156,0
DA:158,0
DA:159,0
DA:162,0
DA:163,0
DA:164,0
DA:165,0
DA:166,0
DA:167,0
DA:168,0
DA:169,0
DA:174,0
DA:175,0
DA:177,0
DA:183,0
DA:185,0
DA:186,0
DA:190,0
DA:199,0
LF:94
LH:18
BRDA:30,0,0,0
BRDA:30,0,1,0
BRDA:33,1,0,0
BRDA:33,1,1,0
BRDA:36,2,0,0
BRDA:36,2,1,0
BRDA:39,3,0,0
BRDA:39,3,1,0
BRDA:50,4,0,0
BRDA:50,4,1,0
BRDA:55,5,0,0
BRDA:55,5,1,0
BRDA:59,6,0,0
BRDA:59,6,1,0
BRDA:63,7,0,0
BRDA:63,7,1,0
BRDA:86,8,0,0
BRDA:86,8,1,0
BRDA:86,9,0,0
BRDA:86,9,1,0
BRDA:90,10,0,0
BRDA:90,10,1,0
BRDA:111,11,0,0
BRDA:111,11,1,0
BRDA:115,12,0,0
BRDA:115,12,1,0
BRDA:115,13,0,0
BRDA:115,13,1,0
BRDA:125,14,0,0
BRDA:125,14,1,0
BRDA:151,15,0,0
BRDA:151,15,1,0
BRDA:158,16,0,0
BRDA:158,16,1,0
BRDA:165,17,0,0
BRDA:165,17,1,0
BRDA:167,18,0,0
BRDA:167,18,1,0
BRDA:174,19,0,0
BRDA:174,19,1,0
BRF:40
BRH:0
end_of_record
TN:
SF:security/tokenAuthentication.js
FN:37,createTokens
FN:104,signOperationToken
FN:114,getJWTRSAKeys
FN:136,refreshOperationToken
FN:154,validateOperationToken
FN:172,validateRefreshToken
FNF:6
FNH:0
FNDA:0,createTokens
FNDA:0,signOperationToken
FNDA:0,getJWTRSAKeys
FNDA:0,refreshOperationToken
FNDA:0,validateOperationToken
FNDA:0,validateRefreshToken
DA:3,1
DA:4,1
DA:6,1
DA:7,1
DA:8,1
DA:9,1
DA:10,1
DA:11,1
DA:12,1
DA:13,1
DA:14,1
DA:15,1
DA:16,1
DA:17,1
DA:18,0
DA:21,1
DA:22,1
DA:24,1
DA:25,1
DA:26,1
DA:28,1
DA:30,1
DA:39,0
DA:40,0
DA:43,0
DA:44,0
DA:47,0
DA:48,0
DA:53,0
DA:54,0
DA:55,0
DA:56,0
DA:59,0
DA:60,0
DA:64,0
DA:66,0
DA:67,0
DA:68,0
DA:69,0
DA:70,0
DA:73,0
DA:76,0
DA:77,0
DA:81,0
DA:83,0
DA:88,0
DA:89,0
DA:91,0
DA:92,0
DA:95,0
DA:96,0
DA:99,0
DA:101,0
DA:105,0
DA:115,0
DA:116,0
DA:117,0
DA:118,0
DA:119,0
DA:121,0
DA:122,0
DA:123,0
DA:125,0
DA:127,0
DA:128,0
DA:133,0
DA:137,0
DA:138,0
DA:141,0
DA:142,0
DA:145,0
DA:147,0
DA:148,0
DA:149,0
DA:151,0
DA:155,0
DA:156,0
DA:158,0
DA:162,0
DA:164,0
DA:165,0
DA:166,0
DA:168,0
DA:174,0
DA:175,0
DA:176,0
DA:180,0
DA:182,0
DA:183,0
DA:184,0
DA:186,0
DA:189,0
DA:190,0
DA:192,0
LF:94
LH:21
BRDA:17,0,0,0
BRDA:17,0,1,1
BRDA:24,1,0,1
BRDA:24,1,1,0
BRDA:25,2,0,1
BRDA:25,2,1,0
BRDA:39,3,0,0
BRDA:39,3,1,0
BRDA:39,4,0,0
BRDA:39,4,1,0
BRDA:43,5,0,0
BRDA:43,5,1,0
BRDA:47,6,0,0
BRDA:47,6,1,0
BRDA:55,7,0,0
BRDA:55,7,1,0
BRDA:68,8,0,0
BRDA:68,8,1,0
BRDA:68,9,0,0
BRDA:68,9,1,0
BRDA:95,10,0,0
BRDA:95,10,1,0
BRDA:95,11,0,0
BRDA:95,11,1,0
BRDA:115,12,0,0
BRDA:115,12,1,0
BRDA:137,13,0,0
BRDA:137,13,1,0
BRDA:141,14,0,0
BRDA:141,14,1,0
BRDA:165,15,0,0
BRDA:165,15,1,0
BRDA:165,16,0,0
BRDA:165,16,1,0
BRDA:183,17,0,0
BRDA:183,17,1,0
BRDA:183,18,0,0
BRDA:183,18,1,0
BRDA:189,19,0,0
BRDA:189,19,1,0
BRF:40
BRH:3
end_of_record
TN:
SF:security/user.js
FN:55,addUser
FN:135,alterUser
FN:240,isClusterUser
FN:251,dropUser
FN:296,userInfo
FN:334,listUsersExternal
FN:345,(anonymous_6)
FN:362,listUsers
FN:429,appendSystemTablesToRole
FN:461,nonEnterpriseFilter
FN:470,(anonymous_10)
FN:485,(anonymous_11)
FN:506,setUsersToGlobal
FN:523,findAndValidateUser
FNF:14
FNH:3
FNDA:0,addUser
FNDA:0,alterUser
FNDA:0,isClusterUser
FNDA:0,dropUser
FNDA:0,userInfo
FNDA:0,listUsersExternal
FNDA:0,(anonymous_6)
FNDA:1,listUsers
FNDA:1,appendSystemTablesToRole
FNDA:0,nonEnterpriseFilter
FNDA:0,(anonymous_10)
FNDA:0,(anonymous_11)
FNDA:1,setUsersToGlobal
FNDA:0,findAndValidateUser
DA:3,1
DA:4,1
DA:5,1
DA:6,1
DA:7,1
DA:9,1
DA:26,1
DA:27,1
DA:28,1
DA:29,1
DA:30,1
DA:31,1
DA:32,1
DA:33,1
DA:34,1
DA:35,1
DA:36,1
DA:37,1
DA:38,1
DA:39,1
DA:40,1
DA:41,1
DA:42,1
DA:44,1
DA:51,1
DA:52,1
DA:53,1
DA:56,0
DA:58,0
DA:59,0
DA:60,0
DA:63,0
DA:72,0
DA:73,0
DA:75,0
DA:76,0
DA:77,0
DA:80,0
DA:81,0
DA:83,0
DA:84,0
DA:87,0
DA:88,0
DA:91,0
DA:93,0
DA:95,0
DA:103,0
DA:104,0
DA:106,0
DA:107,0
DA:108,0
DA:111,0
DA:113,0
DA:114,0
DA:116,0
DA:117,0
DA:118,0
DA:121,0
DA:122,0
DA:125,0
DA:126,0
DA:127,0
DA:128,0
DA:130,0
DA:131,0
DA:132,0
DA:136,0
DA:138,0
DA:139,0
DA:142,0
DA:144,0
DA:147,0
DA:148,0
DA:151,0
DA:152,0
DA:155,0
DA:157,0
DA:159,0
DA:160,0
DA:162,0
DA:166,0
DA:167,0
DA:170,0
DA:172,0
DA:173,0
DA:177,0
DA:186,0
DA:187,0
DA:189,0
DA:190,0
DA:191,0
DA:194,0
DA:195,0
DA:196,0
DA:197,0
DA:200,0
DA:201,0
DA:202,0
DA:203,0
DA:206,0
DA:209,0
DA:217,0
DA:218,0
DA:220,0
DA:221,0
DA:222,0
DA:225,0
DA:226,0
DA:228,0
DA:229,0
DA:230,0
DA:233,0
DA:234,0
DA:235,0
DA:236,0
DA:237,0
DA:241,0
DA:242,0
DA:244,0
DA:245,0
DA:248,0
DA:252,0
DA:253,0
DA:254,0
DA:255,0
DA:257,0
DA:263,0
DA:264,0
DA:268,0
DA:269,0
DA:271,0
DA:272,0
DA:273,0
DA:276,0
DA:278,0
DA:279,0
DA:281,0
DA:282,0
DA:283,0
DA:286,0
DA:287,0
DA:288,0
DA:289,0
DA:290,0
DA:292,0
DA:297,0
DA:298,0
DA:299,0
DA:300,0
DA:303,0
DA:304,0
DA:305,0
DA:306,0
DA:307,0
DA:308,0
DA:311,0
DA:312,0
DA:314,0
DA:315,0
DA:316,0
DA:319,0
DA:320,0
DA:321,0
DA:322,0
DA:324,0
DA:325,0
DA:327,0
DA:336,0
DA:337,0
DA:339,0
DA:340,0
DA:341,0
DA:344,0
DA:345,0
DA:346,0
DA:347,0
DA:348,0
DA:351,0
DA:354,0
DA:363,1
DA:364,1
DA:373,1
DA:374,1
DA:376,0
DA:377,0
DA:378,0
DA:381,1
DA:382,1
DA:383,1
DA:384,2
DA:387,1
DA:388,1
DA:389,1
DA:390,1
DA:391,1
DA:392,1
DA:395,1
DA:396,1
DA:398,0
DA:399,0
DA:400,0
DA:403,1
DA:404,1
DA:405,1
DA:406,1
DA:407,1
DA:408,1
DA:412,1
DA:413,0
DA:415,1
DA:418,0
DA:419,0
DA:420,0
DA:422,0
DA:430,1
DA:431,1
DA:432,0
DA:433,0
DA:435,1
DA:436,1
DA:438,1
DA:439,1
DA:441,1
DA:442,10
DA:443,10
DA:444,10
DA:445,10
DA:446,10
DA:447,10
DA:448,10
DA:451,0
DA:452,0
DA:462,0
DA:463,0
DA:464,0
DA:465,0
DA:467,0
DA:468,0
DA:470,0
DA:471,0
DA:473,0
DA:474,0
DA:475,0
DA:477,0
DA:480,0
DA:484,0
DA:485,0
DA:486,0
DA:487,0
DA:488,0
DA:489,0
DA:492,0
DA:493,0
DA:494,0
DA:497,0
DA:498,0
DA:500,0
DA:501,0
DA:502,0
DA:507,1
DA:508,1
DA:509,1
DA:511,0
DA:512,0
DA:524,0
DA:525,0
DA:528,0
DA:530,0
DA:531,0
DA:534,0
DA:535,0
DA:537,0
DA:538,0
DA:539,0
DA:542,0
DA:543,0
DA:544,0
LF:277
LH:68
BRDA:59,0,0,0
BRDA:59,0,1,0
BRDA:80,1,0,0
BRDA:80,1,1,0
BRDA:80,2,0,0
BRDA:80,2,1,0
BRDA:83,3,0,0
BRDA:83,3,1,0
BRDA:87,4,0,0
BRDA:87,4,1,0
BRDA:121,5,0,0
BRDA:121,5,1,0
BRDA:138,6,0,0
BRDA:138,6,1,0
BRDA:142,7,0,0
BRDA:142,7,1,0
BRDA:142,8,0,0
BRDA:142,8,1,0
BRDA:142,8,2,0
BRDA:147,9,0,0
BRDA:147,9,1,0
BRDA:147,10,0,0
BRDA:147,10,1,0
BRDA:151,11,0,0
BRDA:151,11,1,0
BRDA:151,12,0,0
BRDA:151,12,1,0
BRDA:157,13,0,0
BRDA:157,13,1,0
BRDA:157,14,0,0
BRDA:157,14,1,0
BRDA:159,15,0,0
BRDA:159,15,1,0
BRDA:166,16,0,0
BRDA:166,16,1,0
BRDA:170,17,0,0
BRDA:170,17,1,0
BRDA:172,18,0,0
BRDA:172,18,1,0
BRDA:194,19,0,0
BRDA:194,19,1,0
BRDA:194,20,0,0
BRDA:194,20,1,0
BRDA:200,21,0,0
BRDA:200,21,1,0
BRDA:244,22,0,0
BRDA:244,22,1,0
BRDA:244,23,0,0
BRDA:244,23,1,0
BRDA:254,24,0,0
BRDA:254,24,1,0
BRDA:263,25,0,0
BRDA:263,25,1,0
BRDA:299,26,0,0
BRDA:299,26,1,0
BRDA:299,27,0,0
BRDA:299,27,1,0
BRDA:381,28,0,1
BRDA:381,28,1,0
BRDA:412,29,0,0
BRDA:412,29,1,1
BRDA:431,30,0,0
BRDA:431,30,1,1
BRDA:435,31,0,1
BRDA:435,31,1,0
BRDA:438,32,0,1
BRDA:438,32,1,0
BRDA:464,33,0,0
BRDA:464,33,1,0
BRDA:471,34,0,0
BRDA:471,34,1,0
BRDA:471,35,0,0
BRDA:471,35,1,0
BRDA:473,36,0,0
BRDA:473,36,1,0
BRDA:474,37,0,0
BRDA:474,37,1,0
BRDA:487,38,0,0
BRDA:487,38,1,0
BRDA:492,39,0,0
BRDA:492,39,1,0
BRDA:523,40,0,0
BRDA:524,41,0,0
BRDA:524,41,1,0
BRDA:530,42,0,0
BRDA:530,42,1,0
BRDA:534,43,0,0
BRDA:534,43,1,0
BRDA:534,44,0,0
BRDA:534,44,1,0
BRDA:538,45,0,0
BRDA:538,45,1,0
BRDA:538,46,0,0
BRDA:538,46,1,0
BRF:94
BRH:5
end_of_record
TN:
SF:security/data_objects/PermissionAttributeResponseObject.js
FN:9,(anonymous_0)
FNF:1
FNH:0
FNDA:0,(anonymous_0)
DA:10,0
DA:11,0
DA:15,1
LF:3
LH:1
BRDA:9,0,0,0
BRF:1
BRH:0
end_of_record
TN:
SF:security/data_objects/PermissionResponseObject.js
FN:12,(anonymous_0)
FN:24,(anonymous_1)
FN:37,(anonymous_2)
FN:51,(anonymous_3)
FN:67,(anonymous_4)
FN:82,(anonymous_5)
FN:84,(anonymous_6)
FN:105,(anonymous_7)
FNF:8
FNH:0
FNDA:0,(anonymous_0)
FNDA:0,(anonymous_1)
FNDA:0,(anonymous_2)
FNDA:0,(anonymous_3)
FNDA:0,(anonymous_4)
FNDA:0,(anonymous_5)
FNDA:0,(anonymous_6)
FNDA:0,(anonymous_7)
DA:3,1
DA:4,1
DA:5,1
DA:13,0
DA:14,0
DA:15,0
DA:25,0
DA:26,0
DA:27,0
DA:38,0
DA:39,0
DA:40,0
DA:52,0
DA:53,0
DA:54,0
DA:55,0
DA:58,0
DA:68,0
DA:70,0
DA:71,0
DA:83,0
DA:84,0
DA:85,0
DA:86,0
DA:89,0
DA:91,0
DA:92,0
DA:94,0
DA:95,0
DA:106,0
DA:107,0
DA:108,0
DA:109,0
DA:111,0
DA:115,1
LF:35
LH:4
BRDA:52,0,0,0
BRDA:52,0,1,0
BRDA:52,1,0,0
BRDA:52,1,1,0
BRDA:54,2,0,0
BRDA:54,2,1,0
BRDA:91,3,0,0
BRDA:91,3,1,0
BRDA:107,4,0,0
BRDA:107,4,1,0
BRDA:107,5,0,0
BRDA:107,5,1,0
BRF:12
BRH:0
end_of_record
TN:
SF:security/data_objects/PermissionTableResponseObject.js
FN:12,(anonymous_0)
FNF:1
FNH:0
FNDA:0,(anonymous_0)
DA:13,0
DA:14,0
DA:15,0
DA:16,0
DA:20,1
LF:5
LH:1
BRDA:12,0,0,0
BRDA:12,1,0,0
BRF:2
BRH:0
end_of_record
TN:
SF:server/ClusteringOriginObject.js
FN:4,(anonymous_0)
FNF:1
FNH:0
FNDA:0,(anonymous_0)
DA:5,0
DA:6,0
DA:7,0
DA:11,1
LF:4
LH:1
BRF:0
BRH:0
end_of_record
TN:
SF:server/JobObject.js
FN:11,(anonymous_0)
FNF:1
FNH:0
FNDA:0,(anonymous_0)
DA:3,1
DA:4,1
DA:5,1
DA:12,0
DA:13,0
DA:14,0
DA:15,0
DA:16,0
DA:17,0
DA:18,0
DA:19,0
DA:20,0
DA:24,1
LF:13
LH:4
BRF:0
BRH:0
end_of_record
TN:
SF:server/configuration.js
FN:17,getConfiguration
FNF:1
FNH:0
FNDA:0,getConfiguration
DA:3,1
DA:4,1
DA:5,1
DA:6,0
DA:9,1
DA:18,0
DA:19,0
DA:20,0
DA:21,0
DA:24,0
LF:10
LH:4
BRDA:5,0,0,0
BRDA:5,0,1,1
BRF:2
BRH:1
end_of_record
TN:
SF:server/jobRunner.js
FN:17,(anonymous_0)
FN:25,(anonymous_1)
FN:37,parseMessage
FN:131,runCSVJob
FN:202,threadExecute
FN:203,(anonymous_5)
FN:206,(anonymous_6)
FN:222,(anonymous_7)
FN:228,(anonymous_8)
FNF:9
FNH:0
FNDA:0,(anonymous_0)
[...]
DA:344,0
DA:345,0
DA:346,0
DA:347,0
DA:348,0
DA:350,0
DA:351,0
DA:355,0
DA:356,0
DA:361,0
DA:363,0
DA:364,0
DA:365,0
DA:367,0
DA:368,0
DA:374,0
DA:375,0
DA:385,0
DA:387,0
DA:388,0
DA:391,0
DA:392,0
DA:393,0
DA:396,0
DA:408,0
DA:410,0
DA:411,0
DA:412,0
DA:415,0
DA:419,1
LF:188
LH:16
BRDA:30,0,0,0
BRDA:73,1,0,0
BRDA:73,1,1,0
BRDA:73,2,0,0
BRDA:73,2,1,0
BRDA:73,2,2,0
BRDA:78,3,0,0
BRDA:78,3,1,0
BRDA:80,4,0,0
BRDA:80,4,1,0
BRDA:87,5,0,0
BRDA:87,5,1,0
BRDA:89,6,0,0
BRDA:89,6,1,0
BRDA:89,7,0,0
BRDA:89,7,1,0
BRDA:91,8,0,0
BRDA:91,8,1,0
BRDA:114,9,0,0
BRDA:131,10,0,0
BRDA:134,11,0,0
BRDA:134,11,1,0
BRDA:134,12,0,0
BRDA:134,12,1,0
BRDA:138,13,0,0
BRDA:138,13,1,0
BRDA:139,14,0,0
BRDA:139,14,1,0
BRDA:139,15,0,0
BRDA:139,15,1,0
BRDA:156,16,0,0
BRDA:156,16,1,0
BRDA:160,17,0,0
BRDA:160,17,1,0
BRDA:164,18,0,0
BRDA:164,18,1,0
BRDA:180,19,0,0
BRDA:228,20,0,0
BRDA:249,21,0,0
BRDA:249,21,1,0
BRDA:262,22,0,0
BRDA:262,22,1,0
BRDA:283,23,0,0
BRDA:286,24,0,0
BRDA:286,24,1,0
BRDA:310,25,0,0
BRDA:310,25,1,0
BRDA:310,26,0,0
BRDA:310,26,1,0
BRDA:317,27,0,0
BRDA:317,27,1,0
BRDA:317,28,0,0
BRDA:317,28,1,0
BRDA:321,29,0,0
BRDA:321,29,1,0
BRDA:328,30,0,0
BRDA:328,30,1,0
BRDA:330,31,0,0
BRDA:330,31,1,0
BRDA:336,32,0,0
BRDA:336,32,1,0
BRDA:339,33,0,0
BRDA:339,33,1,0
BRDA:344,34,0,0
BRDA:344,34,1,0
BRDA:344,35,0,0
BRDA:344,35,1,0
BRDA:346,36,0,0
BRDA:346,36,1,0
BRDA:355,37,0,0
BRDA:355,37,1,0
BRDA:361,38,0,0
BRDA:361,38,1,0
BRDA:361,39,0,0
BRDA:361,39,1,0
BRDA:363,40,0,0
BRDA:363,40,1,0
BRDA:387,41,0,0
BRDA:387,41,1,0
BRDA:391,42,0,0
BRDA:391,42,1,0
BRDA:392,43,0,0
BRDA:392,43,1,0
BRDA:410,44,0,0
BRDA:410,44,1,0
BRDA:411,45,0,0
BRDA:411,45,1,0
BRF:87
BRH:0
end_of_record
TN:
SF:utility/logging/harper_logger.js
FN:65,loadLogParams
FN:119,createLog
FN:188,initPinoLogger
FN:197,(anonymous_3)
FN:199,(anonymous_4)
FN:202,(anonymous_5)
FN:217,(anonymous_6)
FN:232,finalLogger
FN:251,writeLog
FN:297,removeOldLogs
FN:313,(anonymous_10)
FN:325,info
FN:333,trace
FN:341,error
FN:349,fatal
FN:357,debug
FN:365,warn
FN:373,notify
FN:381,setLogLevel
FN:391,readLog
FN:457,configureWinstonForQuery
FN:474,getPropsFilePath
FNF:22
FNH:11
FNDA:27,loadLogParams
FNDA:27,createLog
FNDA:27,initPinoLogger
FNDA:27,(anonymous_3)
FNDA:27,(anonymous_4)
FNDA:189,(anonymous_5)
FNDA:0,(anonymous_6)
FNDA:1,finalLogger
FNDA:198,writeLog
FNDA:0,removeOldLogs
FNDA:0,(anonymous_10)
FNDA:170,info
FNDA:28,trace
FNDA:0,error
FNDA:0,fatal
FNDA:0,debug
FNDA:0,warn
FNDA:0,notify
FNDA:0,setLogLevel
FNDA:0,readLog
FNDA:0,configureWinstonForQuery
FNDA:27,getPropsFilePath
DA:3,27
DA:4,27
DA:5,27
DA:6,27
DA:7,27
DA:8,27
DA:9,27
DA:10,27
DA:11,27
DA:12,27
DA:15,27
DA:16,27
DA:18,27
DA:19,27
DA:20,27
DA:21,27
DA:22,27
DA:23,27
DA:24,27
DA:26,27
DA:32,27
DA:37,27
DA:47,27
DA:49,27
DA:50,27
DA:51,27
DA:52,27
DA:53,27
DA:54,27
DA:55,27
DA:56,27
DA:57,27
DA:58,27
DA:59,27
DA:60,27
DA:65,27
DA:66,27
DA:67,27
DA:68,27
DA:69,27
DA:70,27
DA:71,27
DA:72,27
DA:73,27
DA:74,27
DA:75,27
DA:77,27
DA:84,27
DA:85,0
DA:88,27
DA:90,0
DA:93,27
DA:120,27
DA:122,0
DA:126,27
DA:127,0
DA:128,0
DA:130,27
DA:131,27
DA:132,27
DA:133,27
DA:134,27
DA:136,27
DA:137,27
DA:138,27
DA:140,0
DA:141,0
DA:142,0
DA:143,0
DA:145,0
DA:146,0
DA:147,0
DA:148,0
DA:152,0
DA:153,0
DA:154,0
DA:156,0
DA:157,0
DA:158,0
DA:159,0
DA:161,0
DA:162,0
DA:163,0
DA:168,0
DA:169,0
DA:170,0
DA:171,0
DA:175,27
DA:176,27
DA:179,27
DA:180,27
DA:181,27
DA:189,27
DA:190,27
DA:197,27
DA:200,27
DA:203,189
DA:217,27
DA:218,0
DA:221,27
DA:223,0
DA:224,0
DA:233,1
DA:234,0
DA:237,1
DA:238,0
DA:239,0
DA:242,1
DA:252,198
DA:253,198
DA:254,0
DA:257,198
DA:258,0
DA:259,0
DA:263,198
DA:265,0
DA:266,0
DA:270,0
DA:271,0
DA:274,0
DA:275,0
DA:276,0
DA:277,0
DA:281,0
DA:282,0
DA:286,198
DA:288,0
DA:289,0
DA:298,0
DA:299,0
DA:300,0
DA:301,0
DA:302,0
DA:303,0
DA:306,0
DA:307,0
DA:311,0
DA:313,0
DA:315,0
DA:316,0
DA:317,0
DA:326,170
DA:334,28
DA:342,0
DA:350,0
DA:358,0
DA:366,0
DA:374,0
DA:382,0
DA:383,0
DA:384,0
DA:387,0
DA:388,0
DA:392,0
DA:393,0
DA:394,0
DA:397,0
DA:405,0
DA:407,0
DA:408,0
DA:411,0
DA:412,0
DA:415,0
DA:416,0
DA:419,0
DA:420,0
DA:423,0
DA:424,0
DA:427,0
DA:428,0
DA:431,0
DA:432,0
DA:435,0
DA:436,0
DA:439,0
DA:440,0
DA:443,0
DA:445,0
DA:446,0
DA:448,0
DA:449,0
DA:458,0
DA:459,0
DA:475,27
DA:476,27
DA:477,27
DA:480,0
DA:482,27
DA:483,0
DA:486,27
DA:488,27
DA:489,0
DA:491,27
LF:193
LH:89
BRDA:66,0,0,27
BRDA:66,0,1,0
BRDA:84,1,0,0
BRDA:84,1,1,27
BRDA:84,2,0,27
BRDA:84,2,1,27
BRDA:84,2,2,27
BRDA:88,3,0,0
BRDA:88,3,1,27
BRDA:88,4,0,27
BRDA:88,4,1,27
BRDA:120,5,0,0
BRDA:120,5,1,27
BRDA:126,6,0,0
BRDA:126,6,1,27
BRDA:126,7,0,27
BRDA:126,7,1,27
BRDA:126,7,2,27
BRDA:132,8,0,27
BRDA:132,8,1,0
BRDA:136,9,0,27
BRDA:136,9,1,0
BRDA:152,10,0,0
BRDA:152,10,1,0
BRDA:175,11,0,27
BRDA:175,11,1,0
BRDA:176,12,0,0
BRDA:176,12,1,27
BRDA:179,13,0,27
BRDA:179,13,1,0
BRDA:233,14,0,0
BRDA:233,14,1,1
BRDA:237,15,0,0
BRDA:237,15,1,1
BRDA:253,16,0,0
BRDA:253,16,1,198
BRDA:253,17,0,198
BRDA:253,17,1,198
BRDA:253,17,2,198
BRDA:257,18,0,0
BRDA:257,18,1,198
BRDA:263,19,0,0
BRDA:263,19,1,198
BRDA:263,20,0,198
BRDA:263,20,1,0
BRDA:265,21,0,0
BRDA:265,21,1,0
BRDA:274,22,0,0
BRDA:274,22,1,0
BRDA:281,23,0,0
BRDA:281,23,1,0
BRDA:281,24,0,0
BRDA:281,24,1,0
BRDA:306,25,0,0
BRDA:306,25,1,0
BRDA:306,26,0,0
BRDA:306,26,1,0
BRDA:311,27,0,0
BRDA:311,27,1,0
BRDA:382,28,0,0
BRDA:382,28,1,0
BRDA:393,29,0,0
BRDA:393,29,1,0
BRDA:405,30,0,0
BRDA:405,30,1,0
BRDA:405,30,2,0
BRDA:419,31,0,0
BRDA:419,31,1,0
BRDA:423,32,0,0
BRDA:423,32,1,0
BRDA:427,33,0,0
BRDA:427,33,1,0
BRDA:431,34,0,0
BRDA:431,34,1,0
BRDA:435,35,0,0
BRDA:435,35,1,0
BRDA:439,36,0,0
BRDA:439,36,1,0
BRDA:458,37,0,0
BRDA:458,37,1,0
BRDA:482,38,0,0
BRDA:482,38,1,27
BRDA:488,39,0,0
BRDA:488,39,1,27
BRF:84
BRH:29
end_of_record
TN:
SF:utility/registration/hdb_license.js
FN:44,generateFingerPrint
FN:58,writeFingerprint
FN:76,validateLicense
FN:183,checkOldLicense
FN:198,licenseSearch
FN:251,getLicense
FNF:6
FNH:3
FNDA:0,generateFingerPrint
FNDA:0,writeFingerprint
FNDA:1,validateLicense
FNDA:0,checkOldLicense
FNDA:1,licenseSearch
FNDA:1,getLicense
DA:3,1
DA:4,1
DA:5,1
DA:6,1
DA:7,1
DA:8,1
DA:9,1
DA:10,1
DA:11,1
DA:12,1
DA:13,1
DA:14,1
DA:15,1
DA:16,1
DA:17,1
DA:18,1
DA:19,1
DA:21,1
DA:23,1
DA:25,1
DA:27,1
DA:28,1
DA:29,1
DA:31,1
DA:37,1
DA:45,0
DA:46,0
DA:48,0
DA:49,0
DA:52,0
DA:53,0
DA:54,0
DA:59,0
DA:60,0
DA:62,0
DA:63,0
DA:65,0
DA:66,0
DA:68,0
DA:69,0
DA:70,0
DA:73,0
DA:77,1
DA:87,1
DA:88,0
DA:89,0
DA:92,1
DA:94,1
DA:95,1
DA:97,0
DA:100,1
DA:102,1
DA:103,1
DA:105,0
DA:106,0
DA:107,0
DA:110,1
DA:111,1
DA:112,1
DA:113,1
DA:114,1
DA:116,1
DA:117,1
DA:118,1
DA:119,1
DA:120,1
DA:121,1
DA:122,1
DA:123,1
DA:125,0
DA:126,0
DA:127,0
DA:129,0
DA:130,0
DA:132,0
DA:133,0
DA:134,0
DA:140,1
DA:141,1
DA:142,1
DA:143,1
DA:144,1
DA:145,1
DA:146,1
DA:148,1
DA:149,0
DA:152,1
DA:153,1
DA:156,0
DA:157,0
DA:158,0
DA:161,0
DA:164,1
DA:165,0
DA:168,1
DA:169,0
DA:172,0
DA:173,0
DA:175,1
DA:184,0
DA:185,0
DA:186,0
DA:187,0
DA:188,0
DA:189,0
DA:191,0
DA:199,1
DA:200,1
DA:201,1
DA:203,1
DA:204,1
DA:205,1
DA:207,0
DA:208,0
DA:210,0
DA:214,1
DA:215,1
DA:216,1
DA:217,1
DA:218,0
DA:220,1
DA:221,1
DA:222,1
DA:223,1
DA:224,1
DA:225,1
DA:226,1
DA:227,1
DA:230,0
DA:231,0
DA:232,0
DA:233,0
DA:234,0
DA:235,0
DA:239,1
DA:240,0
DA:242,1
DA:243,1
DA:252,1
DA:253,1
DA:255,1
LF:141
LH:83
BRDA:29,0,0,1
BRDA:29,0,1,0
BRDA:48,1,0,0
BRDA:48,1,1,0
BRDA:65,2,0,0
BRDA:65,2,1,0
BRDA:87,3,0,0
BRDA:87,3,1,1
BRDA:100,4,0,1
BRDA:100,4,1,0
BRDA:126,5,0,0
BRDA:126,5,1,0
BRDA:140,6,0,1
BRDA:140,6,1,0
BRDA:148,7,0,0
BRDA:148,7,1,1
BRDA:152,8,0,1
BRDA:152,8,1,0
BRDA:164,9,0,0
BRDA:164,9,1,1
BRDA:168,10,0,0
BRDA:168,10,1,1
BRDA:207,11,0,0
BRDA:207,11,1,0
BRDA:217,12,0,0
BRDA:217,12,1,1
BRDA:222,13,0,1
BRDA:222,13,1,0
BRDA:222,14,0,1
BRDA:222,14,1,1
BRDA:222,14,2,1
BRDA:223,15,0,1
BRDA:223,15,1,0
BRDA:239,16,0,0
BRDA:239,16,1,1
BRDA:252,17,0,1
BRDA:252,17,1,0
BRF:37
BRH:16
end_of_record
TN:
SF:utility/registration/licenseObjects.js
FN:15,(anonymous_0)
FN:36,(anonymous_1)
FNF:2
FNH:2
FNDA:1,(anonymous_0)
FNDA:1,(anonymous_1)
DA:3,1
DA:16,1
DA:17,1
DA:18,1
DA:19,1
DA:20,1
DA:21,1
DA:37,1
DA:38,1
DA:42,1
LF:10
LH:10
BRDA:15,0,0,0
BRDA:15,1,0,0
BRDA:15,2,0,0
BRDA:15,3,0,0
BRDA:15,4,0,0
BRDA:36,5,0,1
BRDA:36,6,0,1
BRDA:36,7,0,1
BRDA:36,8,0,1
BRDA:36,9,0,1
BRDA:36,10,0,1
BRF:11
BRH:6
end_of_record
TN:
SF:utility/registration/registrationHandler.js
FN:33,setLicense
FN:54,getFingerprint
FN:78,parseLicense
FN:110,register
FN:119,promptForRegistration
FN:157,getRegistrationInfo
FNF:6
FNH:0
FNDA:0,setLicense
FNDA:0,getFingerprint
FNDA:0,parseLicense
FNDA:0,register
FNDA:0,promptForRegistration
FNDA:0,getRegistrationInfo
DA:1,1
DA:2,1
DA:3,1
DA:4,1
DA:5,1
DA:6,1
DA:7,1
DA:8,1
DA:9,1
DA:10,1
DA:11,1
DA:12,1
DA:13,1
DA:16,1
DA:18,1
DA:20,1
DA:34,0
DA:35,0
DA:36,0
DA:37,0
DA:38,0
DA:40,0
DA:41,0
DA:42,0
DA:43,0
DA:45,0
DA:47,0
DA:55,0
DA:56,0
DA:58,0
DA:59,0
DA:61,0
DA:62,0
DA:63,0
DA:65,0
DA:66,0
DA:67,0
DA:68,0
DA:70,0
DA:79,0
DA:80,0
DA:83,0
DA:84,0
DA:86,0
DA:87,0
DA:88,0
DA:90,0
DA:91,0
DA:92,0
DA:94,0
DA:95,0
DA:96,0
DA:99,0
DA:100,0
DA:101,0
DA:103,0
DA:104,0
DA:107,0
DA:111,0
DA:112,0
DA:120,0
DA:121,0
DA:123,0
DA:126,0
DA:127,0
DA:140,0
DA:141,0
DA:143,0
DA:147,0
DA:148,0
DA:150,0
DA:151,0
DA:154,0
DA:158,0
DA:168,0
DA:169,0
DA:171,0
DA:172,0
DA:175,0
DA:176,0
DA:179,0
DA:180,0
DA:181,0
DA:182,0
DA:183,0
DA:184,0
DA:186,0
DA:187,0
DA:189,0
LF:89
LH:16
BRDA:34,0,0,0
BRDA:34,0,1,0
BRDA:34,1,0,0
BRDA:34,1,1,0
BRDA:34,1,2,0
BRDA:79,2,0,0
BRDA:79,2,1,0
BRDA:79,3,0,0
BRDA:79,3,1,0
BRDA:87,4,0,0
BRDA:87,4,1,0
BRDA:91,5,0,0
BRDA:91,5,1,0
BRDA:95,6,0,0
BRDA:95,6,1,0
BRDA:175,7,0,0
BRDA:175,7,1,0
BRDA:183,8,0,0
BRDA:183,8,1,0
BRDA:184,9,0,0
BRDA:184,9,1,0
BRDA:187,10,0,0
BRDA:187,10,1,0
BRF:23
BRH:0
end_of_record
TN:
SF:validation/bulkDeleteValidator.js
FN:5,(anonymous_0)
FN:33,(anonymous_1)
FNF:2
FNH:0
FNDA:0,(anonymous_0)
FNDA:0,(anonymous_1)
DA:1,1
DA:2,1
DA:3,1
DA:5,1
DA:6,0
DA:7,0
DA:8,0
DA:10,0
DA:13,0
DA:17,1
DA:33,1
DA:34,0
LF:12
LH:6
BRDA:6,0,0,0
BRDA:6,0,1,0
BRDA:7,1,0,0
BRDA:7,1,1,0
BRF:4
BRH:0
end_of_record
TN:
SF:validation/check_permissions.js
FN:17,(anonymous_0)
FNF:1
FNH:0
FNDA:0,(anonymous_0)
DA:1,1
DA:3,1
DA:17,1
DA:18,0
LF:4
LH:3
BRF:0
BRH:0
end_of_record
TN:
SF:validation/common_validators.js
FNF:0
FNH:0
DA:1,1
DA:2,1
DA:4,1
DA:16,1
DA:21,1
LF:5
LH:5
BRF:0
BRH:0
end_of_record
TN:
SF:validation/fileLoadValidator.js
FN:83,dataObject
FN:88,urlObject
FN:93,fileObject
FN:98,s3FileObject
FN:107,postValidateChecks
FNF:5
FNH:0
FNDA:0,dataObject
FNDA:0,urlObject
FNDA:0,fileObject
FNDA:0,s3FileObject
FNDA:0,postValidateChecks
DA:1,1
DA:2,1
DA:3,1
DA:4,1
DA:5,1
DA:6,1
DA:7,1
DA:8,1
DA:10,1
DA:12,1
DA:14,1
DA:15,1
DA:41,1
DA:43,1
DA:66,1
DA:67,1
DA:71,1
DA:72,1
DA:76,1
DA:78,1
DA:79,1
DA:84,0
DA:85,0
DA:89,0
DA:90,0
DA:94,0
DA:95,0
DA:99,0
DA:100,0
DA:108,0
DA:109,0
DA:110,0
DA:111,0
DA:114,0
DA:115,0
DA:116,0
DA:118,0
DA:119,0
DA:122,0
DA:123,0
DA:125,0
DA:128,0
DA:129,0
DA:130,0
DA:131,0
DA:138,0
DA:139,0
DA:143,0
DA:146,1
LF:49
LH:22
BRDA:108,0,0,0
BRDA:108,0,1,0
BRDA:110,1,0,0
BRDA:110,1,1,0
BRDA:114,2,0,0
BRDA:114,2,1,0
BRDA:118,3,0,0
BRDA:118,3,1,0
BRDA:122,4,0,0
BRDA:122,4,1,0
BRDA:130,5,0,0
BRDA:130,5,1,0
BRF:12
BRH:0
end_of_record
TN:
SF:validation/insertValidator.js
FN:9,(anonymous_0)
FN:37,(anonymous_1)
FNF:2
FNH:0
FNDA:0,(anonymous_0)
FNDA:0,(anonymous_1)
DA:1,1
DA:2,1
DA:3,1
DA:4,1
DA:9,1
DA:10,0
DA:11,0
DA:12,0
DA:13,0
DA:14,0
DA:15,0
DA:16,0
DA:17,0
DA:19,0
DA:24,0
DA:25,0
DA:28,0
DA:31,1
DA:37,1
DA:38,0
LF:20
LH:7
BRDA:15,0,0,0
BRDA:15,0,1,0
BRDA:15,1,0,0
BRDA:15,1,1,0
BRDA:15,1,2,0
BRDA:16,2,0,0
BRDA:16,2,1,0
BRDA:24,3,0,0
BRDA:24,3,1,0
BRF:9
BRH:0
end_of_record
TN:
SF:validation/nodeSubscriptionValidator.js
FN:8,(anonymous_0)
FN:47,(anonymous_1)
FNF:2
FNH:0
FNDA:0,(anonymous_0)
FNDA:0,(anonymous_1)
DA:3,1
DA:4,1
DA:5,1
DA:8,1
DA:9,0
DA:11,0
DA:13,0
DA:14,0
DA:16,0
DA:17,0
DA:18,0
DA:19,0
DA:22,0
DA:26,1
DA:47,1
DA:48,0
LF:16
LH:6
BRDA:9,0,0,0
BRDA:9,0,1,0
BRDA:16,1,0,0
BRDA:16,1,1,0
BRDA:18,2,0,0
BRDA:18,2,1,0
BRF:6
BRH:0
end_of_record
TN:
SF:validation/nodeValidator.js
FN:17,(anonymous_0)
FNF:1
FNH:0
FNDA:0,(anonymous_0)
DA:3,1
DA:5,1
DA:17,1
DA:18,0
LF:4
LH:3
BRF:0
BRH:0
end_of_record
TN:
SF:validation/readLogValidator.js
FN:10,(anonymous_0)
FN:14,(anonymous_1)
FN:50,(anonymous_2)
FNF:3
FNH:0
FNDA:0,(anonymous_0)
FNDA:0,(anonymous_1)
FNDA:0,(anonymous_2)
DA:3,27
DA:4,27
DA:5,27
DA:7,27
DA:11,0
DA:15,0
DA:16,0
DA:20,27
DA:50,27
DA:51,0
LF:10
LH:6
BRF:0
BRH:0
end_of_record
TN:
SF:validation/role_validation.js
FN:8,(anonymous_0)
FN:34,addRoleValidation
FN:42,alterRoleValidation
FN:50,dropRoleValidation
FN:67,customValidate
FN:88,(anonymous_5)
FN:101,(anonymous_6)
FN:128,(anonymous_7)
FN:135,(anonymous_8)
FN:154,(anonymous_9)
FN:164,(anonymous_10)
FN:186,(anonymous_11)
FN:233,validateNoSUPerms
FN:258,generateRolePermResponse
FN:280,addPermError
FNF:15
FNH:0
FNDA:0,(anonymous_0)
FNDA:0,addRoleValidation
FNDA:0,alterRoleValidation
FNDA:0,dropRoleValidation
FNDA:0,customValidate
FNDA:0,(anonymous_5)
FNDA:0,(anonymous_6)
FNDA:0,(anonymous_7)
FNDA:0,(anonymous_8)
FNDA:0,(anonymous_9)
FNDA:0,(anonymous_10)
FNDA:0,(anonymous_11)
FNDA:0,validateNoSUPerms
FNDA:0,generateRolePermResponse
FNDA:0,addPermError
DA:1,1
DA:2,1
DA:3,1
DA:4,1
DA:6,1
DA:8,1
DA:22,1
DA:26,1
DA:27,1
DA:28,1
DA:29,1
DA:30,1
DA:31,1
DA:32,1
DA:35,0
DA:36,0
DA:37,0
DA:38,0
DA:39,0
DA:43,0
DA:44,0
DA:45,0
DA:46,0
DA:47,0
DA:51,0
DA:52,0
DA:53,0
DA:54,0
DA:55,0
DA:58,1
DA:68,0
DA:73,0
DA:76,0
DA:77,0
DA:78,0
DA:79,0
DA:82,0
DA:83,0
DA:86,0
DA:87,0
DA:88,0
DA:89,0
DA:94,0
DA:96,0
DA:97,0
DA:98,0
DA:101,0
DA:102,0
DA:103,0
DA:104,0
DA:110,0
DA:111,0
DA:112,0
DA:114,0
DA:115,0
DA:116,0
DA:118,0
DA:119,0
DA:120,0
DA:122,0
DA:123,0
DA:124,0
DA:128,0
DA:129,0
DA:130,0
DA:135,0
DA:136,0
DA:137,0
DA:138,0
DA:139,0
DA:144,0
DA:145,0
DA:146,0
DA:147,0
DA:148,0
DA:149,0
DA:153,0
DA:154,0
DA:155,0
DA:161,0
DA:162,0
DA:164,0
DA:167,0
DA:168,0
DA:173,0
DA:174,0
DA:175,0
DA:178,0
DA:180,0
DA:181,0
DA:182,0
DA:186,0
DA:187,0
DA:188,0
DA:189,0
DA:190,0
DA:195,0
DA:196,0
DA:198,0
DA:199,0
DA:201,0
DA:202,0
DA:206,0
DA:209,0
DA:210,0
DA:218,0
DA:221,1
DA:234,0
DA:235,0
DA:237,0
DA:238,0
DA:239,0
DA:240,0
DA:241,0
DA:242,0
DA:244,0
DA:245,0
DA:249,0
DA:259,0
DA:260,0
DA:261,0
DA:266,0
DA:268,0
DA:281,0
DA:282,0
DA:284,0
DA:285,0
DA:286,0
DA:288,0
LF:129
LH:16
BRDA:78,0,0,0
BRDA:78,0,1,0
BRDA:82,1,0,0
BRDA:82,1,1,0
BRDA:87,2,0,0
BRDA:87,2,1,0
BRDA:94,3,0,0
BRDA:94,3,1,0
BRDA:97,4,0,0
BRDA:97,4,1,0
BRDA:102,5,0,0
BRDA:102,5,1,0
BRDA:103,6,0,0
BRDA:103,6,1,0
BRDA:111,7,0,0
BRDA:111,7,1,0
BRDA:114,8,0,0
BRDA:114,8,1,0
BRDA:114,9,0,0
BRDA:114,9,1,0
BRDA:118,10,0,0
BRDA:118,10,1,0
BRDA:122,11,0,0
BRDA:122,11,1,0
BRDA:122,12,0,0
BRDA:122,12,1,0
BRDA:129,13,0,0
BRDA:129,13,1,0
BRDA:136,14,0,0
BRDA:136,14,1,0
BRDA:138,15,0,0
BRDA:138,15,1,0
BRDA:144,16,0,0
BRDA:144,16,1,0
BRDA:147,17,0,0
BRDA:147,17,1,0
BRDA:153,18,0,0
BRDA:153,18,1,0
BRDA:167,19,0,0
BRDA:167,19,1,0
BRDA:167,20,0,0
BRDA:167,20,1,0
BRDA:173,21,0,0
BRDA:173,21,1,0
BRDA:180,22,0,0
BRDA:180,22,1,0
BRDA:187,23,0,0
BRDA:187,23,1,0
BRDA:189,24,0,0
BRDA:189,24,1,0
BRDA:195,25,0,0
BRDA:195,25,1,0
BRDA:195,26,0,0
BRDA:195,26,1,0
BRDA:198,27,0,0
BRDA:198,27,1,0
BRDA:198,28,0,0
BRDA:198,28,1,0
BRDA:201,29,0,0
BRDA:201,29,1,0
BRDA:201,30,0,0
BRDA:201,30,1,0
BRDA:206,31,0,0
BRDA:206,31,1,0
BRDA:206,32,0,0
BRDA:206,32,1,0
BRDA:206,32,2,0
BRDA:206,32,3,0
BRDA:206,32,4,0
BRDA:206,32,5,0
BRDA:235,33,0,0
BRDA:235,33,1,0
BRDA:235,34,0,0
BRDA:235,34,1,0
BRDA:240,35,0,0
BRDA:240,35,1,0
BRDA:240,36,0,0
BRDA:240,36,1,0
BRDA:240,36,2,0
BRDA:241,37,0,0
BRDA:241,37,1,0
BRDA:241,38,0,0
BRDA:241,38,1,0
BRDA:244,39,0,0
BRDA:244,39,1,0
BRDA:260,40,0,0
BRDA:260,40,1,0
BRDA:260,41,0,0
BRDA:260,41,1,0
BRDA:281,42,0,0
BRDA:281,42,1,0
BRDA:284,43,0,0
BRDA:284,43,1,0
BRDA:285,44,0,0
BRDA:285,44,1,0
BRF:95
BRH:0
end_of_record
TN:
SF:validation/schemaMetadataValidator.js
FN:18,checkSchemaExists
FN:35,checkSchemaTableExists
FNF:2
FNH:0
FNDA:0,checkSchemaExists
FNDA:0,checkSchemaTableExists
DA:3,1
DA:4,1
DA:6,1
DA:19,0
DA:20,0
DA:21,0
DA:22,0
DA:24,0
DA:36,0
DA:37,0
DA:38,0
DA:41,0
DA:42,0
DA:43,0
DA:44,0
DA:45,0
DA:48,0
DA:50,0
LF:18
LH:3
BRDA:19,0,0,0
BRDA:19,0,1,0
BRDA:37,1,0,0
BRDA:37,1,1,0
BRDA:41,2,0,0
BRDA:41,2,1,0
BRDA:44,3,0,0
BRDA:44,3,1,0
BRDA:44,4,0,0
BRDA:44,4,1,0
BRF:10
BRH:0
end_of_record
TN:
SF:validation/schema_validator.js
FN:28,makeAttributesStrings
FN:36,schema_object
FN:45,table_object
FN:54,create_table_object
FN:63,attribute_object
FN:72,describe_table
FN:85,validateTableResidence
FNF:7
FNH:2
FNDA:1,makeAttributesStrings
FNDA:0,schema_object
FNDA:0,table_object
FNDA:0,create_table_object
FNDA:0,attribute_object
FNDA:1,describe_table
FNDA:0,validateTableResidence
DA:1,1
DA:2,1
DA:4,1
DA:29,1
DA:31,2
DA:33,1
DA:37,0
DA:38,0
DA:39,0
DA:40,0
DA:41,0
DA:42,0
DA:46,0
DA:47,0
DA:48,0
DA:49,0
DA:50,0
DA:51,0
DA:55,0
DA:56,0
DA:57,0
DA:58,0
DA:59,0
DA:60,0
DA:64,0
DA:65,0
DA:66,0
DA:67,0
DA:68,0
DA:69,0
DA:73,1
DA:74,1
DA:75,1
DA:76,1
DA:77,1
DA:78,1
DA:86,0
DA:87,0
DA:90,0
DA:91,0
DA:94,0
DA:95,0
DA:98,0
DA:99,0
DA:100,0
DA:105,1
LF:46
LH:13
BRDA:31,0,0,0
BRDA:31,0,1,2
BRDA:31,1,0,2
BRDA:31,1,1,2
BRDA:31,1,2,2
BRDA:86,2,0,0
BRDA:86,2,1,0
BRDA:90,3,0,0
BRDA:90,3,1,0
BRDA:94,4,0,0
BRDA:94,4,1,0
BRDA:99,5,0,0
BRDA:99,5,1,0
BRF:13
BRH:4
end_of_record
TN:
SF:validation/searchValidator.js
FN:47,(anonymous_0)
FN:91,(anonymous_1)
FN:92,(anonymous_2)
FNF:3
FNH:1
FNDA:6,(anonymous_0)
FNDA:0,(anonymous_1)
FNDA:0,(anonymous_2)
DA:1,1
DA:2,1
DA:3,1
DA:4,1
DA:5,1
DA:6,1
DA:7,1
DA:9,1
DA:16,1
DA:27,1
DA:47,1
DA:48,6
DA:49,6
DA:51,6
DA:52,6
DA:54,0
DA:55,0
DA:57,0
DA:58,0
DA:60,0
DA:64,6
DA:65,6
DA:67,0
DA:68,0
DA:69,0
DA:72,0
DA:73,0
DA:76,0
DA:78,0
DA:79,0
DA:83,0
DA:85,0
DA:86,0
DA:87,0
DA:91,0
DA:93,0
DA:98,0
DA:100,0
DA:101,0
DA:102,0
DA:107,6
LF:41
LH:18
BRDA:49,0,0,6
BRDA:49,0,1,0
BRDA:49,0,2,0
BRDA:49,0,3,0
BRDA:64,1,0,6
BRDA:64,1,1,0
BRDA:65,2,0,0
BRDA:65,2,1,6
BRDA:68,3,0,0
BRDA:68,3,1,0
BRDA:78,4,0,0
BRDA:78,4,1,0
BRDA:83,5,0,0
BRDA:83,5,1,0
BRDA:91,6,0,0
BRDA:91,6,1,0
BRDA:91,6,2,0
BRDA:93,7,0,0
BRDA:93,7,1,0
BRDA:93,7,2,0
BRDA:98,8,0,0
BRDA:98,8,1,0
BRDA:98,9,0,0
BRDA:98,9,1,0
BRF:24
BRH:3
end_of_record
TN:
SF:validation/user_validation.js
FN:28,addUserValidation
FN:36,alterUserValidation
FN:44,dropUserValidation
FNF:3
FNH:0
FNDA:0,addUserValidation
FNDA:0,alterUserValidation
FNDA:0,dropUserValidation
DA:1,1
DA:3,1
DA:29,0
DA:30,0
DA:31,0
DA:32,0
DA:33,0
DA:37,0
DA:38,0
DA:39,0
DA:40,0
DA:41,0
DA:45,0
DA:46,0
DA:47,0
DA:48,0
DA:49,0
DA:52,1
LF:18
LH:3
BRF:0
BRH:0
end_of_record
TN:
SF:validation/validationWrapper.js
FN:19,(anonymous_0)
FN:29,(anonymous_1)
FN:37,(anonymous_2)
FN:42,(anonymous_3)
FN:48,(anonymous_4)
FN:57,validateObject
FN:73,validateObjectAsync
FN:95,validateBySchema
FNF:8
FNH:2
FNDA:0,(anonymous_0)
FNDA:0,(anonymous_1)
FNDA:0,(anonymous_2)
FNDA:0,(anonymous_3)
FNDA:0,(anonymous_4)
FNDA:1,validateObject
FNDA:0,validateObjectAsync
FNDA:6,validateBySchema
DA:14,27
DA:19,27
DA:21,0
DA:22,0
DA:25,0
DA:28,27
DA:30,0
DA:38,0
DA:42,27
DA:44,0
DA:45,0
DA:48,0
DA:51,27
DA:58,1
DA:59,0
DA:62,1
DA:63,1
DA:64,0
DA:74,0
DA:75,0
DA:78,0
DA:79,0
DA:82,0
DA:83,0
DA:86,0
DA:96,6
DA:98,6
DA:99,0
LF:28
LH:10
BRDA:21,0,0,0
BRDA:21,0,1,0
BRDA:21,1,0,0
BRDA:21,1,1,0
BRDA:25,2,0,0
BRDA:25,2,1,0
BRDA:30,3,0,0
BRDA:30,3,1,0
BRDA:44,4,0,0
BRDA:44,4,1,0
BRDA:44,5,0,0
BRDA:44,5,1,0
BRDA:48,6,0,0
BRDA:48,6,1,0
BRDA:58,7,0,0
BRDA:58,7,1,1
BRDA:58,8,0,1
BRDA:58,8,1,1
BRDA:63,9,0,1
BRDA:63,9,1,0
BRDA:74,10,0,0
BRDA:74,10,1,0
BRDA:74,11,0,0
BRDA:74,11,1,0
BRDA:98,12,0,0
BRDA:98,12,1,6
BRF:26
BRH:5
end_of_record
TN:
SF:validation/clustering/configureValidator.js
FN:8,doesPathExist
FN:195,(anonymous_1)
FNF:2
FNH:0
FNDA:0,doesPathExist
FNDA:0,(anonymous_1)
DA:1,1
DA:2,1
DA:3,1
DA:4,1
DA:5,1
DA:9,0
DA:10,0
DA:11,0
DA:13,0
DA:16,1
DA:18,1
DA:195,1
DA:197,0
DA:198,0
DA:199,0
DA:200,0
DA:201,0
DA:204,0
DA:205,0
DA:206,0
DA:208,0
DA:210,0
LF:22
LH:8
BRDA:10,0,0,0
BRDA:10,0,1,0
BRDA:200,1,0,0
BRDA:200,1,1,0
BRDA:200,2,0,0
BRDA:200,2,1,0
BRF:6
BRH:0
end_of_record
