TN:
SF:bin/BinObjects.js
FN:8,(anonymous_0)
FNF:1
FNH:1
FNDA:7,(anonymous_0)
DA:9,7
DA:10,7
DA:11,7
DA:15,1
LF:4
LH:4
BRF:0
BRH:0
end_of_record
TN:
SF:bin/stop.js
FN:24,restartProcesses
FN:46,stop
FN:61,killProcs
FN:70,(anonymous_3)
FN:93,checkHdbProcsEnd
FNF:5
FNH:5
FNDA:3,restartProcesses
FNDA:2,stop
FNDA:5,killProcs
FNDA:8,(anonymous_3)
FNDA:4,checkHdbProcsEnd
DA:2,4
DA:3,4
DA:4,4
DA:5,4
DA:6,4
DA:7,4
DA:9,4
DA:10,4
DA:11,4
DA:12,4
DA:14,4
DA:25,3
DA:26,2
DA:28,3
DA:29,3
DA:30,1
DA:31,1
DA:33,2
DA:34,1
DA:36,1
DA:37,1
DA:38,1
DA:47,2
DA:48,2
DA:49,2
DA:50,2
DA:51,1
DA:52,1
DA:54,1
DA:56,1
DA:57,1
DA:62,5
DA:63,5
DA:64,5
DA:65,5
DA:66,1
DA:67,1
DA:70,4
DA:74,8
DA:75,6
DA:76,6
DA:78,2
DA:83,4
DA:85,1
DA:94,4
DA:95,4
DA:96,4
DA:97,14
DA:99,14
DA:100,14
DA:101,2
DA:105,4
DA:106,2
DA:107,2
LF:54
LH:54
BRDA:25,0,0,2
BRDA:25,0,1,1
BRDA:29,1,0,1
BRDA:29,1,1,2
BRDA:29,2,0,3
BRDA:29,2,1,3
BRDA:65,3,0,1
BRDA:65,3,1,4
BRDA:74,4,0,6
BRDA:74,4,1,2
BRDA:74,5,0,8
BRDA:74,5,1,2
BRDA:103,6,0,14
BRDA:103,6,1,12
BRDA:100,7,0,2
BRDA:100,7,1,12
BRDA:105,8,0,2
BRDA:105,8,1,2
BRF:18
BRH:18
end_of_record
TN:
SF:bin/upgrade.js
FN:71,checkIfRunning
FN:72,(anonymous_1)
FN:78,(anonymous_2)
FN:86,callUpgradeOnNew
FN:100,upgradeFromFilePath
FN:107,(anonymous_5)
FN:112,(anonymous_6)
FN:125,upgrade
FN:146,(anonymous_8)
FN:159,(anonymous_9)
FN:164,(anonymous_10)
FN:191,startUpgrade
FN:264,postInstallCleanUp
FN:281,getLatestVersion
FN:308,getBuild
FN:325,(anonymous_15)
FN:327,(anonymous_16)
FN:342,findOs
FN:368,copyUpgradeExecutable
FN:372,(anonymous_19)
FN:377,(anonymous_20)
FN:391,startUpgradeDirectives
FN:407,listDirectiveChanges
FN:420,backupCurrInstall
FN:446,copyNewFilesIntoInstall
FN:462,printToLogAndConsole
FNF:26
FNH:6
FNDA:0,checkIfRunning
FNDA:0,(anonymous_1)
FNDA:0,(anonymous_2)
FNDA:0,callUpgradeOnNew
FNDA:0,upgradeFromFilePath
FNDA:0,(anonymous_5)
FNDA:0,(anonymous_6)
FNDA:9,upgrade
FNDA:0,(anonymous_8)
FNDA:0,(anonymous_9)
FNDA:0,(anonymous_10)
FNDA:5,startUpgrade
FNDA:0,postInstallCleanUp
FNDA:2,getLatestVersion
FNDA:0,getBuild
FNDA:0,(anonymous_15)
FNDA:0,(anonymous_16)
FNDA:6,findOs
FNDA:0,copyUpgradeExecutable
FNDA:0,(anonymous_19)
FNDA:0,(anonymous_20)
FNDA:1,startUpgradeDirectives
FNDA:0,listDirectiveChanges
FNDA:0,backupCurrInstall
FNDA:0,copyNewFilesIntoInstall
FNDA:30,printToLogAndConsole
DA:17,1
DA:18,1
DA:19,1
DA:20,1
DA:21,1
DA:22,1
DA:23,1
DA:24,1
DA:25,1
DA:26,1
DA:27,1
DA:28,1
DA:29,1
DA:30,1
DA:31,1
DA:32,1
DA:33,1
DA:34,1
DA:35,1
DA:37,1
DA:38,1
DA:39,1
DA:40,1
DA:43,1
DA:46,1
DA:47,1
DA:48,1
DA:50,1
DA:51,1
DA:53,1
DA:54,1
DA:55,1
DA:56,1
DA:64,1
DA:65,1
DA:72,0
DA:73,0
DA:74,0
DA:75,0
DA:76,0
DA:79,0
DA:88,0
DA:89,0
DA:90,0
DA:94,0
DA:97,0
DA:102,0
DA:103,0
DA:104,0
DA:106,0
DA:107,0
DA:108,0
DA:109,0
DA:110,0
DA:112,0
DA:113,0
DA:114,0
DA:115,0
DA:126,9
DA:127,9
DA:128,9
DA:129,1
DA:130,1
DA:134,8
DA:135,8
DA:137,1
DA:138,1
DA:141,7
DA:142,7
DA:143,1
DA:144,1
DA:146,6
DA:147,0
DA:148,0
DA:149,0
DA:152,5
DA:153,1
DA:155,4
DA:156,4
DA:157,4
DA:159,4
DA:163,4
DA:164,2
DA:165,0
DA:167,0
DA:171,3
DA:172,3
DA:174,3
DA:176,3
DA:177,3
DA:179,1
DA:180,1
DA:192,5
DA:193,5
DA:194,5
DA:195,4
DA:196,4
DA:198,1
DA:199,1
DA:202,5
DA:203,5
DA:204,5
DA:206,5
DA:207,5
DA:208,5
DA:209,4
DA:210,4
DA:212,1
DA:213,1
DA:214,1
DA:217,4
DA:218,4
DA:221,1
DA:224,3
DA:225,3
DA:226,3
DA:229,1
DA:232,3
DA:233,3
DA:236,0
DA:238,3
DA:239,3
DA:240,3
DA:241,3
DA:243,1
DA:244,1
DA:245,1
DA:249,3
DA:250,3
DA:251,3
DA:252,3
DA:254,0
DA:255,0
DA:257,3
DA:258,3
DA:265,0
DA:266,0
DA:267,0
DA:268,0
DA:270,0
DA:271,0
DA:272,0
DA:282,2
DA:292,2
DA:293,2
DA:294,2
DA:296,1
DA:297,1
DA:299,1
DA:300,1
DA:309,0
DA:319,0
DA:320,0
DA:322,0
DA:323,0
DA:324,0
DA:325,0
DA:326,0
DA:327,0
DA:328,0
DA:329,0
DA:333,0
DA:334,0
DA:343,6
DA:344,0
DA:346,0
DA:348,0
DA:350,0
DA:353,6
DA:355,0
DA:357,6
DA:359,0
DA:369,0
DA:371,0
DA:372,0
DA:373,0
DA:374,0
DA:377,0
DA:378,0
DA:379,0
DA:380,0
DA:392,1
DA:393,1
DA:394,1
DA:396,0
DA:398,1
DA:408,0
DA:409,0
DA:410,0
DA:412,0
DA:414,0
DA:421,0
DA:422,0
DA:423,0
DA:424,0
DA:426,0
DA:427,0
DA:429,0
DA:430,0
DA:432,0
DA:434,0
DA:435,0
DA:437,0
DA:438,0
DA:439,0
DA:447,0
DA:448,0
DA:449,0
DA:450,0
DA:451,0
DA:453,0
DA:454,0
DA:456,0
DA:457,0
DA:458,0
DA:463,30
DA:464,1
DA:466,30
DA:467,30
LF:219
LH:123
BRDA:73,0,0,0
BRDA:73,0,1,0
BRDA:102,1,0,0
BRDA:102,1,1,0
BRDA:128,2,0,1
BRDA:128,2,1,8
BRDA:142,3,0,1
BRDA:142,3,1,6
BRDA:152,4,0,1
BRDA:152,4,1,4
BRDA:163,5,0,2
BRDA:163,5,1,2
BRDA:343,6,0,0
BRDA:343,6,1,6
BRDA:343,7,0,6
BRDA:343,7,1,6
BRDA:344,8,0,0
BRDA:344,8,1,0
BRDA:344,8,2,0
BRDA:353,9,0,0
BRDA:353,9,1,6
BRDA:353,9,2,0
BRDA:429,10,0,0
BRDA:429,10,1,0
BRDA:463,11,0,1
BRDA:463,11,1,29
BRF:26
BRH:14
end_of_record
TN:
SF:bin/version.js
FN:16,version
FN:22,printVersion
FN:28,refresh
FNF:3
FNH:2
FNDA:6,version
FNDA:0,printVersion
FNDA:3,refresh
DA:1,2
DA:2,2
DA:3,2
DA:8,2
DA:9,2
DA:10,2
DA:12,0
DA:13,0
DA:17,6
DA:18,6
DA:23,0
DA:24,0
DA:29,3
DA:30,3
DA:32,0
DA:33,0
LF:16
LH:10
BRDA:17,0,0,6
BRDA:17,0,1,0
BRDA:23,1,0,0
BRDA:23,1,1,0
BRF:4
BRH:1
end_of_record
TN:
SF:data_layer/CreateAttributeObject.js
FN:16,(anonymous_0)
FNF:1
FNH:1
FNDA:782,(anonymous_0)
DA:3,2
DA:17,782
DA:18,782
DA:19,782
DA:20,782
DA:21,782
DA:25,2
LF:7
LH:7
BRDA:20,0,0,365
BRDA:20,0,1,417
BRF:2
BRH:2
end_of_record
TN:
SF:data_layer/CreateTableObject.js
FN:4,(anonymous_0)
FNF:1
FNH:1
FNDA:14,(anonymous_0)
DA:5,14
DA:6,14
DA:7,14
DA:11,2
LF:4
LH:4
BRF:0
BRH:0
end_of_record
TN:
SF:data_layer/DataLayerObjects.js
FN:4,(anonymous_0)
FN:14,(anonymous_1)
FN:25,(anonymous_2)
FNF:3
FNH:3
FNDA:12,(anonymous_0)
FNDA:10,(anonymous_1)
FNDA:13,(anonymous_2)
DA:5,12
DA:6,12
DA:7,12
DA:8,12
DA:9,12
DA:15,10
DA:16,10
DA:17,10
DA:18,10
DA:19,10
DA:20,10
DA:26,13
DA:27,13
DA:28,13
DA:33,2
LF:15
LH:15
BRF:0
BRH:0
end_of_record
TN:
SF:data_layer/DeleteBeforeObject.js
FN:15,(anonymous_0)
FNF:1
FNH:1
FNDA:1,(anonymous_0)
DA:16,1
DA:17,1
DA:18,1
DA:22,2
LF:4
LH:4
BRF:0
BRH:0
end_of_record
TN:
SF:data_layer/DeleteObject.js
FN:16,(anonymous_0)
FNF:1
FNH:1
FNDA:65,(anonymous_0)
DA:3,2
DA:17,65
DA:18,65
DA:19,65
DA:20,65
DA:21,65
DA:25,2
LF:7
LH:7
BRDA:16,0,0,65
BRF:1
BRH:1
end_of_record
TN:
SF:data_layer/DropAttributeObject.js
FN:4,(anonymous_0)
FNF:1
FNH:1
FNDA:53,(anonymous_0)
DA:5,53
DA:6,53
DA:7,53
DA:11,2
LF:4
LH:4
BRF:0
BRH:0
end_of_record
TN:
SF:data_layer/ExplodedObject.js
FN:12,(anonymous_0)
FNF:1
FNH:1
FNDA:25,(anonymous_0)
DA:13,25
DA:14,25
DA:15,25
DA:16,25
DA:17,25
DA:21,1
LF:6
LH:6
BRF:0
BRH:0
end_of_record
TN:
SF:data_layer/InsertObject.js
FN:14,(anonymous_0)
FNF:1
FNH:1
FNDA:109,(anonymous_0)
DA:2,2
DA:15,109
DA:16,109
DA:17,109
DA:18,109
DA:19,109
DA:20,109
DA:24,2
LF:8
LH:8
BRDA:14,0,0,95
BRF:1
BRH:1
end_of_record
TN:
SF:data_layer/ReadTransactionLogObject.js
FN:15,(anonymous_0)
FNF:1
FNH:1
FNDA:17,(anonymous_0)
DA:3,2
DA:16,17
DA:17,17
DA:18,17
DA:19,17
DA:20,17
DA:24,2
LF:7
LH:7
BRDA:15,0,0,5
BRDA:15,1,0,8
BRF:2
BRH:2
end_of_record
TN:
SF:data_layer/SQLSearch.js
FN:34,(anonymous_0)
FN:69,(anonymous_1)
FN:134,(anonymous_2)
FN:150,(anonymous_3)
FN:152,(anonymous_4)
FN:156,(anonymous_5)
FN:157,(anonymous_6)
FN:173,(anonymous_7)
FN:199,(anonymous_8)
FN:304,(anonymous_9)
FN:311,(anonymous_10)
FN:363,(anonymous_11)
FN:403,(anonymous_12)
FN:405,(anonymous_13)
FN:420,(anonymous_14)
FN:422,(anonymous_15)
FN:437,(anonymous_16)
FN:462,(anonymous_17)
FN:464,(anonymous_18)
FN:479,(anonymous_19)
FN:491,(anonymous_20)
FN:503,(anonymous_21)
FN:515,(anonymous_22)
FN:543,(anonymous_23)
FN:558,(anonymous_24)
FN:565,(anonymous_25)
FN:624,(anonymous_26)
FN:716,(anonymous_27)
FN:725,(anonymous_28)
FN:740,(anonymous_29)
FN:741,(anonymous_30)
FN:756,(anonymous_31)
FN:805,(anonymous_32)
FN:806,(anonymous_33)
FN:807,(anonymous_34)
FN:809,(anonymous_35)
FN:824,(anonymous_36)
FN:838,(anonymous_37)
FN:857,(anonymous_38)
FN:882,(anonymous_39)
FN:919,(anonymous_40)
FN:926,(anonymous_41)
FN:950,(anonymous_42)
FN:966,(anonymous_43)
FN:982,(anonymous_44)
FN:984,(anonymous_45)
FN:1035,(anonymous_46)
FN:1046,(anonymous_47)
FN:1056,(anonymous_48)
FN:1060,(anonymous_49)
FN:1106,(anonymous_50)
FN:1111,(anonymous_51)
FN:1134,(anonymous_52)
FN:1137,(anonymous_53)
FN:1155,(anonymous_54)
FN:1158,(anonymous_55)
FN:1166,(anonymous_56)
FN:1176,(anonymous_57)
FN:1191,(anonymous_58)
FN:1192,(anonymous_59)
FN:1201,(anonymous_60)
FNF:61
FNH:59
FNDA:78,(anonymous_0)
FNDA:30,(anonymous_1)
FNDA:81,(anonymous_2)
FNDA:79,(anonymous_3)
FNDA:591,(anonymous_4)
FNDA:591,(anonymous_5)
FNDA:95,(anonymous_6)
FNDA:89,(anonymous_7)
FNDA:16,(anonymous_8)
FNDA:77,(anonymous_9)
FNDA:419,(anonymous_10)
FNDA:78,(anonymous_11)
FNDA:406,(anonymous_12)
FNDA:6160,(anonymous_13)
FNDA:171,(anonymous_14)
FNDA:8,(anonymous_15)
FNDA:32,(anonymous_16)
FNDA:105,(anonymous_17)
FNDA:95,(anonymous_18)
FNDA:78,(anonymous_19)
FNDA:12923,(anonymous_20)
FNDA:13272,(anonymous_21)
FNDA:43,(anonymous_22)
FNDA:17,(anonymous_23)
FNDA:89,(anonymous_24)
FNDA:69,(anonymous_25)
FNDA:3,(anonymous_26)
FNDA:43,(anonymous_27)
FNDA:13,(anonymous_28)
FNDA:18,(anonymous_29)
FNDA:24,(anonymous_30)
FNDA:155,(anonymous_31)
FNDA:18,(anonymous_32)
FNDA:24,(anonymous_33)
FNDA:22,(anonymous_34)
FNDA:1,(anonymous_35)
FNDA:31,(anonymous_36)
FNDA:8,(anonymous_37)
FNDA:39,(anonymous_38)
FNDA:2,(anonymous_39)
FNDA:13968,(anonymous_40)
FNDA:38,(anonymous_41)
FNDA:31,(anonymous_42)
FNDA:156,(anonymous_43)
FNDA:32,(anonymous_44)
FNDA:145,(anonymous_45)
FNDA:29,(anonymous_46)
FNDA:7,(anonymous_47)
FNDA:13,(anonymous_48)
FNDA:111,(anonymous_49)
FNDA:0,(anonymous_50)
FNDA:0,(anonymous_51)
FNDA:31,(anonymous_52)
FNDA:199,(anonymous_53)
FNDA:62,(anonymous_54)
FNDA:77,(anonymous_55)
FNDA:251,(anonymous_56)
FNDA:251,(anonymous_57)
FNDA:2,(anonymous_58)
FNDA:8,(anonymous_59)
FNDA:8,(anonymous_60)
DA:9,2
DA:10,2
DA:11,2
DA:12,2
DA:13,2
DA:14,2
DA:15,2
DA:16,2
DA:17,2
DA:18,2
DA:19,2
DA:21,2
DA:22,2
DA:25,2
DA:35,78
DA:36,1
DA:37,1
DA:40,77
DA:42,77
DA:44,77
DA:46,77
DA:47,77
DA:48,77
DA:49,77
DA:52,77
DA:54,77
DA:55,77
DA:56,77
DA:58,77
DA:59,77
DA:60,77
DA:61,77
DA:62,77
DA:70,30
DA:71,30
DA:72,30
DA:73,30
DA:74,1
DA:75,1
DA:78,0
DA:79,0
DA:80,0
DA:83,29
DA:85,29
DA:86,29
DA:87,1
DA:90,0
DA:91,0
DA:92,0
DA:96,28
DA:97,0
DA:98,0
DA:102,28
DA:104,28
DA:106,0
DA:107,0
DA:108,0
DA:111,28
DA:113,28
DA:115,0
DA:116,0
DA:117,0
DA:120,28
DA:121,28
DA:122,28
DA:124,0
DA:125,0
DA:126,0
DA:135,81
DA:136,81
DA:137,2490
DA:138,552
DA:139,157
DA:141,552
DA:151,79
DA:152,79
DA:153,591
DA:156,591
DA:157,79
DA:158,95
DA:159,95
DA:160,95
DA:161,95
DA:162,95
DA:163,95
DA:176,89
DA:177,45
DA:178,45
DA:182,44
DA:186,44
DA:187,334
DA:188,0
DA:190,334
DA:191,56
DA:192,40
DA:193,40
DA:194,0
DA:195,40
DA:196,0
DA:198,16
DA:199,6
DA:200,16
DA:201,16
DA:202,0
DA:203,16
DA:204,0
DA:211,44
DA:212,0
DA:213,0
DA:216,44
DA:217,334
DA:218,47
DA:219,47
DA:220,47
DA:221,47
DA:222,0
DA:225,47
DA:228,47
DA:229,21
DA:230,19
DA:236,21
DA:237,21
DA:238,0
DA:239,0
DA:240,0
DA:243,21
DA:249,21
DA:252,26
DA:253,26
DA:259,26
DA:260,26
DA:262,26
DA:264,13
DA:265,13
DA:267,0
DA:269,13
DA:271,6
DA:273,6
DA:274,16
DA:275,16
DA:277,0
DA:278,0
DA:281,6
DA:283,7
DA:284,7
DA:286,26
DA:289,26
DA:290,7
DA:292,19
DA:306,77
DA:307,2
DA:309,75
DA:310,75
DA:311,75
DA:312,419
DA:313,47
DA:314,47
DA:317,372
DA:318,13
DA:321,372
DA:322,356
DA:323,356
DA:324,59
DA:325,1
DA:326,1
DA:327,1
DA:329,58
DA:330,58
DA:333,297
DA:337,372
DA:338,3
DA:339,3
DA:342,372
DA:343,11
DA:348,11
DA:352,75
DA:353,47
DA:364,78
DA:365,78
DA:366,78
DA:367,4104
DA:368,4088
DA:369,0
DA:371,4088
DA:372,486
DA:373,486
DA:375,4088
DA:376,453
DA:377,453
DA:379,4088
DA:380,94
DA:381,94
DA:384,4088
DA:385,56
DA:386,56
DA:391,0
DA:392,0
DA:405,406
DA:406,6160
DA:407,14
DA:410,6146
DA:411,4434
DA:414,1712
DA:415,1712
DA:419,406
DA:420,171
DA:421,21
DA:422,8
DA:428,406
DA:438,32
DA:440,32
DA:442,0
DA:443,32
DA:445,2
DA:446,2
DA:448,0
DA:449,0
DA:450,0
DA:453,32
DA:463,105
DA:464,65
DA:465,95
DA:466,95
DA:467,93
DA:480,78
DA:481,78
DA:492,12923
DA:504,13272
DA:505,13272
DA:518,43
DA:519,0
DA:522,43
DA:524,43
DA:525,43
DA:526,43
DA:528,0
DA:530,43
DA:531,21
DA:536,43
DA:537,43
DA:538,2
DA:541,41
DA:543,17
DA:544,17
DA:548,17
DA:552,43
DA:553,18
DA:554,18
DA:558,89
DA:560,43
DA:561,2
DA:565,41
DA:566,69
DA:567,69
DA:569,69
DA:570,51
DA:571,51
DA:572,51
DA:575,69
DA:576,27
DA:577,27
DA:580,69
DA:583,41
DA:584,69
DA:585,69
DA:587,69
DA:592,69
DA:593,69
DA:597,69
DA:598,42
DA:604,69
DA:606,12
DA:607,9
DA:608,9
DA:609,9
DA:611,9
DA:612,14
DA:613,14
DA:614,14
DA:618,0
DA:619,0
DA:622,3
DA:623,3
DA:624,3
DA:625,3
DA:626,3
DA:627,3
DA:629,3
DA:630,4
DA:631,3
DA:632,3
DA:633,3
DA:635,1
DA:640,0
DA:641,0
DA:645,57
DA:647,3
DA:648,3
DA:649,3
DA:650,3
DA:651,3
DA:652,3
DA:653,3
DA:655,3
DA:656,2
DA:657,11
DA:658,11
DA:659,11
DA:663,1
DA:664,2
DA:665,0
DA:666,0
DA:667,0
DA:669,2
DA:675,0
DA:676,0
DA:679,54
DA:680,54
DA:681,54
DA:682,54
DA:684,54
DA:685,31
DA:686,7534
DA:687,5874
DA:688,5874
DA:692,23
DA:693,13266
DA:694,7021
DA:695,7021
DA:696,7021
DA:698,6245
DA:703,0
DA:704,0
DA:717,43
DA:719,43
DA:721,40
DA:722,40
DA:725,3
DA:726,13
DA:727,5
DA:728,5
DA:732,3
DA:741,18
DA:743,24
DA:744,0
DA:745,0
DA:748,24
DA:749,0
DA:750,0
DA:751,0
DA:753,24
DA:756,24
DA:757,155
DA:758,155
DA:760,155
DA:761,109
DA:763,46
DA:767,24
DA:768,3
DA:771,24
DA:774,24
DA:775,24
DA:777,24
DA:778,3
DA:779,3
DA:780,3
DA:781,3
DA:783,21
DA:784,15
DA:785,15
DA:788,6
DA:789,6
DA:790,6
DA:791,6
DA:793,21
DA:794,19
DA:795,19
DA:806,24
DA:807,18
DA:808,22
DA:809,1
DA:810,1
DA:812,21
DA:815,18
DA:825,31
DA:826,31
DA:829,31
DA:830,31
DA:831,31
DA:835,31
DA:837,31
DA:838,3
DA:839,8
DA:840,0
DA:842,8
DA:843,8
DA:845,8
DA:846,8
DA:848,8
DA:850,8
DA:855,31
DA:856,31
DA:857,31
DA:858,39
DA:859,39
DA:865,39
DA:867,39
DA:872,31
DA:874,31
DA:878,31
DA:879,2
DA:882,2
DA:883,2
DA:884,1
DA:886,1
DA:887,0
DA:889,1
DA:895,31
DA:896,31
DA:897,31
DA:898,25
DA:899,25
DA:902,31
DA:904,31
DA:905,31
DA:906,31
DA:907,31
DA:908,31
DA:910,0
DA:911,0
DA:912,0
DA:916,31
DA:917,30
DA:918,7453
DA:919,7453
DA:920,13968
DA:921,13968
DA:926,30
DA:927,38
DA:928,38
DA:929,38
DA:930,4400
DA:931,4400
DA:935,31
DA:940,31
DA:951,31
DA:952,2
DA:955,29
DA:956,29
DA:957,29
DA:958,736
DA:959,258
DA:960,258
DA:961,156
DA:966,156
DA:968,29
DA:969,29
DA:971,1
DA:972,1
DA:983,32
DA:984,32
DA:985,145
DA:986,145
DA:987,34
DA:993,111
DA:995,145
DA:998,32
DA:999,34
DA:1000,34
DA:1001,34
DA:1003,34
DA:1010,34
DA:1011,33
DA:1013,33
DA:1014,6821
DA:1015,6821
DA:1016,6821
DA:1017,31460
DA:1018,31460
DA:1019,31460
DA:1024,1
DA:1025,1
DA:1026,1
DA:1036,29
DA:1039,29
DA:1040,29
DA:1041,29
DA:1042,29
DA:1043,29
DA:1045,29
DA:1046,2
DA:1047,7
DA:1049,7
DA:1050,7
DA:1051,7
DA:1055,29
DA:1056,12
DA:1057,13
DA:1058,0
DA:1060,13
DA:1061,111
DA:1062,111
DA:1064,111
DA:1065,109
DA:1067,2
DA:1071,13
DA:1072,3
DA:1079,29
DA:1080,23
DA:1081,2
DA:1083,23
DA:1084,0
DA:1088,29
DA:1089,29
DA:1090,29
DA:1091,29
DA:1092,29
DA:1093,29
DA:1094,0
DA:1096,29
DA:1098,0
DA:1099,0
DA:1100,0
DA:1103,29
DA:1107,0
DA:1108,0
DA:1109,0
DA:1110,0
DA:1111,0
DA:1112,0
DA:1113,0
DA:1115,0
DA:1118,0
DA:1120,0
DA:1122,0
DA:1123,0
DA:1124,0
DA:1135,31
DA:1137,31
DA:1138,199
DA:1139,3
DA:1141,3
DA:1145,31
DA:1156,62
DA:1157,62
DA:1158,62
DA:1159,77
DA:1160,39
DA:1162,38
DA:1165,62
DA:1166,77
DA:1167,251
DA:1168,251
DA:1169,251
DA:1171,251
DA:1175,62
DA:1176,77
DA:1177,251
DA:1178,251
DA:1180,251
DA:1183,62
DA:1192,2
DA:1193,8
DA:1194,0
DA:1195,8
DA:1196,8
DA:1198,8
DA:1201,2
DA:1202,8
DA:1203,8
DA:1204,2
DA:1206,8
DA:1207,8
DA:1210,2
DA:1211,8
DA:1213,8
DA:1219,8
DA:1220,8
DA:1221,8
DA:1222,8
DA:1224,8
DA:1225,48
DA:1226,12
DA:1228,48
DA:1231,0
DA:1232,0
DA:1235,2
DA:1239,2
LF:588
LH:505
BRDA:35,0,0,1
BRDA:35,0,1,77
BRDA:73,1,0,1
BRDA:73,1,1,29
BRDA:86,2,0,1
BRDA:86,2,1,28
BRDA:96,3,0,0
BRDA:96,3,1,28
BRDA:137,4,0,552
BRDA:137,4,1,1938
BRDA:137,5,0,2490
BRDA:137,5,1,2474
BRDA:138,6,0,157
BRDA:138,6,1,395
BRDA:176,7,0,45
BRDA:176,7,1,44
BRDA:187,8,0,0
BRDA:187,8,1,334
BRDA:187,9,0,334
BRDA:187,9,1,328
BRDA:187,9,2,55
BRDA:190,10,0,56
BRDA:190,10,1,278
BRDA:190,11,0,334
BRDA:190,11,1,330
BRDA:191,12,0,40
BRDA:191,12,1,16
BRDA:193,13,0,0
BRDA:193,13,1,40
BRDA:195,14,0,0
BRDA:195,14,1,40
BRDA:195,15,0,40
BRDA:195,15,1,9
BRDA:195,15,2,9
BRDA:198,16,0,6
BRDA:198,16,1,10
BRDA:201,17,0,0
BRDA:201,17,1,16
BRDA:203,18,0,0
BRDA:203,18,1,16
BRDA:203,19,0,16
BRDA:203,19,1,0
BRDA:211,20,0,0
BRDA:211,20,1,44
BRDA:217,21,0,47
BRDA:217,21,1,287
BRDA:217,22,0,334
BRDA:217,22,1,328
BRDA:217,22,2,53
BRDA:217,22,3,52
BRDA:217,22,4,5
BRDA:217,22,5,47
BRDA:219,23,0,47
BRDA:219,23,1,0
BRDA:221,24,0,0
BRDA:221,24,1,47
BRDA:228,25,0,21
BRDA:228,25,1,26
BRDA:229,26,0,19
BRDA:229,26,1,2
BRDA:236,27,0,21
BRDA:236,27,1,0
BRDA:237,28,0,0
BRDA:237,28,1,21
BRDA:237,29,0,21
BRDA:237,29,1,21
BRDA:252,30,0,26
BRDA:252,30,1,0
BRDA:259,31,0,26
BRDA:259,31,1,0
BRDA:262,32,0,13
BRDA:262,32,1,6
BRDA:262,32,2,7
BRDA:264,33,0,13
BRDA:264,33,1,0
BRDA:264,34,0,13
BRDA:264,34,1,0
BRDA:265,35,0,13
BRDA:265,35,1,0
BRDA:271,36,0,6
BRDA:271,36,1,0
BRDA:274,37,0,16
BRDA:274,37,1,0
BRDA:289,38,0,7
BRDA:289,38,1,19
BRDA:306,39,0,2
BRDA:306,39,1,75
BRDA:306,40,0,77
BRDA:306,40,1,2
BRDA:306,40,2,2
BRDA:312,41,0,47
BRDA:312,41,1,372
BRDA:317,42,0,13
BRDA:317,42,1,359
BRDA:321,43,0,356
BRDA:321,43,1,16
BRDA:321,44,0,372
BRDA:321,44,1,359
BRDA:322,45,0,11
BRDA:322,45,1,345
BRDA:323,46,0,59
BRDA:323,46,1,297
BRDA:324,47,0,1
BRDA:324,47,1,58
BRDA:337,48,0,3
BRDA:337,48,1,369
BRDA:337,49,0,372
BRDA:337,49,1,359
BRDA:337,49,2,3
BRDA:338,50,0,3
BRDA:338,50,1,0
BRDA:342,51,0,11
BRDA:342,51,1,361
BRDA:342,52,0,372
BRDA:342,52,1,13
BRDA:343,53,0,9
BRDA:343,53,1,2
BRDA:345,54,0,2
BRDA:345,54,1,0
BRDA:352,55,0,47
BRDA:352,55,1,28
BRDA:352,56,0,75
BRDA:352,56,1,68
BRDA:367,57,0,4088
BRDA:367,57,1,16
BRDA:368,58,0,0
BRDA:368,58,1,4088
BRDA:368,59,0,4088
BRDA:368,59,1,486
BRDA:371,60,0,486
BRDA:371,60,1,3602
BRDA:371,61,0,4088
BRDA:371,61,1,486
BRDA:375,62,0,453
BRDA:375,62,1,3635
BRDA:375,63,0,4088
BRDA:375,63,1,453
BRDA:379,64,0,94
BRDA:379,64,1,3994
BRDA:379,65,0,4088
BRDA:379,65,1,94
BRDA:384,66,0,56
BRDA:384,66,1,4032
BRDA:384,67,0,4088
BRDA:384,67,1,426
BRDA:384,67,2,426
BRDA:406,68,0,14
BRDA:406,68,1,6146
BRDA:406,69,0,6160
BRDA:406,69,1,42
BRDA:407,70,0,14
BRDA:407,70,1,0
BRDA:407,70,2,14
BRDA:410,71,0,4434
BRDA:410,71,1,1712
BRDA:411,72,0,4434
BRDA:411,72,1,3428
BRDA:411,72,2,2090
BRDA:414,73,0,28
BRDA:414,73,1,1684
BRDA:419,74,0,21
BRDA:419,74,1,385
BRDA:420,75,0,3
BRDA:420,75,1,168
BRDA:421,76,0,1
BRDA:421,76,1,20
BRDA:422,77,0,8
BRDA:422,77,1,2
BRDA:422,77,2,2
BRDA:423,78,0,2
BRDA:423,78,1,0
BRDA:440,79,0,0
BRDA:440,79,1,32
BRDA:440,80,0,32
BRDA:440,80,1,2
BRDA:443,81,0,2
BRDA:443,81,1,30
BRDA:443,82,0,32
BRDA:443,82,1,2
BRDA:463,83,0,65
BRDA:463,83,1,40
BRDA:463,84,0,105
BRDA:463,84,1,67
BRDA:466,85,0,93
BRDA:466,85,1,2
BRDA:518,86,0,0
BRDA:518,86,1,43
BRDA:526,87,0,21
BRDA:526,87,1,22
BRDA:530,88,0,21
BRDA:530,88,1,22
BRDA:537,89,0,2
BRDA:537,89,1,41
BRDA:541,90,0,17
BRDA:541,90,1,24
BRDA:541,91,0,41
BRDA:541,91,1,20
BRDA:552,92,0,18
BRDA:552,92,1,25
BRDA:560,93,0,2
BRDA:560,93,1,41
BRDA:569,94,0,51
BRDA:569,94,1,18
BRDA:575,95,0,27
BRDA:575,95,1,42
BRDA:597,96,0,42
BRDA:597,96,1,27
BRDA:604,97,0,12
BRDA:604,97,1,57
BRDA:604,98,0,69
BRDA:604,98,1,19
BRDA:604,98,2,12
BRDA:606,99,0,9
BRDA:606,99,1,3
BRDA:612,100,0,14
BRDA:612,100,1,0
BRDA:630,101,0,3
BRDA:630,101,1,1
BRDA:645,102,0,3
BRDA:645,102,1,54
BRDA:645,103,0,57
BRDA:645,103,1,3
BRDA:645,103,2,3
BRDA:655,104,0,2
BRDA:655,104,1,1
BRDA:657,105,0,11
BRDA:657,105,1,0
BRDA:664,106,0,0
BRDA:664,106,1,2
BRDA:684,107,0,31
BRDA:684,107,1,23
BRDA:686,108,0,5874
BRDA:686,108,1,1660
BRDA:693,109,0,7021
BRDA:693,109,1,6245
BRDA:719,110,0,40
BRDA:719,110,1,3
BRDA:719,111,0,43
BRDA:719,111,1,3
BRDA:719,111,2,3
BRDA:719,111,3,3
BRDA:726,112,0,5
BRDA:726,112,1,8
BRDA:743,113,0,0
BRDA:743,113,1,24
BRDA:748,114,0,0
BRDA:748,114,1,24
BRDA:757,115,0,7
BRDA:757,115,1,148
BRDA:758,116,0,7
BRDA:758,116,1,148
BRDA:760,117,0,109
BRDA:760,117,1,46
BRDA:761,118,0,109
BRDA:761,118,1,93
BRDA:763,119,0,46
BRDA:763,119,1,8
BRDA:767,120,0,3
BRDA:767,120,1,21
BRDA:777,121,0,3
BRDA:777,121,1,21
BRDA:783,122,0,15
BRDA:783,122,1,6
BRDA:783,123,0,21
BRDA:783,123,1,21
BRDA:793,124,0,19
BRDA:793,124,1,2
BRDA:794,125,0,1
BRDA:794,125,1,18
BRDA:806,126,0,24
BRDA:806,126,1,22
BRDA:808,127,0,1
BRDA:808,127,1,21
BRDA:832,128,0,7
BRDA:832,128,1,24
BRDA:837,129,0,3
BRDA:837,129,1,28
BRDA:839,130,0,0
BRDA:839,130,1,8
BRDA:839,131,0,8
BRDA:839,131,1,8
BRDA:843,132,0,8
BRDA:843,132,1,0
BRDA:845,133,0,8
BRDA:845,133,1,0
BRDA:865,134,0,15
BRDA:865,134,1,24
BRDA:872,135,0,18
BRDA:872,135,1,13
BRDA:878,136,0,2
BRDA:878,136,1,29
BRDA:878,137,0,31
BRDA:878,137,1,13
BRDA:878,137,2,13
BRDA:878,137,3,11
BRDA:878,137,4,11
BRDA:883,138,0,1
BRDA:883,138,1,1
BRDA:886,139,0,0
BRDA:886,139,1,1
BRDA:897,140,0,25
BRDA:897,140,1,6
BRDA:897,141,0,31
BRDA:897,141,1,26
BRDA:897,141,2,25
BRDA:898,142,0,2
BRDA:898,142,1,23
BRDA:899,143,0,0
BRDA:899,143,1,25
BRDA:916,144,0,30
BRDA:916,144,1,1
BRDA:916,145,0,31
BRDA:916,145,1,31
BRDA:920,146,0,13968
BRDA:920,146,1,0
BRDA:920,147,0,13968
BRDA:920,147,1,13968
BRDA:937,148,0,31
BRDA:937,148,1,0
BRDA:951,149,0,2
BRDA:951,149,1,29
BRDA:958,150,0,258
BRDA:958,150,1,478
BRDA:958,151,0,736
BRDA:958,151,1,736
BRDA:960,152,0,156
BRDA:960,152,1,102
BRDA:960,153,0,258
BRDA:960,153,1,241
BRDA:960,153,2,241
BRDA:986,154,0,34
BRDA:986,154,1,111
BRDA:1018,155,0,0
BRDA:1018,155,1,31460
BRDA:1041,156,0,6
BRDA:1041,156,1,23
BRDA:1045,157,0,2
BRDA:1045,157,1,27
BRDA:1047,158,0,7
BRDA:1047,158,1,0
BRDA:1055,159,0,12
BRDA:1055,159,1,17
BRDA:1057,160,0,0
BRDA:1057,160,1,13
BRDA:1061,161,0,7
BRDA:1061,161,1,104
BRDA:1062,162,0,7
BRDA:1062,162,1,104
BRDA:1064,163,0,109
BRDA:1064,163,1,2
BRDA:1065,164,0,109
BRDA:1065,164,1,97
BRDA:1067,165,0,2
BRDA:1067,165,1,1
BRDA:1071,166,0,3
BRDA:1071,166,1,10
BRDA:1079,167,0,23
BRDA:1079,167,1,6
BRDA:1079,168,0,29
BRDA:1079,168,1,24
BRDA:1079,168,2,23
BRDA:1080,169,0,2
BRDA:1080,169,1,21
BRDA:1083,170,0,0
BRDA:1083,170,1,23
BRDA:1093,171,0,0
BRDA:1093,171,1,29
BRDA:1112,172,0,0
BRDA:1112,172,1,0
BRDA:1138,173,0,3
BRDA:1138,173,1,196
BRDA:1138,174,0,199
BRDA:1138,174,1,3
BRDA:1159,175,0,39
BRDA:1159,175,1,38
BRDA:1160,176,0,15
BRDA:1160,176,1,24
BRDA:1162,177,0,13
BRDA:1162,177,1,25
BRDA:1193,178,0,0
BRDA:1193,178,1,8
BRDA:1193,179,0,8
BRDA:1193,179,1,8
BRDA:1195,180,0,8
BRDA:1195,180,1,0
BRDA:1203,181,0,2
BRDA:1203,181,1,6
BRDA:1225,182,0,12
BRDA:1225,182,1,36
BRF:389
BRH:342
end_of_record
TN:
SF:data_layer/SearchByHashObject.js
FN:13,(anonymous_0)
FNF:1
FNH:1
FNDA:26,(anonymous_0)
DA:14,26
DA:15,26
DA:16,26
DA:17,26
DA:21,2
LF:5
LH:5
BRF:0
BRH:0
end_of_record
TN:
SF:data_layer/SearchObject.js
FN:17,(anonymous_0)
FNF:1
FNH:1
FNDA:187,(anonymous_0)
DA:18,187
DA:19,187
DA:20,187
DA:21,187
DA:22,187
DA:23,187
DA:24,187
DA:28,7
LF:8
LH:8
BRF:0
BRH:0
end_of_record
TN:
SF:data_layer/SqlSearchObject.js
FN:7,(anonymous_0)
FNF:1
FNH:1
FNDA:2,(anonymous_0)
DA:8,2
DA:9,2
DA:10,2
DA:14,2
LF:4
LH:4
BRF:0
BRH:0
end_of_record
TN:
SF:data_layer/UpdateObject.js
FN:14,(anonymous_0)
FNF:1
FNH:1
FNDA:33,(anonymous_0)
DA:2,2
DA:15,33
DA:16,33
DA:17,33
DA:18,33
DA:19,33
DA:23,2
LF:7
LH:7
BRDA:14,0,0,33
BRF:1
BRH:1
end_of_record
TN:
SF:data_layer/WriteProcessorObject.js
FN:17,(anonymous_0)
FNF:1
FNH:1
FNDA:27,(anonymous_0)
DA:18,27
DA:19,27
DA:20,27
DA:21,27
DA:22,27
DA:23,27
DA:24,27
DA:28,1
LF:8
LH:8
BRF:0
BRH:0
end_of_record
TN:
SF:data_layer/csvBulkLoad.js
FN:45,csvDataLoad
FN:88,csvURLLoad
FN:133,downloadCSVFile
FN:165,validateResponse
FN:188,csvFileLoad
FN:213,validateChunk
FN:249,insertChunk
FN:259,(anonymous_7)
FN:295,callPapaParse
FN:319,callBulkLoad
FN:341,validateColumnNames
FN:359,bulkLoad
FN:413,postCSVLoadFunction
FN:456,buildCSVResponseMsg
FNF:14
FNH:14
FNDA:6,csvDataLoad
FNDA:2,csvURLLoad
FNDA:3,downloadCSVFile
FNDA:3,validateResponse
FNDA:3,csvFileLoad
FNDA:3,validateChunk
FNDA:3,insertChunk
FNDA:5,(anonymous_7)
FNDA:2,callPapaParse
FNDA:4,callBulkLoad
FNDA:3,validateColumnNames
FNDA:3,bulkLoad
FNDA:8,postCSVLoadFunction
FNDA:3,buildCSVResponseMsg
DA:3,3
DA:4,3
DA:5,3
DA:6,3
DA:7,3
DA:8,3
DA:9,3
DA:10,3
DA:11,3
DA:12,3
DA:13,3
DA:14,3
DA:15,3
DA:16,3
DA:18,3
DA:20,3
DA:21,3
DA:22,3
DA:23,3
DA:30,3
DA:46,6
DA:47,6
DA:48,1
DA:51,5
DA:52,5
DA:53,5
DA:61,5
DA:68,4
DA:70,4
DA:72,3
DA:73,1
DA:76,2
DA:78,2
DA:89,2
DA:90,2
DA:91,1
DA:94,1
DA:96,1
DA:105,1
DA:106,1
DA:108,0
DA:111,1
DA:112,1
DA:115,1
DA:116,1
DA:117,0
DA:119,1
DA:121,1
DA:123,0
DA:134,3
DA:142,3
DA:143,3
DA:145,1
DA:146,1
DA:149,2
DA:151,2
DA:152,2
DA:153,1
DA:155,1
DA:156,1
DA:166,3
DA:167,1
DA:170,2
DA:171,1
DA:174,1
DA:175,1
DA:189,3
DA:190,3
DA:191,1
DA:194,2
DA:195,2
DA:197,1
DA:199,1
DA:200,1
DA:214,3
DA:215,1
DA:219,2
DA:221,2
DA:228,2
DA:229,2
DA:230,1
DA:232,1
DA:235,1
DA:250,3
DA:251,1
DA:255,2
DA:257,2
DA:259,2
DA:260,5
DA:261,0
DA:265,2
DA:266,2
DA:273,2
DA:274,1
DA:275,1
DA:276,1
DA:278,1
DA:281,1
DA:297,2
DA:302,2
DA:303,2
DA:304,1
DA:305,1
DA:307,1
DA:308,1
DA:309,1
DA:310,1
DA:312,1
DA:314,1
DA:315,1
DA:320,4
DA:321,4
DA:322,4
DA:323,2
DA:325,1
DA:326,1
DA:329,1
DA:330,1
DA:332,3
DA:342,3
DA:343,3
DA:344,8
DA:345,1
DA:348,2
DA:360,3
DA:361,1
DA:364,3
DA:372,3
DA:373,2
DA:375,1
DA:378,3
DA:379,3
DA:382,2
DA:383,1
DA:385,1
DA:388,2
DA:389,0
DA:390,0
DA:392,0
DA:393,0
DA:394,0
DA:395,0
DA:400,2
DA:401,2
DA:407,2
DA:409,1
DA:414,8
DA:415,8
DA:417,8
DA:418,7
DA:419,7
DA:420,7
DA:423,1
DA:424,0
DA:427,1
DA:434,1
DA:442,1
DA:443,1
DA:445,1
DA:447,1
DA:448,1
DA:457,3
LF:162
LH:151
BRDA:47,0,0,1
BRDA:47,0,1,5
BRDA:72,1,0,1
BRDA:72,1,1,2
BRDA:90,2,0,1
BRDA:90,2,1,1
BRDA:166,3,0,1
BRDA:166,3,1,2
BRDA:170,4,0,1
BRDA:170,4,1,1
BRDA:174,5,0,1
BRDA:174,5,1,0
BRDA:190,6,0,1
BRDA:190,6,1,2
BRDA:214,7,0,1
BRDA:214,7,1,2
BRDA:250,8,0,1
BRDA:250,8,1,2
BRDA:260,9,0,0
BRDA:260,9,1,5
BRDA:260,10,0,5
BRDA:260,10,1,5
BRDA:322,11,0,2
BRDA:322,11,1,1
BRDA:322,12,0,4
BRDA:322,12,1,4
BRDA:322,12,2,3
BRDA:344,13,0,1
BRDA:344,13,1,7
BRDA:360,14,0,1
BRDA:360,14,1,2
BRDA:372,15,0,2
BRDA:372,15,1,1
BRDA:382,16,0,1
BRDA:382,16,1,1
BRDA:388,17,0,0
BRDA:388,17,1,2
BRDA:388,18,0,2
BRDA:388,18,1,0
BRDA:394,19,0,0
BRDA:394,19,1,0
BRDA:400,20,0,0
BRDA:400,20,1,2
BRDA:417,21,0,7
BRDA:417,21,1,1
BRDA:423,22,0,0
BRDA:423,22,1,1
BRDA:436,23,0,1
BRDA:436,23,1,0
BRDA:442,24,0,1
BRDA:442,24,1,0
BRF:51
BRH:41
end_of_record
TN:
SF:data_layer/dataWriteProcessor.js
FN:19,processData
FN:78,(anonymous_1)
FN:140,(anonymous_2)
FN:176,filterHDBValues
FN:193,compareUpdatesToExistingRecords
FNF:5
FNH:3
FNDA:25,processData
FNDA:0,(anonymous_1)
FNDA:107,(anonymous_2)
FNDA:132,filterHDBValues
FNDA:0,compareUpdatesToExistingRecords
DA:3,1
DA:4,1
DA:5,1
DA:6,1
DA:7,1
DA:8,1
DA:9,1
DA:10,1
DA:12,1
DA:20,25
DA:22,25
DA:23,25
DA:24,25
DA:25,25
DA:27,25
DA:28,25
DA:29,25
DA:30,25
DA:31,25
DA:32,25
DA:33,25
DA:34,25
DA:35,25
DA:36,25
DA:37,25
DA:39,25
DA:40,0
DA:41,0
DA:42,0
DA:44,0
DA:46,25
DA:47,0
DA:48,0
DA:49,25
DA:50,0
DA:51,0
DA:54,25
DA:56,25
DA:57,0
DA:58,0
DA:63,25
DA:64,25
DA:66,0
DA:70,25
DA:71,0
DA:72,0
DA:75,25
DA:76,25
DA:77,0
DA:78,0
DA:79,0
DA:81,0
DA:83,25
DA:88,25
DA:89,0
DA:90,0
DA:93,25
DA:94,25
DA:95,107
DA:97,107
DA:98,0
DA:99,0
DA:103,107
DA:104,0
DA:105,0
DA:106,0
DA:110,107
DA:111,0
DA:114,107
DA:115,0
DA:118,107
DA:119,107
DA:120,107
DA:122,107
DA:123,107
DA:124,107
DA:125,107
DA:126,25
DA:130,82
DA:134,25
DA:135,0
DA:140,25
DA:141,107
DA:144,25
DA:145,0
DA:148,25
DA:149,0
DA:152,25
DA:153,0
DA:156,25
DA:157,0
DA:160,25
DA:161,0
DA:164,25
DA:165,25
DA:166,25
DA:177,132
DA:178,0
DA:181,132
DA:194,0
DA:196,0
DA:197,0
DA:198,0
DA:199,0
DA:200,0
DA:202,0
DA:203,0
DA:204,0
DA:208,0
DA:209,0
DA:210,0
DA:212,0
DA:213,0
DA:216,0
DA:217,0
DA:222,0
DA:224,0
LF:117
LH:66
BRDA:39,0,0,0
BRDA:39,0,1,25
BRDA:40,1,0,0
BRDA:40,1,1,0
BRDA:46,2,0,0
BRDA:46,2,1,25
BRDA:49,3,0,0
BRDA:49,3,1,25
BRDA:56,4,0,0
BRDA:56,4,1,25
BRDA:63,5,0,25
BRDA:63,5,1,0
BRDA:70,6,0,0
BRDA:70,6,1,25
BRDA:70,7,0,25
BRDA:70,7,1,25
BRDA:70,7,2,25
BRDA:70,7,3,0
BRDA:76,8,0,0
BRDA:76,8,1,25
BRDA:88,9,0,0
BRDA:88,9,1,25
BRDA:97,10,0,0
BRDA:97,10,1,107
BRDA:97,11,0,107
BRDA:97,11,1,107
BRDA:103,12,0,0
BRDA:103,12,1,107
BRDA:110,13,0,0
BRDA:110,13,1,107
BRDA:110,14,0,107
BRDA:110,14,1,107
BRDA:110,14,2,107
BRDA:114,15,0,0
BRDA:114,15,1,107
BRDA:114,16,0,107
BRDA:114,16,1,107
BRDA:125,17,0,25
BRDA:125,17,1,82
BRDA:134,18,0,0
BRDA:134,18,1,25
BRDA:134,19,0,25
BRDA:134,19,1,25
BRDA:144,20,0,0
BRDA:144,20,1,25
BRDA:148,21,0,0
BRDA:148,21,1,25
BRDA:152,22,0,0
BRDA:152,22,1,25
BRDA:156,23,0,0
BRDA:156,23,1,25
BRDA:160,24,0,0
BRDA:160,24,1,25
BRDA:177,25,0,0
BRDA:177,25,1,132
BRDA:177,26,0,132
BRDA:177,26,1,132
BRDA:177,26,2,132
BRDA:203,27,0,0
BRDA:203,27,1,0
BRDA:203,28,0,0
BRDA:203,28,1,0
BRDA:203,28,2,0
BRDA:208,29,0,0
BRDA:208,29,1,0
BRDA:212,30,0,0
BRDA:212,30,1,0
BRDA:212,31,0,0
BRDA:212,31,1,0
BRDA:216,32,0,0
BRDA:216,32,1,0
BRF:71
BRH:36
end_of_record
TN:
SF:data_layer/delete.js
FN:34,deleteFilesBefore
FN:71,deleteTransactionLogsBefore
FN:110,deleteRecord
FNF:3
FNH:3
FNDA:5,deleteFilesBefore
FNDA:7,deleteTransactionLogsBefore
FNDA:3,deleteRecord
DA:3,3
DA:4,3
DA:5,3
DA:6,3
DA:7,3
DA:8,3
DA:9,3
DA:10,3
DA:11,3
DA:12,3
DA:13,3
DA:15,3
DA:18,3
DA:20,3
DA:35,5
DA:36,1
DA:39,4
DA:40,4
DA:41,1
DA:44,3
DA:45,1
DA:48,2
DA:49,1
DA:52,1
DA:53,1
DA:54,0
DA:57,1
DA:58,1
DA:59,1
DA:60,1
DA:62,0
DA:72,7
DA:73,1
DA:77,6
DA:78,1
DA:81,5
DA:82,1
DA:85,4
DA:86,1
DA:89,3
DA:90,3
DA:91,0
DA:94,3
DA:95,3
DA:96,1
DA:97,1
DA:99,1
DA:101,2
DA:111,3
DA:112,3
DA:113,1
DA:116,2
DA:117,2
DA:118,0
DA:121,2
DA:122,2
DA:123,2
DA:125,1
DA:126,1
DA:128,1
DA:130,1
DA:131,0
DA:132,0
DA:133,0
DA:134,0
DA:135,0
DA:138,1
LF:67
LH:58
BRDA:35,0,0,1
BRDA:35,0,1,4
BRDA:40,1,0,1
BRDA:40,1,1,3
BRDA:44,2,0,1
BRDA:44,2,1,2
BRDA:48,3,0,1
BRDA:48,3,1,1
BRDA:53,4,0,0
BRDA:53,4,1,1
BRDA:72,5,0,1
BRDA:72,5,1,6
BRDA:77,6,0,1
BRDA:77,6,1,5
BRDA:81,7,0,1
BRDA:81,7,1,4
BRDA:85,8,0,1
BRDA:85,8,1,3
BRDA:90,9,0,0
BRDA:90,9,1,3
BRDA:112,10,0,1
BRDA:112,10,1,2
BRDA:117,11,0,0
BRDA:117,11,1,2
BRDA:125,12,0,1
BRDA:125,12,1,0
BRDA:130,13,0,0
BRDA:130,13,1,1
BRF:28
BRH:23
end_of_record
TN:
SF:data_layer/export.js
FN:34,export_local
FN:70,confirmPath
FN:104,saveToLocal
FN:132,export_to_s3
FN:158,(anonymous_4)
FN:198,exportCoreValidation
FN:222,searchAndConvert
FNF:7
FNH:6
FNDA:4,export_local
FNDA:7,confirmPath
FNDA:9,saveToLocal
FNDA:5,export_to_s3
FNDA:0,(anonymous_4)
FNDA:4,exportCoreValidation
FNDA:6,searchAndConvert
DA:3,3
DA:4,3
DA:5,3
DA:6,3
DA:7,3
DA:8,3
DA:9,3
DA:10,3
DA:11,3
DA:12,3
DA:14,3
DA:15,3
DA:16,3
DA:17,3
DA:20,3
DA:21,3
DA:22,3
DA:24,3
DA:35,4
DA:36,4
DA:37,4
DA:38,0
DA:39,0
DA:42,4
DA:43,1
DA:44,1
DA:48,3
DA:51,3
DA:52,3
DA:55,3
DA:56,3
DA:57,3
DA:58,3
DA:59,2
DA:61,1
DA:62,1
DA:71,7
DA:72,7
DA:73,1
DA:75,6
DA:76,6
DA:77,6
DA:80,1
DA:81,1
DA:82,0
DA:83,0
DA:85,0
DA:87,1
DA:88,1
DA:90,5
DA:91,1
DA:92,1
DA:93,1
DA:95,4
DA:105,9
DA:106,9
DA:107,1
DA:109,8
DA:110,1
DA:112,7
DA:113,1
DA:115,6
DA:116,3
DA:118,6
DA:119,6
DA:121,1
DA:122,1
DA:124,5
DA:133,5
DA:134,1
DA:137,4
DA:138,1
DA:141,3
DA:142,1
DA:145,2
DA:146,1
DA:149,1
DA:150,1
DA:153,0
DA:154,0
DA:155,0
DA:157,0
DA:158,0
DA:159,0
DA:160,0
DA:163,0
DA:170,0
DA:171,0
DA:172,0
DA:173,0
DA:174,0
DA:175,0
DA:177,0
DA:180,0
DA:181,0
DA:182,0
DA:183,0
DA:185,0
DA:187,0
DA:188,0
DA:190,0
DA:199,4
DA:200,4
DA:201,0
DA:204,4
DA:205,0
DA:208,4
DA:209,4
DA:210,0
DA:213,4
DA:214,0
DA:223,6
DA:225,6
DA:226,6
DA:227,1
DA:229,5
DA:231,0
DA:232,0
DA:234,0
DA:235,0
DA:237,5
DA:238,5
DA:240,0
DA:241,0
DA:242,0
DA:246,5
DA:247,5
DA:248,5
DA:249,5
DA:251,2
DA:252,2
DA:254,3
DA:255,2
DA:256,1
DA:257,1
DA:258,1
DA:259,1
DA:261,0
DA:262,0
DA:264,1
LF:140
LH:99
BRDA:37,0,0,0
BRDA:37,0,1,4
BRDA:42,1,0,1
BRDA:42,1,1,3
BRDA:48,2,0,0
BRDA:48,2,1,3
BRDA:51,3,0,3
BRDA:51,3,1,0
BRDA:72,4,0,1
BRDA:72,4,1,6
BRDA:80,5,0,1
BRDA:80,5,1,0
BRDA:82,6,0,0
BRDA:82,6,1,0
BRDA:90,7,0,1
BRDA:90,7,1,4
BRDA:106,8,0,1
BRDA:106,8,1,8
BRDA:109,9,0,1
BRDA:109,9,1,7
BRDA:112,10,0,1
BRDA:112,10,1,6
BRDA:115,11,0,3
BRDA:115,11,1,3
BRDA:133,12,0,1
BRDA:133,12,1,4
BRDA:133,13,0,5
BRDA:133,13,1,4
BRDA:137,14,0,1
BRDA:137,14,1,3
BRDA:141,15,0,1
BRDA:141,15,1,2
BRDA:145,16,0,1
BRDA:145,16,1,1
BRDA:149,17,0,1
BRDA:149,17,1,0
BRDA:154,18,0,0
BRDA:154,18,1,0
BRDA:170,19,0,0
BRDA:170,19,1,0
BRDA:173,20,0,0
BRDA:173,20,1,0
BRDA:200,21,0,0
BRDA:200,21,1,4
BRDA:204,22,0,0
BRDA:204,22,1,4
BRDA:209,23,0,0
BRDA:209,23,1,4
BRDA:213,24,0,0
BRDA:213,24,1,4
BRDA:226,25,0,1
BRDA:226,25,1,5
BRDA:226,26,0,6
BRDA:226,26,1,5
BRDA:229,27,0,0
BRDA:229,27,1,0
BRDA:229,27,2,5
BRDA:229,27,3,0
BRDA:254,28,0,2
BRDA:254,28,1,1
BRDA:256,29,0,1
BRDA:256,29,1,0
BRF:62
BRH:41
end_of_record
TN:
SF:data_layer/hdbInfoController.js
FN:26,updateHdbInfo
FN:66,searchInfo
FN:89,getLatestDataVersion
FNF:3
FNH:3
FNDA:7,updateHdbInfo
FNDA:10,searchInfo
FNDA:3,getLatestDataVersion
DA:7,2
DA:8,2
DA:9,2
DA:10,2
DA:11,2
DA:12,2
DA:13,2
DA:14,2
DA:16,2
DA:18,2
DA:27,7
DA:28,7
DA:30,7
DA:33,7
DA:34,7
DA:35,7
DA:38,7
DA:39,7
DA:40,7
DA:42,0
DA:45,7
DA:47,0
DA:51,7
DA:58,7
DA:59,7
DA:60,7
DA:62,1
DA:68,10
DA:77,10
DA:78,10
DA:79,10
DA:83,2
DA:84,2
DA:86,10
DA:90,3
DA:91,3
DA:92,3
DA:94,3
DA:95,2
DA:96,1
DA:97,1
DA:98,1
DA:100,1
DA:101,1
DA:104,3
DA:107,2
LF:46
LH:44
BRDA:45,0,0,0
BRDA:45,0,1,7
BRDA:95,1,0,1
BRDA:95,1,1,1
BRDA:100,2,0,1
BRDA:100,2,1,0
BRF:6
BRH:4
end_of_record
TN:
SF:data_layer/insert.js
FN:38,validation
FN:73,(anonymous_1)
FN:116,insertData
FN:140,updateData
FN:172,returnObject
FNF:5
FNH:2
FNDA:0,validation
FNDA:0,(anonymous_1)
FNDA:3,insertData
FNDA:0,updateData
FNDA:3,returnObject
DA:9,2
DA:10,2
DA:11,2
DA:13,2
DA:14,2
DA:15,2
DA:17,2
DA:18,2
DA:21,2
DA:22,2
DA:24,2
DA:42,0
DA:43,0
DA:45,0
DA:46,0
DA:48,0
DA:49,0
DA:52,0
DA:55,0
DA:56,0
DA:57,0
DA:60,0
DA:61,0
DA:64,0
DA:65,0
DA:66,0
DA:68,0
DA:69,0
DA:70,0
DA:73,0
DA:75,0
DA:76,0
DA:77,0
DA:80,0
DA:81,0
DA:82,0
DA:85,0
DA:86,0
DA:89,0
DA:91,0
DA:92,0
DA:97,0
DA:99,0
DA:117,3
DA:118,0
DA:121,3
DA:122,3
DA:123,0
DA:126,3
DA:127,3
DA:128,3
DA:130,3
DA:132,0
DA:141,0
DA:142,0
DA:145,0
DA:146,0
DA:147,0
DA:150,0
DA:151,0
DA:152,0
DA:153,0
DA:156,0
DA:158,0
DA:173,3
DA:180,3
DA:181,3
DA:182,3
DA:185,0
DA:186,0
LF:70
LH:22
BRDA:42,0,0,0
BRDA:42,0,1,0
BRDA:45,1,0,0
BRDA:45,1,1,0
BRDA:48,2,0,0
BRDA:48,2,1,0
BRDA:56,3,0,0
BRDA:56,3,1,0
BRDA:60,4,0,0
BRDA:60,4,1,0
BRDA:69,5,0,0
BRDA:69,5,1,0
BRDA:75,6,0,0
BRDA:75,6,1,0
BRDA:75,7,0,0
BRDA:75,7,1,0
BRDA:80,8,0,0
BRDA:80,8,1,0
BRDA:80,9,0,0
BRDA:80,9,1,0
BRDA:80,9,2,0
BRDA:85,10,0,0
BRDA:85,10,1,0
BRDA:85,11,0,0
BRDA:85,11,1,0
BRDA:85,11,2,0
BRDA:117,12,0,0
BRDA:117,12,1,3
BRDA:122,13,0,0
BRDA:122,13,1,3
BRDA:141,14,0,0
BRDA:141,14,1,0
BRDA:146,15,0,0
BRDA:146,15,1,0
BRDA:152,16,0,0
BRDA:152,16,1,0
BRDA:180,17,0,3
BRDA:180,17,1,0
BRF:38
BRH:3
end_of_record
TN:
SF:data_layer/readTransactionLog.js
FN:19,readTransactionLog
FNF:1
FNH:1
FNDA:13,readTransactionLog
DA:3,4
DA:5,4
DA:6,4
DA:7,4
DA:8,4
DA:10,4
DA:12,4
DA:20,13
DA:21,1
DA:24,12
DA:25,1
DA:29,11
DA:30,11
DA:31,4
DA:34,7
DA:35,1
DA:38,6
LF:17
LH:17
BRDA:20,0,0,1
BRDA:20,0,1,12
BRDA:24,1,0,1
BRDA:24,1,1,11
BRDA:30,2,0,4
BRDA:30,2,1,7
BRDA:34,3,0,1
BRDA:34,3,1,6
BRDA:34,4,0,7
BRDA:34,4,1,7
BRF:10
BRH:10
end_of_record
TN:
SF:data_layer/schema.js
FN:29,createSchema
FN:40,createSchemaStructure
FN:59,createTable
FN:70,createTableStructure
FN:113,dropSchema
FN:139,dropTable
FN:168,dropAttribute
FN:206,dropAttributeFromGlobal
FN:216,createAttribute
FNF:9
FNH:9
FNDA:5,createSchema
FNDA:6,createSchemaStructure
FNDA:5,createTable
FNDA:10,createTableStructure
FNDA:4,dropSchema
FNDA:3,dropTable
FNDA:4,dropAttribute
FNDA:1,dropAttributeFromGlobal
FNDA:16,createAttribute
DA:3,4
DA:4,4
DA:5,4
DA:6,4
DA:7,4
DA:8,4
DA:9,4
DA:10,4
DA:11,4
DA:12,4
DA:13,4
DA:16,4
DA:30,5
DA:31,5
DA:32,4
DA:34,4
DA:36,1
DA:41,6
DA:42,5
DA:43,0
DA:46,5
DA:47,1
DA:50,4
DA:51,4
DA:53,4
DA:55,0
DA:60,5
DA:61,5
DA:62,4
DA:64,4
DA:66,1
DA:71,10
DA:72,10
DA:73,9
DA:74,0
DA:77,9
DA:79,9
DA:80,9
DA:81,1
DA:84,8
DA:85,1
DA:88,7
DA:95,7
DA:96,7
DA:97,3
DA:98,2
DA:99,2
DA:101,1
DA:104,4
DA:107,6
DA:109,1
DA:114,4
DA:115,4
DA:116,1
DA:119,3
DA:120,3
DA:121,1
DA:124,2
DA:125,2
DA:126,1
DA:127,1
DA:129,1
DA:130,1
DA:131,1
DA:133,1
DA:135,1
DA:140,3
DA:141,3
DA:142,1
DA:145,2
DA:146,2
DA:147,0
DA:150,2
DA:151,2
DA:152,1
DA:153,1
DA:154,1
DA:155,1
DA:157,1
DA:159,1
DA:169,4
DA:170,4
DA:171,1
DA:174,3
DA:175,3
DA:176,0
DA:179,3
DA:180,1
DA:183,2
DA:184,0
DA:187,2
DA:188,2
DA:189,1
DA:191,1
DA:192,1
DA:193,1
DA:195,1
DA:197,1
DA:198,1
DA:207,1
DA:209,1
DA:210,1
DA:211,1
DA:217,16
DA:218,1
DA:221,15
DA:222,1
DA:226,14
DA:227,14
DA:228,14
DA:230,14
DA:232,0
DA:233,0
LF:113
LH:105
BRDA:42,0,0,0
BRDA:42,0,1,5
BRDA:46,1,0,1
BRDA:46,1,1,4
BRDA:73,2,0,0
BRDA:73,2,1,9
BRDA:80,3,0,1
BRDA:80,3,1,8
BRDA:84,4,0,1
BRDA:84,4,1,7
BRDA:96,5,0,3
BRDA:96,5,1,4
BRDA:97,6,0,2
BRDA:97,6,1,1
BRDA:115,7,0,1
BRDA:115,7,1,3
BRDA:120,8,0,1
BRDA:120,8,1,2
BRDA:141,9,0,1
BRDA:141,9,1,2
BRDA:146,10,0,0
BRDA:146,10,1,2
BRDA:170,11,0,1
BRDA:170,11,1,3
BRDA:175,12,0,0
BRDA:175,12,1,3
BRDA:179,13,0,1
BRDA:179,13,1,2
BRDA:183,14,0,0
BRDA:183,14,1,2
BRDA:210,15,0,1
BRDA:210,15,1,0
BRDA:217,16,0,1
BRDA:217,16,1,15
BRDA:221,17,0,1
BRDA:221,17,1,14
BRF:36
BRH:30
end_of_record
TN:
SF:data_layer/schemaDescribe.js
FN:43,describeAll
FN:150,descTable
FN:205,(anonymous_2)
FN:238,getAttrsByPerms
FN:239,(anonymous_4)
FN:253,describeSchema
FN:294,(anonymous_6)
FNF:7
FNH:5
FNDA:31,describeAll
FNDA:80,descTable
FNDA:308,(anonymous_2)
FNDA:0,getAttrsByPerms
FNDA:0,(anonymous_4)
FNDA:4,describeSchema
FNDA:2,(anonymous_6)
DA:4,4
DA:5,4
DA:6,4
DA:7,4
DA:8,4
DA:9,4
DA:10,4
DA:11,4
DA:12,4
DA:13,4
DA:14,4
DA:15,4
DA:16,3
DA:18,4
DA:19,4
DA:22,4
DA:23,4
DA:25,4
DA:26,4
DA:27,4
DA:28,4
DA:29,4
DA:31,4
DA:44,31
DA:45,31
DA:48,31
DA:49,0
DA:50,0
DA:53,31
DA:54,31
DA:55,31
DA:56,31
DA:57,31
DA:58,31
DA:59,31
DA:61,30
DA:62,9
DA:65,21
DA:66,21
DA:67,21
DA:68,42
DA:69,42
DA:70,0
DA:74,21
DA:75,21
DA:76,21
DA:77,21
DA:78,21
DA:79,21
DA:81,21
DA:83,21
DA:84,21
DA:85,65
DA:87,65
DA:88,65
DA:89,0
DA:90,0
DA:91,0
DA:93,64
DA:94,64
DA:97,1
DA:101,21
DA:102,21
DA:103,64
DA:104,64
DA:105,34
DA:108,64
DA:109,64
DA:110,34
DA:112,0
DA:113,0
DA:114,0
DA:117,0
DA:118,0
DA:119,0
DA:125,21
DA:126,8
DA:127,8
DA:128,0
DA:129,0
DA:132,21
DA:134,1
DA:135,1
DA:136,1
DA:151,80
DA:152,79
DA:156,79
DA:157,0
DA:160,79
DA:161,79
DA:162,79
DA:163,0
DA:165,79
DA:166,0
DA:169,79
DA:170,79
DA:171,79
DA:172,79
DA:173,79
DA:174,79
DA:175,79
DA:176,79
DA:178,79
DA:180,79
DA:181,3
DA:185,76
DA:186,76
DA:187,76
DA:188,0
DA:190,76
DA:192,76
DA:193,0
DA:196,76
DA:197,76
DA:198,76
DA:199,76
DA:200,76
DA:201,76
DA:202,76
DA:204,76
DA:205,308
DA:207,75
DA:208,0
DA:211,75
DA:213,75
DA:214,8
DA:215,8
DA:216,8
DA:217,8
DA:218,8
DA:220,0
DA:225,1
DA:226,1
DA:229,76
DA:239,0
DA:240,0
DA:241,0
DA:243,0
DA:254,4
DA:255,4
DA:256,1
DA:261,3
DA:262,0
DA:265,3
DA:266,3
DA:267,3
DA:268,3
DA:269,3
DA:270,3
DA:271,3
DA:272,3
DA:274,3
DA:276,2
DA:277,0
DA:278,0
DA:279,0
DA:280,0
DA:281,0
DA:282,0
DA:284,0
DA:285,0
DA:286,0
DA:289,0
DA:292,2
DA:293,2
DA:295,2
DA:297,2
DA:298,0
DA:300,2
DA:301,2
DA:302,1
DA:303,1
DA:307,1
DA:308,1
DA:312,2
LF:175
LH:138
BRDA:15,0,0,3
BRDA:15,0,1,1
BRDA:48,1,0,0
BRDA:48,1,1,31
BRDA:50,2,0,0
BRDA:50,2,1,0
BRDA:61,3,0,9
BRDA:61,3,1,21
BRDA:69,4,0,0
BRDA:69,4,1,42
BRDA:69,5,0,42
BRDA:69,5,1,0
BRDA:87,6,0,65
BRDA:87,6,1,0
BRDA:87,7,0,65
BRDA:87,7,1,0
BRDA:89,8,0,0
BRDA:89,8,1,0
BRDA:89,9,0,0
BRDA:89,9,1,0
BRDA:89,9,2,0
BRDA:93,10,0,64
BRDA:93,10,1,0
BRDA:103,11,0,64
BRDA:103,11,1,0
BRDA:103,12,0,64
BRDA:103,12,1,0
BRDA:104,13,0,34
BRDA:104,13,1,30
BRDA:109,14,0,34
BRDA:109,14,1,30
BRDA:112,15,0,0
BRDA:112,15,1,0
BRDA:113,16,0,0
BRDA:113,16,1,0
BRDA:118,17,0,0
BRDA:118,17,1,0
BRDA:126,18,0,8
BRDA:126,18,1,0
BRDA:126,19,0,8
BRDA:126,19,1,0
BRDA:128,20,0,0
BRDA:128,20,1,0
BRDA:156,21,0,0
BRDA:156,21,1,79
BRDA:156,22,0,79
BRDA:156,22,1,0
BRDA:162,23,0,0
BRDA:162,23,1,79
BRDA:165,24,0,0
BRDA:165,24,1,79
BRDA:180,25,0,3
BRDA:180,25,1,76
BRDA:180,26,0,79
BRDA:180,26,1,79
BRDA:187,27,0,0
BRDA:187,27,1,76
BRDA:192,28,0,0
BRDA:192,28,1,76
BRDA:207,29,0,0
BRDA:207,29,1,75
BRDA:207,30,0,75
BRDA:207,30,1,0
BRDA:213,31,0,8
BRDA:213,31,1,67
BRDA:240,32,0,0
BRDA:240,32,1,0
BRDA:255,33,0,1
BRDA:255,33,1,3
BRDA:261,34,0,0
BRDA:261,34,1,3
BRDA:261,35,0,3
BRDA:261,35,1,0
BRDA:276,36,0,0
BRDA:276,36,1,2
BRDA:276,37,0,2
BRDA:276,37,1,2
BRDA:285,38,0,0
BRDA:285,38,1,0
BRDA:285,39,0,0
BRDA:285,39,1,0
BRDA:297,40,0,0
BRDA:297,40,1,2
BRDA:297,41,0,2
BRDA:297,41,1,0
BRDA:300,42,0,2
BRDA:300,42,1,0
BRDA:300,43,0,2
BRDA:300,43,1,0
BRDA:301,44,0,0
BRDA:301,44,1,2
BRDA:302,45,0,1
BRDA:302,45,1,0
BRF:93
BRH:45
end_of_record
TN:
SF:data_layer/search.js
FN:17,searchByHash
FN:19,(anonymous_1)
FN:31,searchByValue
FN:33,(anonymous_3)
FN:45,search
FN:52,(anonymous_5)
FN:54,(anonymous_6)
FNF:7
FNH:2
FNDA:0,searchByHash
FNDA:0,(anonymous_1)
FNDA:220,searchByValue
FNDA:220,(anonymous_3)
FNDA:0,search
FNDA:0,(anonymous_5)
FNDA:0,(anonymous_6)
DA:3,2
DA:5,2
DA:11,2
DA:12,2
DA:13,2
DA:14,2
DA:15,2
DA:18,0
DA:19,0
DA:20,0
DA:21,0
DA:22,0
DA:24,0
DA:27,0
DA:32,220
DA:33,220
DA:34,220
DA:35,0
DA:36,0
DA:38,220
DA:41,0
DA:46,0
DA:47,0
DA:48,0
DA:50,0
DA:52,0
DA:53,0
DA:55,0
DA:58,0
LF:29
LH:11
BRDA:20,0,0,0
BRDA:20,0,1,0
BRDA:34,1,0,0
BRDA:34,1,1,220
BRF:4
BRH:1
end_of_record
TN:
SF:data_layer/update.js
FN:36,update
FN:62,createUpdateRecord
FN:66,(anonymous_2)
FN:88,buildUpdateRecords
FN:93,(anonymous_4)
FN:104,updateRecords
FNF:6
FNH:0
FNDA:0,update
FNDA:0,createUpdateRecord
FNDA:0,(anonymous_2)
FNDA:0,buildUpdateRecords
FNDA:0,(anonymous_4)
FNDA:0,updateRecords
DA:3,2
DA:4,2
DA:5,2
DA:6,2
DA:7,2
DA:8,2
DA:9,2
DA:10,2
DA:12,2
DA:13,2
DA:15,2
DA:16,2
DA:18,2
DA:21,2
DA:23,2
DA:27,2
DA:37,0
DA:38,0
DA:39,0
DA:42,0
DA:43,0
DA:45,0
DA:47,0
DA:48,0
DA:50,0
DA:51,0
DA:52,0
DA:54,0
DA:63,0
DA:64,0
DA:66,0
DA:67,0
DA:68,0
DA:70,0
DA:74,0
DA:76,0
DA:77,0
DA:89,0
DA:90,0
DA:93,0
DA:105,0
DA:113,0
DA:114,0
DA:118,0
DA:119,0
DA:121,0
DA:122,0
DA:124,0
DA:127,0
DA:129,0
LF:50
LH:16
BRDA:45,0,0,0
BRDA:45,0,1,0
BRDA:67,1,0,0
BRDA:67,1,1,0
BRDA:89,2,0,0
BRDA:89,2,1,0
BRF:6
BRH:0
end_of_record
TN:
SF:data_layer/harperBridge/BridgeMethods.js
FN:8,(anonymous_0)
FN:12,(anonymous_1)
FN:16,(anonymous_2)
FN:20,(anonymous_3)
FN:24,(anonymous_4)
FN:28,(anonymous_5)
FN:32,(anonymous_6)
FN:36,(anonymous_7)
FN:40,(anonymous_8)
FN:44,(anonymous_9)
FN:48,(anonymous_10)
FN:52,(anonymous_11)
FN:56,(anonymous_12)
FN:60,(anonymous_13)
FN:64,(anonymous_14)
FN:68,(anonymous_15)
FNF:16
FNH:0
FNDA:0,(anonymous_0)
FNDA:0,(anonymous_1)
FNDA:0,(anonymous_2)
FNDA:0,(anonymous_3)
FNDA:0,(anonymous_4)
FNDA:0,(anonymous_5)
FNDA:0,(anonymous_6)
FNDA:0,(anonymous_7)
FNDA:0,(anonymous_8)
FNDA:0,(anonymous_9)
FNDA:0,(anonymous_10)
FNDA:0,(anonymous_11)
FNDA:0,(anonymous_12)
FNDA:0,(anonymous_13)
FNDA:0,(anonymous_14)
FNDA:0,(anonymous_15)
DA:9,0
DA:13,0
DA:17,0
DA:21,0
DA:25,0
DA:29,0
DA:33,0
DA:37,0
DA:41,0
DA:45,0
DA:49,0
DA:53,0
DA:57,0
DA:61,0
DA:65,0
DA:69,0
DA:73,2
LF:17
LH:1
BRF:0
BRH:0
end_of_record
TN:
SF:data_layer/harperBridge/harperBridge.js
FN:18,getBridge
FNF:1
FNH:1
FNDA:2,getBridge
DA:3,2
DA:4,2
DA:5,2
DA:6,2
DA:7,2
DA:8,1
DA:12,2
DA:19,2
DA:20,0
DA:24,2
DA:25,2
DA:27,1
DA:28,1
DA:29,1
DA:31,1
DA:32,1
DA:34,0
DA:35,0
DA:37,2
DA:40,2
LF:20
LH:17
BRDA:7,0,0,1
BRDA:7,0,1,1
BRDA:19,1,0,0
BRDA:19,1,1,2
BRDA:25,2,0,1
BRDA:25,2,1,1
BRDA:25,2,2,0
BRF:7
BRH:5
end_of_record
TN:
SF:data_layer/harperBridge/bridgeUtility/checkForNewAttr.js
FN:14,checkForNewAttributes
FN:21,(anonymous_1)
FN:26,(anonymous_2)
FNF:3
FNH:3
FNDA:12,checkForNewAttributes
FNDA:46,(anonymous_1)
FNDA:35,(anonymous_2)
DA:3,1
DA:5,1
DA:15,12
DA:16,1
DA:19,11
DA:20,11
DA:21,10
DA:22,46
DA:26,11
DA:27,35
DA:30,11
DA:31,10
DA:34,1
LF:13
LH:13
BRDA:15,0,0,1
BRDA:15,0,1,11
BRDA:20,1,0,10
BRDA:20,1,1,1
BRDA:30,2,0,10
BRDA:30,2,1,1
BRF:6
BRH:6
end_of_record
TN:
SF:data_layer/harperBridge/bridgeUtility/evaluateTableGetAttributes.js
FN:10,evaluateTableGetAttributes
FN:11,(anonymous_1)
FN:16,(anonymous_2)
FN:20,(anonymous_3)
FN:25,(anonymous_4)
FN:29,(anonymous_5)
FNF:6
FNH:6
FNDA:326,evaluateTableGetAttributes
FNDA:510,(anonymous_1)
FNDA:96,(anonymous_2)
FNDA:608,(anonymous_3)
FNDA:611,(anonymous_4)
FNDA:414,(anonymous_5)
DA:3,1
DA:5,1
DA:11,326
DA:12,510
DA:15,326
DA:16,93
DA:17,96
DA:20,93
DA:21,608
DA:25,611
DA:29,414
LF:11
LH:11
BRDA:12,0,0,510
BRDA:12,0,1,417
BRDA:15,1,0,93
BRDA:15,1,1,233
BRDA:15,2,0,326
BRDA:15,2,1,326
BRDA:17,3,0,96
BRDA:17,3,1,3
BRF:8
BRH:8
end_of_record
TN:
SF:data_layer/harperBridge/bridgeUtility/insertUpdateReturnObj.js
FN:15,returnObject
FNF:1
FNH:1
FNDA:384,returnObject
DA:3,2
DA:5,2
DA:16,384
DA:21,384
DA:22,383
DA:23,383
DA:26,1
DA:27,1
LF:8
LH:8
BRDA:21,0,0,383
BRDA:21,0,1,1
BRF:2
BRH:2
end_of_record
TN:
SF:data_layer/harperBridge/bridgeUtility/insertUpdateValidate.js
FN:16,insertUpdateValidate
FN:54,(anonymous_1)
FNF:2
FNH:2
FNDA:123,insertUpdateValidate
FNDA:9184,(anonymous_1)
DA:3,3
DA:4,3
DA:5,3
DA:7,3
DA:20,123
DA:21,1
DA:23,122
DA:24,1
DA:26,121
DA:27,1
DA:30,120
DA:31,0
DA:35,120
DA:36,120
DA:37,1
DA:40,119
DA:41,118
DA:42,0
DA:45,118
DA:46,118
DA:47,118
DA:49,118
DA:50,118
DA:51,10
DA:54,118
DA:56,9184
DA:57,6
DA:58,6
DA:61,9178
DA:62,4
DA:63,4
DA:66,9174
DA:67,0
DA:70,9174
DA:72,9174
DA:73,88703
DA:78,108
DA:80,108
LF:38
LH:35
BRDA:20,0,0,1
BRDA:20,0,1,122
BRDA:23,1,0,1
BRDA:23,1,1,121
BRDA:26,2,0,1
BRDA:26,2,1,120
BRDA:30,3,0,0
BRDA:30,3,1,120
BRDA:36,4,0,1
BRDA:36,4,1,119
BRDA:41,5,0,0
BRDA:41,5,1,118
BRDA:50,6,0,10
BRDA:50,6,1,108
BRDA:56,7,0,6
BRDA:56,7,1,9178
BRDA:56,8,0,9184
BRDA:56,8,1,11
BRDA:61,9,0,4
BRDA:61,9,1,9174
BRDA:61,10,0,9178
BRDA:61,10,1,9178
BRDA:61,10,2,9176
BRDA:66,11,0,0
BRDA:66,11,1,9174
BRDA:66,12,0,9174
BRDA:66,12,1,9174
BRDA:66,12,2,9174
BRF:28
BRH:25
end_of_record
TN:
SF:data_layer/harperBridge/fsBridge/FileSystemBridge.js
FN:22,(anonymous_0)
FN:31,(anonymous_1)
FN:40,(anonymous_2)
FN:49,(anonymous_3)
FN:58,(anonymous_4)
FN:67,(anonymous_5)
FN:76,(anonymous_6)
FN:85,(anonymous_7)
FN:94,(anonymous_8)
FN:103,(anonymous_9)
FN:112,(anonymous_10)
FN:121,(anonymous_11)
FN:130,(anonymous_12)
FN:139,(anonymous_13)
FN:143,(anonymous_14)
FN:147,(anonymous_15)
FNF:16
FNH:14
FNDA:45,(anonymous_0)
FNDA:0,(anonymous_1)
FNDA:68,(anonymous_2)
FNDA:200,(anonymous_3)
FNDA:5,(anonymous_4)
FNDA:2,(anonymous_5)
FNDA:5,(anonymous_6)
FNDA:2,(anonymous_7)
FNDA:15,(anonymous_8)
FNDA:5,(anonymous_9)
FNDA:2,(anonymous_10)
FNDA:2,(anonymous_11)
FNDA:2,(anonymous_12)
FNDA:2,(anonymous_13)
FNDA:0,(anonymous_14)
FNDA:2,(anonymous_15)
DA:3,3
DA:4,3
DA:5,3
DA:6,3
DA:7,3
DA:8,3
DA:9,3
DA:10,3
DA:11,3
DA:12,3
DA:13,3
DA:14,3
DA:15,3
DA:16,3
DA:17,3
DA:18,3
DA:23,45
DA:24,45
DA:26,2
DA:27,2
DA:32,0
DA:33,0
DA:35,0
DA:36,0
DA:41,68
DA:42,68
DA:44,0
DA:45,0
DA:50,200
DA:51,200
DA:53,0
DA:54,0
DA:59,5
DA:60,5
DA:62,1
DA:63,1
DA:68,2
DA:69,2
DA:71,1
DA:72,1
DA:77,5
DA:78,5
DA:80,1
DA:81,1
DA:86,2
DA:87,2
DA:89,1
DA:90,1
DA:95,15
DA:96,15
DA:98,1
DA:99,1
DA:104,5
DA:105,5
DA:107,1
DA:108,1
DA:113,2
DA:114,2
DA:116,1
DA:117,1
DA:122,2
DA:123,2
DA:125,1
DA:126,1
DA:131,2
DA:132,2
DA:134,1
DA:135,1
DA:140,2
DA:144,0
DA:148,2
DA:149,2
DA:151,1
DA:152,1
DA:157,3
LF:75
LH:66
BRF:0
BRH:0
end_of_record
TN:
SF:data_layer/harperBridge/fsBridge/fsMethods/fsCreateAttribute.js
FN:21,createAttribute
FN:83,insertData
FNF:2
FNH:2
FNDA:20,createAttribute
FNDA:19,insertData
DA:3,3
DA:4,3
DA:5,3
DA:6,3
DA:7,3
DA:8,3
DA:9,3
DA:10,3
DA:12,3
DA:14,3
DA:22,20
DA:23,20
DA:24,1
DA:27,19
DA:29,19
DA:30,15
DA:33,19
DA:34,10
DA:35,16
DA:36,1
DA:41,18
DA:49,18
DA:50,0
DA:53,18
DA:61,18
DA:62,18
DA:63,18
DA:64,17
DA:65,17
DA:67,17
DA:69,1
DA:84,19
DA:85,19
DA:86,17
DA:87,17
DA:89,17
DA:91,2
LF:37
LH:36
BRDA:23,0,0,1
BRDA:23,0,1,19
BRDA:29,1,0,15
BRDA:29,1,1,4
BRDA:29,2,0,19
BRDA:29,2,1,18
BRDA:33,3,0,10
BRDA:33,3,1,9
BRDA:33,4,0,19
BRDA:33,4,1,14
BRDA:35,5,0,1
BRDA:35,5,1,15
BRDA:49,6,0,0
BRDA:49,6,1,18
BRF:14
BRH:13
end_of_record
TN:
SF:data_layer/harperBridge/fsBridge/fsMethods/fsCreateRecords.js
FN:21,createRecords
FN:42,checkAttributes
FN:52,(anonymous_2)
FN:62,createNewAttribute
FN:85,createAttribute
FNF:5
FNH:2
FNDA:11,createRecords
FNDA:11,checkAttributes
FNDA:0,(anonymous_2)
FNDA:0,createNewAttribute
FNDA:0,createAttribute
DA:3,3
DA:4,3
DA:5,3
DA:6,3
DA:7,3
DA:8,3
DA:9,3
DA:10,3
DA:12,3
DA:14,3
DA:22,11
DA:23,11
DA:24,11
DA:25,11
DA:26,10
DA:28,10
DA:35,10
DA:37,1
DA:44,11
DA:46,10
DA:47,10
DA:50,0
DA:51,0
DA:53,0
DA:56,0
DA:58,0
DA:63,0
DA:69,0
DA:70,0
DA:73,0
DA:74,0
DA:77,0
DA:78,0
DA:80,0
DA:87,0
DA:89,0
DA:90,0
DA:92,0
DA:94,0
LF:39
LH:21
BRDA:46,0,0,10
BRDA:46,0,1,0
BRDA:69,1,0,0
BRDA:69,1,1,0
BRDA:77,2,0,0
BRDA:77,2,1,0
BRF:6
BRH:1
end_of_record
TN:
SF:data_layer/harperBridge/fsBridge/fsMethods/fsCreateSchema.js
FN:15,createSchema
FNF:1
FNH:1
FNDA:5,createSchema
DA:3,3
DA:4,3
DA:5,3
DA:6,3
DA:8,3
DA:16,5
DA:28,5
DA:29,5
DA:30,5
DA:32,1
DA:33,1
DA:35,0
LF:12
LH:11
BRDA:32,0,0,1
BRDA:32,0,1,0
BRF:2
BRH:1
end_of_record
TN:
SF:data_layer/harperBridge/fsBridge/fsMethods/fsCreateTable.js
FN:20,createTable
FNF:1
FNH:1
FNDA:6,createTable
DA:3,3
DA:4,3
DA:5,3
DA:6,3
DA:7,3
DA:9,3
DA:21,6
DA:29,6
DA:36,6
DA:37,6
DA:38,6
DA:39,4
DA:41,3
DA:42,1
DA:44,2
DA:45,1
DA:47,1
LF:17
LH:17
BRDA:41,0,0,1
BRDA:41,0,1,2
BRDA:44,1,0,1
BRDA:44,1,1,1
BRF:4
BRH:4
end_of_record
TN:
SF:data_layer/harperBridge/fsBridge/fsMethods/fsDeleteRecords.js
FN:18,deleteRecords
FN:49,(anonymous_1)
FN:50,(anonymous_2)
FN:110,compareSearchResultsWithRequest
FNF:4
FNH:4
FNDA:9,deleteRecords
FNDA:11,(anonymous_1)
FNDA:37,(anonymous_2)
FNDA:6,compareSearchResultsWithRequest
DA:3,5
DA:4,5
DA:5,5
DA:6,5
DA:7,5
DA:8,5
DA:9,5
DA:11,5
DA:12,5
DA:13,5
DA:14,5
DA:16,5
DA:19,9
DA:20,9
DA:21,9
DA:22,9
DA:23,9
DA:24,6
DA:30,6
DA:33,1
DA:34,1
DA:37,8
DA:38,8
DA:39,1
DA:40,1
DA:43,7
DA:47,7
DA:48,7
DA:49,7
DA:50,11
DA:51,37
DA:53,37
DA:54,37
DA:55,11
DA:57,37
DA:59,37
DA:60,37
DA:61,0
DA:64,37
DA:65,37
DA:66,37
DA:71,37
DA:72,37
DA:78,0
DA:79,0
DA:82,7
DA:83,7
DA:84,6
DA:85,6
DA:88,6
DA:89,5
DA:90,9
DA:95,1
DA:96,1
DA:98,6
DA:113,6
DA:114,6
DA:115,6
DA:117,0
DA:120,6
DA:121,11
DA:122,11
DA:123,16
DA:124,2
DA:125,2
DA:128,11
DA:129,9
LF:67
LH:63
BRDA:23,0,0,6
BRDA:23,0,1,3
BRDA:38,1,0,1
BRDA:38,1,1,7
BRDA:53,2,0,37
BRDA:53,2,1,0
BRDA:54,3,0,11
BRDA:54,3,1,26
BRDA:60,4,0,0
BRDA:60,4,1,37
BRDA:65,5,0,0
BRDA:65,5,1,37
BRDA:71,6,0,37
BRDA:71,6,1,0
BRDA:84,7,0,6
BRDA:84,7,1,0
BRDA:88,8,0,5
BRDA:88,8,1,1
BRDA:88,9,0,6
BRDA:88,9,1,6
BRDA:123,10,0,2
BRDA:123,10,1,14
BRDA:128,11,0,9
BRDA:128,11,1,2
BRF:24
BRH:19
end_of_record
TN:
SF:data_layer/harperBridge/fsBridge/fsMethods/fsDeleteRecordsBefore.js
FN:24,deleteRecordsBefore
FN:44,deleteFilesInPath
FN:73,(anonymous_2)
FN:84,(anonymous_3)
FN:94,(anonymous_4)
FN:104,doesDirectoryExist
FN:127,removeFiles
FN:162,removeIDFiles
FN:214,inspectHashAttributeDir
FN:226,(anonymous_9)
FN:279,isFileTimeBeforeParameterTime
FN:299,convertUnixStringToMoment
FN:314,getDirectoriesInPath
FNF:13
FNH:9
FNDA:6,deleteRecordsBefore
FNDA:12,deleteFilesInPath
FNDA:0,(anonymous_2)
FNDA:0,(anonymous_3)
FNDA:0,(anonymous_4)
FNDA:10,doesDirectoryExist
FNDA:5,removeFiles
FNDA:6,removeIDFiles
FNDA:13,inspectHashAttributeDir
FNDA:0,(anonymous_9)
FNDA:17,isFileTimeBeforeParameterTime
FNDA:13,convertUnixStringToMoment
FNDA:36,getDirectoriesInPath
DA:3,3
DA:4,3
DA:5,3
DA:6,3
DA:7,3
DA:8,3
DA:9,3
DA:10,3
DA:11,3
DA:12,3
DA:13,3
DA:15,3
DA:16,3
DA:17,3
DA:18,3
DA:20,3
DA:22,3
DA:25,6
DA:26,6
DA:28,6
DA:29,6
DA:31,0
DA:45,12
DA:46,1
DA:47,1
DA:50,11
DA:51,1
DA:52,1
DA:55,10
DA:56,1
DA:57,1
DA:60,9
DA:61,1
DA:62,1
DA:65,8
DA:66,8
DA:67,8
DA:69,1
DA:70,1
DA:73,7
DA:74,0
DA:77,7
DA:78,0
DA:79,0
DA:80,0
DA:83,7
DA:84,7
DA:85,0
DA:88,7
DA:89,4
DA:90,4
DA:91,4
DA:94,3
DA:95,0
DA:105,10
DA:106,1
DA:107,1
DA:109,9
DA:110,9
DA:111,9
DA:113,8
DA:115,1
DA:116,1
DA:128,5
DA:134,5
DA:135,5
DA:136,1
DA:139,4
DA:140,4
DA:141,4
DA:142,4
DA:143,4
DA:144,4
DA:147,4
DA:149,0
DA:150,0
DA:163,6
DA:164,1
DA:165,1
DA:167,5
DA:168,0
DA:169,0
DA:171,5
DA:172,0
DA:174,5
DA:175,9
DA:176,9
DA:177,9
DA:178,9
DA:179,9
DA:181,0
DA:182,0
DA:184,9
DA:185,0
DA:188,9
DA:189,9
DA:190,9
DA:191,9
DA:193,0
DA:197,9
DA:198,9
DA:200,0
DA:215,13
DA:217,13
DA:218,13
DA:219,1
DA:220,1
DA:223,0
DA:226,12
DA:227,0
DA:230,12
DA:231,0
DA:232,0
DA:235,12
DA:236,6
DA:237,6
DA:240,6
DA:241,9
DA:242,9
DA:243,0
DA:245,9
DA:247,9
DA:248,8
DA:250,1
DA:253,2
DA:254,1
DA:255,1
DA:257,1
DA:262,9
DA:264,8
DA:265,8
DA:266,8
DA:280,17
DA:281,2
DA:282,2
DA:285,15
DA:286,2
DA:287,2
DA:290,13
DA:291,13
DA:300,13
DA:301,13
DA:303,0
DA:304,0
DA:315,36
DA:316,0
DA:317,0
DA:320,36
DA:321,36
DA:322,36
DA:324,4
DA:325,4
DA:328,32
DA:330,32
DA:331,45
DA:332,1
DA:335,44
DA:336,44
DA:338,44
DA:339,44
DA:341,0
DA:342,0
DA:345,44
DA:346,19
DA:347,19
DA:348,19
DA:350,0
DA:351,0
LF:168
LH:138
BRDA:45,0,0,1
BRDA:45,0,1,11
BRDA:50,1,0,1
BRDA:50,1,1,10
BRDA:50,2,0,11
BRDA:50,2,1,11
BRDA:50,2,2,10
BRDA:55,3,0,1
BRDA:55,3,1,9
BRDA:55,4,0,10
BRDA:55,4,1,9
BRDA:60,5,0,1
BRDA:60,5,1,8
BRDA:77,6,0,0
BRDA:77,6,1,7
BRDA:88,7,0,4
BRDA:88,7,1,3
BRDA:105,8,0,1
BRDA:105,8,1,9
BRDA:113,9,0,8
BRDA:113,9,1,8
BRDA:135,10,0,1
BRDA:135,10,1,4
BRDA:141,11,0,4
BRDA:141,11,1,0
BRDA:163,12,0,1
BRDA:163,12,1,5
BRDA:163,13,0,6
BRDA:163,13,1,6
BRDA:167,14,0,0
BRDA:167,14,1,5
BRDA:171,15,0,0
BRDA:171,15,1,5
BRDA:184,16,0,0
BRDA:184,16,1,9
BRDA:218,17,0,1
BRDA:218,17,1,12
BRDA:218,18,0,13
BRDA:218,18,1,12
BRDA:230,19,0,0
BRDA:230,19,1,12
BRDA:235,20,0,6
BRDA:235,20,1,6
BRDA:242,21,0,0
BRDA:242,21,1,9
BRDA:247,22,0,8
BRDA:247,22,1,1
BRDA:253,23,0,1
BRDA:253,23,1,1
BRDA:262,24,0,8
BRDA:262,24,1,1
BRDA:262,25,0,9
BRDA:262,25,1,8
BRDA:280,26,0,2
BRDA:280,26,1,15
BRDA:280,27,0,17
BRDA:280,27,1,16
BRDA:285,28,0,2
BRDA:285,28,1,13
BRDA:291,29,0,13
BRDA:291,29,1,13
BRDA:291,29,2,13
BRDA:315,30,0,0
BRDA:315,30,1,36
BRDA:315,31,0,36
BRDA:315,31,1,36
BRDA:328,32,0,0
BRDA:328,32,1,32
BRDA:331,33,0,1
BRDA:331,33,1,44
BRDA:345,34,0,19
BRDA:345,34,1,25
BRDA:345,35,0,44
BRDA:345,35,1,44
BRDA:345,35,2,27
BRF:75
BRH:66
end_of_record
TN:
SF:data_layer/harperBridge/fsBridge/fsMethods/fsDropAttribute.js
FN:28,dropAttribute
FN:79,dropAttributeFromSystem
FNF:2
FNH:2
FNDA:4,dropAttribute
FNDA:2,dropAttributeFromSystem
DA:3,2
DA:4,2
DA:5,2
DA:6,2
DA:7,2
DA:8,2
DA:9,2
DA:12,2
DA:18,2
DA:19,2
DA:21,2
DA:30,4
DA:31,4
DA:32,4
DA:33,4
DA:35,4
DA:36,4
DA:39,2
DA:42,1
DA:44,1
DA:45,1
DA:49,3
DA:50,3
DA:53,1
DA:56,1
DA:58,0
DA:59,0
DA:63,3
DA:64,3
DA:66,2
DA:69,1
DA:70,1
DA:80,2
DA:89,2
DA:90,2
DA:91,2
DA:92,1
DA:95,1
DA:102,1
DA:104,1
DA:106,1
LF:41
LH:39
BRDA:39,0,0,1
BRDA:39,0,1,1
BRDA:53,1,0,1
BRDA:53,1,1,0
BRDA:91,2,0,1
BRDA:91,2,1,1
BRDA:91,3,0,2
BRDA:91,3,1,2
BRF:8
BRH:7
end_of_record
TN:
SF:data_layer/harperBridge/fsBridge/fsMethods/fsDropSchema.js
FN:18,fsDropSchema
FN:53,moveSchemaToTrash
FNF:2
FNH:2
FNDA:2,fsDropSchema
FNDA:3,moveSchemaToTrash
DA:3,3
DA:4,3
DA:5,3
DA:6,3
DA:7,3
DA:8,3
DA:9,3
DA:10,3
DA:12,3
DA:13,3
DA:14,3
DA:16,3
DA:19,2
DA:20,2
DA:26,2
DA:27,2
DA:28,2
DA:29,2
DA:30,2
DA:33,2
DA:34,2
DA:35,0
DA:37,2
DA:38,2
DA:40,1
DA:41,1
DA:54,3
DA:55,1
DA:58,2
DA:59,2
DA:60,2
DA:62,2
DA:63,2
DA:65,2
DA:71,2
DA:72,2
DA:73,2
DA:77,2
DA:78,2
DA:81,1
LF:40
LH:39
BRDA:34,0,0,0
BRDA:34,0,1,2
BRDA:54,1,0,1
BRDA:54,1,1,2
BRDA:71,2,0,2
BRDA:71,2,1,0
BRDA:71,3,0,2
BRDA:71,3,1,2
BRDA:77,4,0,2
BRDA:77,4,1,0
BRDA:77,5,0,2
BRDA:77,5,1,2
BRF:12
BRH:9
end_of_record
TN:
SF:data_layer/harperBridge/fsBridge/fsMethods/fsDropTable.js
FN:17,dropTable
FN:44,buildDropTableObject
FN:73,moveTableToTrash
FNF:3
FNH:3
FNDA:2,dropTable
FNDA:3,buildDropTableObject
FNDA:2,moveTableToTrash
DA:3,3
DA:4,3
DA:5,3
DA:6,3
DA:7,3
DA:8,3
DA:9,3
DA:11,3
DA:12,3
DA:13,3
DA:15,3
DA:18,2
DA:27,2
DA:28,2
DA:29,1
DA:30,1
DA:31,1
DA:32,1
DA:34,1
DA:48,3
DA:49,2
DA:50,2
DA:54,3
DA:55,1
DA:58,2
DA:65,2
DA:74,2
DA:75,2
DA:76,2
DA:78,2
DA:79,2
DA:81,1
LF:32
LH:32
BRDA:49,0,0,2
BRDA:49,0,1,0
BRDA:49,1,0,2
BRDA:49,1,1,2
BRDA:54,2,0,1
BRDA:54,2,1,2
BRF:6
BRH:5
end_of_record
TN:
SF:data_layer/harperBridge/fsBridge/fsMethods/fsGetDataByHash.js
FN:17,fsGetDataByHash
FNF:1
FNH:1
FNDA:53,fsGetDataByHash
DA:3,3
DA:4,3
DA:5,3
DA:7,3
DA:18,53
DA:19,53
DA:20,53
DA:21,8
DA:24,45
DA:25,45
DA:27,45
DA:29,45
DA:31,8
LF:13
LH:13
BRDA:20,0,0,8
BRDA:20,0,1,45
BRF:2
BRH:2
end_of_record
TN:
SF:data_layer/harperBridge/fsBridge/fsMethods/fsGetDataByValue.js
FN:29,fsGetDataByValue
FNF:1
FNH:1
FNDA:286,fsGetDataByValue
DA:3,3
DA:4,3
DA:5,3
DA:6,3
DA:8,3
DA:9,3
DA:10,3
DA:11,3
DA:12,3
DA:14,3
DA:15,3
DA:16,3
DA:18,3
DA:30,286
DA:31,286
DA:32,286
DA:33,0
DA:35,286
DA:36,286
DA:37,11
DA:39,275
DA:41,275
DA:42,3
DA:44,272
DA:46,275
DA:48,3
DA:50,275
DA:51,3
DA:53,275
DA:54,275
DA:56,275
DA:57,275
DA:58,200
DA:60,75
DA:63,275
DA:70,275
DA:71,123
DA:73,152
DA:76,275
DA:77,275
DA:79,275
DA:81,11
LF:42
LH:41
BRDA:32,0,0,0
BRDA:32,0,1,286
BRDA:32,1,0,286
BRDA:32,1,1,3
BRDA:36,2,0,11
BRDA:36,2,1,275
BRDA:41,3,0,3
BRDA:41,3,1,272
BRDA:46,4,0,3
BRDA:46,4,1,272
BRDA:46,5,0,275
BRDA:46,5,1,152
BRDA:46,5,2,152
BRDA:46,5,3,149
BRDA:50,6,0,3
BRDA:50,6,1,272
BRDA:57,7,0,200
BRDA:57,7,1,75
BRDA:70,8,0,123
BRDA:70,8,1,152
BRDA:70,9,0,275
BRDA:70,9,1,152
BRF:22
BRH:21
end_of_record
TN:
SF:data_layer/harperBridge/fsBridge/fsMethods/fsSearchByHash.js
FN:15,fsSearchByHash
FNF:1
FNH:1
FNDA:2,fsSearchByHash
DA:3,3
DA:5,3
DA:16,2
DA:17,2
DA:18,1
DA:20,1
LF:6
LH:6
BRF:0
BRH:0
end_of_record
TN:
SF:data_layer/harperBridge/fsBridge/fsMethods/fsSearchByValue.js
FN:16,fsSearchByValue
FNF:1
FNH:1
FNDA:201,fsSearchByValue
DA:3,3
DA:5,3
DA:17,201
DA:18,201
DA:19,201
DA:21,0
LF:6
LH:5
BRF:0
BRH:0
end_of_record
TN:
SF:data_layer/harperBridge/fsBridge/fsMethods/fsUpdateRecords.js
FN:17,updateRecords
FN:31,(anonymous_1)
FN:57,getExistingRows
FN:84,checkForExistingAttributes
FN:91,(anonymous_4)
FN:96,(anonymous_5)
FN:107,unlinkFiles
FNF:7
FNH:7
FNDA:3,updateRecords
FNDA:4,(anonymous_1)
FNDA:3,getExistingRows
FNDA:2,checkForExistingAttributes
FNDA:2,(anonymous_4)
FNDA:4,(anonymous_5)
FNDA:2,unlinkFiles
DA:3,3
DA:4,3
DA:5,3
DA:6,3
DA:7,3
DA:8,3
DA:9,3
DA:10,3
DA:11,3
DA:13,3
DA:15,3
DA:18,3
DA:19,3
DA:20,3
DA:23,3
DA:24,1
DA:31,2
DA:32,4
DA:34,2
DA:35,2
DA:36,2
DA:37,1
DA:39,1
DA:46,1
DA:58,3
DA:59,3
DA:60,3
DA:61,1
DA:64,2
DA:71,2
DA:72,1
DA:74,2
DA:85,2
DA:86,1
DA:89,1
DA:90,1
DA:91,1
DA:92,2
DA:96,1
DA:97,4
DA:100,1
DA:108,2
DA:109,2
DA:111,1
LF:44
LH:44
BRDA:23,0,0,1
BRDA:23,0,1,2
BRDA:60,1,0,1
BRDA:60,1,1,2
BRDA:85,2,0,1
BRDA:85,2,1,1
BRDA:90,3,0,1
BRDA:90,3,1,0
BRF:8
BRH:7
end_of_record
TN:
SF:data_layer/harperBridge/fsBridge/fsUtility/buildFolderPath.js
FN:11,buildFolderPath
FNF:1
FNH:1
FNDA:6,buildFolderPath
DA:3,1
DA:5,1
DA:12,6
DA:13,6
DA:15,0
LF:5
LH:4
BRF:0
BRH:0
end_of_record
TN:
SF:data_layer/harperBridge/fsBridge/fsUtility/checkForNewAttr.js
FN:19,checkForNewAttributes
FN:27,(anonymous_1)
FN:32,(anonymous_2)
FN:41,(anonymous_3)
FN:59,createNewAttribute
FN:82,createAttribute
FNF:6
FNH:0
FNDA:0,checkForNewAttributes
FNDA:0,(anonymous_1)
FNDA:0,(anonymous_2)
FNDA:0,(anonymous_3)
FNDA:0,createNewAttribute
FNDA:0,createAttribute
DA:3,1
DA:4,1
DA:5,1
DA:6,1
DA:8,1
DA:10,1
DA:20,0
DA:21,0
DA:22,0
DA:25,0
DA:26,0
DA:27,0
DA:28,0
DA:32,0
DA:33,0
DA:36,0
DA:37,0
DA:40,0
DA:42,0
DA:46,0
DA:48,0
DA:60,0
DA:66,0
DA:67,0
DA:70,0
DA:71,0
DA:74,0
DA:75,0
DA:77,0
DA:84,0
DA:85,0
DA:86,0
DA:88,0
DA:90,0
LF:34
LH:6
BRDA:21,0,0,0
BRDA:21,0,1,0
BRDA:26,1,0,0
BRDA:26,1,1,0
BRDA:36,2,0,0
BRDA:36,2,1,0
BRDA:66,3,0,0
BRDA:66,3,1,0
BRDA:74,4,0,0
BRDA:74,4,1,0
BRDA:74,5,0,0
BRDA:74,5,1,0
BRDA:74,5,2,0
BRF:13
BRH:0
end_of_record
TN:
SF:data_layer/harperBridge/fsBridge/fsUtility/deleteAttrStructure.js
FN:9,deleteAttributeStructure
FNF:1
FNH:1
FNDA:3,deleteAttributeStructure
DA:3,3
DA:4,3
DA:5,3
DA:7,3
DA:10,3
DA:17,3
DA:18,2
DA:19,2
DA:20,1
DA:21,0
DA:22,0
DA:24,1
DA:27,2
DA:28,2
DA:30,2
DA:31,2
DA:37,2
DA:38,8
DA:40,8
DA:44,2
DA:46,1
DA:49,1
LF:22
LH:20
BRDA:17,0,0,2
BRDA:17,0,1,1
BRDA:17,1,0,3
BRDA:17,1,1,3
BRDA:20,2,0,0
BRDA:20,2,1,1
BRDA:30,3,0,2
BRDA:30,3,1,0
BRDA:30,4,0,2
BRDA:30,4,1,2
BRDA:38,5,0,8
BRDA:38,5,1,0
BRDA:38,6,0,8
BRDA:38,6,1,0
BRDA:38,6,2,8
BRF:15
BRH:11
end_of_record
TN:
SF:data_layer/harperBridge/fsBridge/fsUtility/getAllAttrHashValues.js
FN:10,getAllAttrHashValues
FNF:1
FNH:1
FNDA:126,getAllAttrHashValues
DA:3,3
DA:5,3
DA:6,3
DA:8,3
DA:11,126
DA:12,126
DA:13,126
DA:14,104
DA:15,0
DA:18,104
DA:19,20954
DA:22,22
DA:25,126
LF:13
LH:12
BRDA:14,0,0,0
BRDA:14,0,1,104
BRF:2
BRH:1
end_of_record
TN:
SF:data_layer/harperBridge/fsBridge/fsUtility/getAttributeFileValues.js
FN:16,getAttributeFileValues
FN:41,(anonymous_1)
FN:140,readAttributeFilePromise
FN:154,readAttributeFiles
FN:163,validateHashValuesExist
FN:169,(anonymous_5)
FNF:6
FNH:6
FNDA:323,getAttributeFileValues
FNDA:7,(anonymous_1)
FNDA:30598,readAttributeFilePromise
FNDA:730,readAttributeFiles
FNDA:48,validateHashValuesExist
FNDA:6854,(anonymous_5)
DA:3,4
DA:4,4
DA:6,4
DA:7,4
DA:8,4
DA:9,4
DA:11,4
DA:13,4
DA:14,4
DA:17,323
DA:18,323
DA:19,323
DA:21,323
DA:22,323
DA:24,323
DA:25,275
DA:27,48
DA:31,323
DA:32,27
DA:35,296
DA:38,296
DA:41,5
DA:42,7
DA:43,7
DA:47,5
DA:48,10775
DA:49,10775
DA:50,0
DA:54,5
DA:55,7
DA:56,7
DA:58,0
DA:60,7
DA:62,7
DA:63,7
DA:64,1996
DA:65,1996
DA:66,1996
DA:68,1996
DA:69,1996
DA:71,15085
DA:72,0
DA:73,0
DA:74,0
DA:76,0
DA:77,0
DA:79,0
DA:80,0
DA:81,0
DA:82,0
DA:83,0
DA:84,0
DA:85,0
DA:88,0
DA:92,0
DA:96,15085
DA:97,15085
DA:98,15085
DA:99,15085
DA:104,0
DA:109,0
DA:114,291
DA:115,17378
DA:116,17378
DA:117,7765
DA:121,291
DA:123,891
DA:124,891
DA:126,891
DA:127,161
DA:129,730
DA:134,295
DA:136,1
DA:141,30598
DA:142,30598
DA:143,30381
DA:144,30381
DA:146,217
DA:147,216
DA:149,1
DA:155,730
DA:156,730
DA:157,30595
DA:160,730
DA:164,48
DA:165,0
DA:167,48
DA:168,48
DA:169,48
DA:170,6854
DA:171,6854
DA:172,6853
DA:174,1
DA:179,48
LF:94
LH:75
BRDA:24,0,0,275
BRDA:24,0,1,48
BRDA:31,1,0,27
BRDA:31,1,1,296
BRDA:38,2,0,5
BRDA:38,2,1,291
BRDA:49,3,0,0
BRDA:49,3,1,10775
BRDA:56,4,0,0
BRDA:56,4,1,7
BRDA:71,5,0,0
BRDA:71,5,1,15085
BRDA:76,6,0,0
BRDA:76,6,1,0
BRDA:76,7,0,0
BRDA:76,7,1,0
BRDA:83,8,0,0
BRDA:83,8,1,0
BRDA:98,9,0,15085
BRDA:98,9,1,0
BRDA:116,10,0,7765
BRDA:116,10,1,9613
BRDA:123,11,0,891
BRDA:123,11,1,0
BRDA:126,12,0,161
BRDA:126,12,1,730
BRDA:146,13,0,216
BRDA:146,13,1,1
BRDA:164,14,0,0
BRDA:164,14,1,48
BRF:30
BRH:18
end_of_record
TN:
SF:data_layer/harperBridge/fsBridge/fsUtility/getBasePath.js
FN:6,getBasePath
FNF:1
FNH:1
FNDA:641,getBasePath
DA:3,1
DA:4,1
DA:7,641
DA:10,1
LF:4
LH:4
BRF:0
BRH:0
end_of_record
TN:
SF:data_layer/harperBridge/fsBridge/fsUtility/moveFolderToTrash.js
FN:17,moveFolderToTrash
FNF:1
FNH:1
FNDA:6,moveFolderToTrash
DA:3,1
DA:4,1
DA:5,1
DA:6,1
DA:8,1
DA:18,6
DA:19,1
DA:22,5
DA:23,5
DA:25,1
DA:26,1
DA:29,4
DA:30,4
DA:32,3
DA:33,3
DA:35,1
LF:16
LH:16
BRDA:18,0,0,1
BRDA:18,0,1,5
BRDA:18,1,0,6
BRDA:18,1,1,6
BRF:4
BRH:4
end_of_record
TN:
SF:data_layer/harperBridge/fsBridge/fsUtility/processData.js
FN:13,processData
FN:26,createFolders
FN:38,writeRawDataFiles
FNF:3
FNH:3
FNDA:27,processData
FNDA:27,createFolders
FNDA:27,writeRawDataFiles
DA:3,2
DA:4,2
DA:5,2
DA:7,2
DA:14,27
DA:15,27
DA:16,26
DA:18,1
DA:27,27
DA:28,27
DA:30,0
DA:39,27
DA:40,27
DA:42,1
LF:14
LH:13
BRF:0
BRH:0
end_of_record
TN:
SF:data_layer/harperBridge/fsBridge/fsUtility/processRows.js
FN:10,(anonymous_0)
FN:24,processRows
FNF:2
FNH:2
FNDA:27,(anonymous_0)
FNDA:27,processRows
DA:3,2
DA:4,2
DA:5,2
DA:6,2
DA:10,2
DA:11,27
DA:14,2
DA:25,27
DA:27,27
DA:28,27
DA:29,27
DA:31,26
DA:33,1
LF:13
LH:13
BRF:0
BRH:0
end_of_record
TN:
SF:data_layer/harperBridge/lmdbBridge/LMDBBridge.js
FN:24,(anonymous_0)
FN:33,(anonymous_1)
FN:42,(anonymous_2)
FN:51,(anonymous_3)
FN:60,(anonymous_4)
FN:69,(anonymous_5)
FN:78,(anonymous_6)
FN:87,(anonymous_7)
FN:96,(anonymous_8)
FN:105,(anonymous_9)
FN:114,(anonymous_10)
FN:123,(anonymous_11)
FN:132,(anonymous_12)
FN:141,(anonymous_13)
FN:150,(anonymous_14)
FN:159,(anonymous_15)
FNF:16
FNH:2
FNDA:0,(anonymous_0)
FNDA:0,(anonymous_1)
FNDA:0,(anonymous_2)
FNDA:20,(anonymous_3)
FNDA:0,(anonymous_4)
FNDA:0,(anonymous_5)
FNDA:0,(anonymous_6)
FNDA:0,(anonymous_7)
FNDA:0,(anonymous_8)
FNDA:0,(anonymous_9)
FNDA:0,(anonymous_10)
FNDA:0,(anonymous_11)
FNDA:0,(anonymous_12)
FNDA:0,(anonymous_13)
FNDA:0,(anonymous_14)
FNDA:5,(anonymous_15)
DA:3,2
DA:4,2
DA:5,2
DA:6,2
DA:7,2
DA:8,2
DA:9,2
DA:10,2
DA:11,2
DA:12,2
DA:13,2
DA:14,2
DA:15,2
DA:16,2
DA:17,2
DA:18,2
DA:19,2
DA:20,2
DA:25,0
DA:26,0
DA:28,0
DA:29,0
DA:34,0
DA:35,0
DA:37,0
DA:38,0
DA:43,0
DA:44,0
DA:46,0
DA:47,0
DA:52,20
DA:53,20
DA:55,0
DA:56,0
DA:61,0
DA:62,0
DA:64,0
DA:65,0
DA:70,0
DA:71,0
DA:73,0
DA:74,0
DA:79,0
DA:80,0
DA:82,0
DA:83,0
DA:88,0
DA:89,0
DA:91,0
DA:92,0
DA:97,0
DA:98,0
DA:100,0
DA:101,0
DA:106,0
DA:107,0
DA:109,0
DA:110,0
DA:115,0
DA:116,0
DA:118,0
DA:119,0
DA:124,0
DA:125,0
DA:127,0
DA:128,0
DA:133,0
DA:134,0
DA:136,0
DA:137,0
DA:142,0
DA:143,0
DA:145,0
DA:146,0
DA:151,0
DA:152,0
DA:154,0
DA:155,0
DA:160,5
DA:161,5
DA:163,0
DA:164,0
DA:169,2
LF:83
LH:23
BRF:0
BRH:0
end_of_record
TN:
SF:data_layer/harperBridge/lmdbBridge/lmdbMethods/DeleteTransactionsBeforeResults.js
FN:12,(anonymous_0)
FNF:1
FNH:1
FNDA:13,(anonymous_0)
DA:13,13
DA:14,13
DA:15,13
DA:19,2
LF:4
LH:4
BRDA:12,0,0,10
BRDA:12,1,0,10
BRDA:12,2,0,9
BRF:3
BRH:3
end_of_record
TN:
SF:data_layer/harperBridge/lmdbBridge/lmdbMethods/lmdbCreateAttribute.js
FN:28,lmdbCreateAttribute
FNF:1
FNH:1
FNDA:391,lmdbCreateAttribute
DA:3,3
DA:4,3
DA:5,3
DA:6,3
DA:7,3
DA:8,3
DA:9,3
DA:10,3
DA:11,3
DA:13,3
DA:14,3
DA:15,3
DA:16,21
DA:19,3
DA:21,3
DA:29,391
DA:30,391
DA:31,5
DA:35,386
DA:36,386
DA:38,386
DA:40,386
DA:41,372
DA:43,386
DA:44,222
DA:45,1005
DA:46,21
DA:52,365
DA:54,365
DA:56,365
DA:57,365
DA:59,365
DA:61,365
DA:63,365
DA:65,0
LF:35
LH:34
BRDA:30,0,0,5
BRDA:30,0,1,386
BRDA:40,1,0,372
BRDA:40,1,1,14
BRDA:40,2,0,386
BRDA:40,2,1,372
BRDA:43,3,0,222
BRDA:43,3,1,164
BRDA:43,4,0,386
BRDA:43,4,1,386
BRDA:45,5,0,21
BRDA:45,5,1,984
BRF:12
BRH:12
end_of_record
TN:
SF:data_layer/harperBridge/lmdbBridge/lmdbMethods/lmdbCreateRecords.js
FN:25,lmdbCreateRecords
FNF:1
FNH:1
FNDA:81,lmdbCreateRecords
DA:3,7
DA:5,7
DA:6,7
DA:7,7
DA:8,7
DA:9,7
DA:10,7
DA:11,7
DA:13,7
DA:14,7
DA:15,7
DA:17,7
DA:26,81
DA:27,81
DA:29,80
DA:31,80
DA:32,43
DA:33,35
DA:36,43
DA:37,35
DA:41,80
DA:42,80
DA:43,80
DA:44,80
DA:46,80
DA:47,80
DA:49,37
DA:52,80
DA:60,1
LF:29
LH:29
BRDA:31,0,0,43
BRDA:31,0,1,37
BRDA:32,1,0,35
BRDA:32,1,1,8
BRDA:36,2,0,35
BRDA:36,2,1,8
BRF:6
BRH:6
end_of_record
TN:
SF:data_layer/harperBridge/lmdbBridge/lmdbMethods/lmdbCreateSchema.js
FN:16,lmdbCreateSchema
FNF:1
FNH:1
FNDA:38,lmdbCreateSchema
DA:3,3
DA:4,3
DA:5,3
DA:6,3
DA:7,3
DA:8,3
DA:10,3
DA:17,38
DA:23,38
DA:25,38
DA:26,38
DA:27,37
DA:28,37
DA:31,1
LF:14
LH:14
BRDA:27,0,0,37
BRDA:27,0,1,0
BRF:2
BRH:1
end_of_record
TN:
SF:data_layer/harperBridge/lmdbBridge/lmdbMethods/lmdbCreateTable.js
FN:29,lmdbCreateTable
FN:63,createAttribute
FNF:2
FNH:2
FNDA:49,lmdbCreateTable
FNDA:114,createAttribute
DA:3,4
DA:4,4
DA:5,4
DA:6,4
DA:7,4
DA:8,4
DA:9,4
DA:10,4
DA:11,4
DA:12,4
DA:13,4
DA:15,4
DA:16,4
DA:17,4
DA:18,28
DA:21,4
DA:30,49
DA:32,49
DA:33,49
DA:34,49
DA:36,49
DA:38,49
DA:40,49
DA:41,39
DA:44,39
DA:47,38
DA:48,38
DA:49,38
DA:52,48
DA:54,1
DA:64,114
DA:65,114
DA:67,21
LF:33
LH:33
BRDA:40,0,0,39
BRDA:40,0,1,10
BRF:2
BRH:2
end_of_record
TN:
SF:data_layer/harperBridge/lmdbBridge/lmdbMethods/lmdbDeleteRecords.js
FN:17,lmdbDeleteRecords
FN:77,createDeleteResponse
FNF:2
FNH:2
FNDA:57,lmdbDeleteRecords
FNDA:55,createDeleteResponse
DA:3,3
DA:4,3
DA:5,3
DA:6,3
DA:7,3
DA:8,3
DA:9,3
DA:11,3
DA:18,57
DA:19,57
DA:20,57
DA:21,1
DA:24,56
DA:26,56
DA:28,2
DA:29,2
DA:30,2
DA:31,2
DA:32,1
DA:37,56
DA:38,2
DA:39,54
DA:40,1
DA:44,53
DA:45,52
DA:46,52
DA:47,154
DA:53,53
DA:54,53
DA:56,53
DA:58,53
DA:59,53
DA:61,47
DA:64,53
DA:66,1
DA:78,55
DA:79,55
DA:81,55
LF:38
LH:38
BRDA:20,0,0,1
BRDA:20,0,1,56
BRDA:26,1,0,2
BRDA:26,1,1,54
BRDA:26,2,0,56
BRDA:26,2,1,3
BRDA:31,3,0,1
BRDA:31,3,1,1
BRDA:37,4,0,2
BRDA:37,4,1,54
BRDA:39,5,0,1
BRDA:39,5,1,53
BRDA:44,6,0,52
BRDA:44,6,1,1
BRDA:79,7,0,49
BRDA:79,7,1,6
BRF:16
BRH:16
end_of_record
TN:
SF:data_layer/harperBridge/lmdbBridge/lmdbMethods/lmdbDeleteRecordsBefore.js
FN:24,lmdbDeleteRecordsBefore
FNF:1
FNH:1
FNDA:3,lmdbDeleteRecordsBefore
DA:3,3
DA:4,3
DA:5,3
DA:6,3
DA:7,3
DA:8,3
DA:9,3
DA:11,3
DA:25,3
DA:26,3
DA:27,1
DA:32,2
DA:36,2
DA:38,2
DA:39,2
DA:41,0
DA:42,0
DA:45,2
DA:46,1
DA:47,1
DA:50,1
DA:51,1
DA:52,100
DA:55,1
DA:57,1
DA:58,1
DA:60,0
LF:27
LH:24
BRDA:26,0,0,1
BRDA:26,0,1,2
BRDA:45,1,0,1
BRDA:45,1,1,1
BRF:4
BRH:4
end_of_record
TN:
SF:data_layer/harperBridge/lmdbBridge/lmdbMethods/lmdbDeleteTransactionLogsBefore.js
FN:23,deleteTransactionLogsBefore
FN:57,deleteTransactions
FNF:2
FNH:2
FNDA:1,deleteTransactionLogsBefore
FNDA:7,deleteTransactions
DA:3,3
DA:4,3
DA:5,3
DA:6,3
DA:7,3
DA:8,3
DA:9,3
DA:10,3
DA:11,3
DA:12,3
DA:14,3
DA:15,3
DA:17,3
DA:24,1
DA:25,1
DA:26,1
DA:27,1
DA:30,1
DA:32,1
DA:33,3
DA:34,3
DA:35,1
DA:38,3
DA:39,2
DA:42,3
DA:45,3
DA:48,1
DA:58,7
DA:59,7
DA:60,7
DA:61,7
DA:63,7
DA:64,7
DA:65,2
DA:66,2
DA:68,5
DA:69,5
DA:70,25003
DA:72,25003
DA:73,3
DA:75,25000
DA:78,25000
DA:81,25000
DA:82,25000
DA:83,25000
DA:87,25000
DA:88,100000
DA:91,25000
DA:92,25000
DA:93,25000
DA:94,1
DA:98,5
DA:99,5
DA:101,0
DA:102,0
DA:105,0
LF:56
LH:53
BRDA:34,0,0,1
BRDA:34,0,1,2
BRDA:38,1,0,2
BRDA:38,1,1,1
BRDA:64,2,0,2
BRDA:64,2,1,5
BRDA:64,3,0,7
BRDA:64,3,1,6
BRDA:72,4,0,3
BRDA:72,4,1,25000
BRDA:82,5,0,25000
BRDA:82,5,1,0
BRDA:93,6,0,1
BRDA:93,6,1,24999
BRDA:101,7,0,0
BRDA:101,7,1,0
BRF:16
BRH:13
end_of_record
TN:
SF:data_layer/harperBridge/lmdbBridge/lmdbMethods/lmdbDropAttribute.js
FN:23,lmdbDropAttribute
FN:55,removeAttributeFromAllObjects
FN:80,dropAttributeFromSystem
FN:87,(anonymous_3)
FN:92,(anonymous_4)
FNF:5
FNH:5
FNDA:42,lmdbDropAttribute
FNDA:3,removeAttributeFromAllObjects
FNDA:44,dropAttributeFromSystem
FNDA:259,(anonymous_3)
FNDA:42,(anonymous_4)
DA:3,3
DA:4,3
DA:5,3
DA:6,3
DA:7,3
DA:8,3
DA:9,3
DA:10,3
DA:11,3
DA:12,3
DA:13,3
DA:15,3
DA:25,42
DA:26,0
DA:28,42
DA:31,42
DA:33,42
DA:35,41
DA:36,41
DA:37,41
DA:40,41
DA:41,1
DA:43,41
DA:45,1
DA:57,3
DA:58,3
DA:60,2
DA:61,2002
DA:62,2002
DA:63,2002
DA:65,2
DA:67,1
DA:68,0
DA:71,1
DA:81,44
DA:85,44
DA:86,44
DA:87,259
DA:88,44
DA:89,2
DA:92,42
DA:94,42
DA:96,42
DA:98,2
LF:44
LH:42
BRDA:23,0,0,1
BRDA:25,1,0,0
BRDA:25,1,1,42
BRDA:40,2,0,1
BRDA:40,2,1,40
BRDA:67,3,0,0
BRDA:67,3,1,1
BRDA:88,4,0,2
BRDA:88,4,1,42
BRF:9
BRH:7
end_of_record
TN:
SF:data_layer/harperBridge/lmdbBridge/lmdbMethods/lmdbDropSchema.js
FN:23,lmdbDropSchema
FN:63,validateDropSchema
FNF:2
FNH:2
FNDA:1,lmdbDropSchema
FNDA:3,validateDropSchema
DA:3,3
DA:4,3
DA:5,3
DA:6,3
DA:7,3
DA:8,3
DA:9,3
DA:10,3
DA:11,3
DA:12,3
DA:13,3
DA:14,3
DA:15,3
DA:17,3
DA:26,1
DA:27,1
DA:30,1
DA:33,1
DA:35,1
DA:36,2
DA:40,2
DA:41,2
DA:44,0
DA:45,0
DA:51,1
DA:54,1
DA:56,1
DA:57,1
DA:59,0
DA:64,3
DA:70,3
DA:71,3
DA:73,0
DA:77,3
DA:78,2
DA:79,2
DA:83,3
DA:84,1
DA:87,2
LF:39
LH:35
BRDA:44,0,0,0
BRDA:44,0,1,0
BRDA:78,1,0,2
BRDA:78,1,1,0
BRDA:83,2,0,1
BRDA:83,2,1,2
BRF:6
BRH:3
end_of_record
TN:
SF:data_layer/harperBridge/lmdbBridge/lmdbMethods/lmdbDropTable.js
FN:20,lmdbDropTable
FN:55,dropTableFromSystem
FNF:2
FNH:2
FNDA:5,lmdbDropTable
FNDA:6,dropTableFromSystem
DA:3,3
DA:4,3
DA:5,3
DA:6,3
DA:7,3
DA:8,3
DA:9,3
DA:10,3
DA:11,3
DA:12,3
DA:14,3
DA:21,5
DA:22,5
DA:23,3
DA:25,3
DA:26,3
DA:27,3
DA:29,0
DA:30,0
DA:32,0
DA:36,3
DA:37,3
DA:38,3
DA:40,0
DA:41,0
DA:43,0
DA:47,2
DA:56,6
DA:60,6
DA:61,6
DA:63,0
DA:67,6
DA:68,5
DA:69,5
DA:70,4
DA:74,6
DA:75,2
DA:78,4
DA:79,4
DA:80,4
DA:82,0
LF:41
LH:33
BRDA:29,0,0,0
BRDA:29,0,1,0
BRDA:40,1,0,0
BRDA:40,1,1,0
BRDA:69,2,0,4
BRDA:69,2,1,1
BRDA:69,3,0,5
BRDA:69,3,1,5
BRDA:74,4,0,2
BRDA:74,4,1,4
BRF:10
BRH:6
end_of_record
TN:
SF:data_layer/harperBridge/lmdbBridge/lmdbMethods/lmdbGetDataByHash.js
FN:12,lmdbGetDataByHash
FNF:1
FNH:1
FNDA:15,lmdbGetDataByHash
DA:3,2
DA:4,2
DA:6,2
DA:13,15
DA:14,15
DA:15,7
DA:16,7
DA:18,8
LF:8
LH:8
BRF:0
BRH:0
end_of_record
TN:
SF:data_layer/harperBridge/lmdbBridge/lmdbMethods/lmdbGetDataByValue.js
FN:17,lmdbGetDataByValue
FNF:1
FNH:1
FNDA:29,lmdbGetDataByValue
DA:3,3
DA:4,3
DA:5,3
DA:6,3
DA:7,3
DA:9,3
DA:18,29
DA:19,29
DA:20,1
DA:23,28
DA:24,28
DA:25,11
DA:28,17
DA:29,17
DA:30,17
DA:32,0
LF:16
LH:15
BRDA:19,0,0,1
BRDA:19,0,1,28
BRDA:19,1,0,29
BRDA:19,1,1,6
BRDA:24,2,0,11
BRDA:24,2,1,17
BRF:6
BRH:6
end_of_record
TN:
SF:data_layer/harperBridge/lmdbBridge/lmdbMethods/lmdbReadTransactionLog.js
FN:22,readTransactionLog
FN:48,searchTransactionsByTimestamp
FN:94,searchTransactionsByUsername
FN:117,searchTransactionsByHashValues
FN:160,loopRecords
FN:195,batchSearchTransactions
FN:200,(anonymous_6)
FNF:7
FNH:7
FNDA:9,readTransactionLog
FNDA:13,searchTransactionsByTimestamp
FNDA:5,searchTransactionsByUsername
FNDA:4,searchTransactionsByHashValues
FNDA:18,loopRecords
FNDA:12,batchSearchTransactions
FNDA:15,(anonymous_6)
DA:3,3
DA:4,3
DA:5,3
DA:6,3
DA:7,3
DA:8,3
DA:9,3
DA:10,3
DA:11,3
DA:12,3
DA:13,3
DA:15,3
DA:23,9
DA:24,9
DA:25,9
DA:27,9
DA:29,9
DA:31,6
DA:34,1
DA:35,1
DA:37,1
DA:39,1
DA:49,13
DA:50,0
DA:53,13
DA:54,1
DA:57,13
DA:58,13
DA:59,13
DA:60,13
DA:62,13
DA:63,13
DA:64,6
DA:65,6
DA:68,13
DA:69,43
DA:71,43
DA:72,3
DA:74,40
DA:75,40
DA:78,13
DA:79,13
DA:81,0
DA:82,0
DA:85,0
DA:96,5
DA:97,5
DA:98,8
DA:99,8
DA:100,8
DA:101,8
DA:102,15
DA:105,8
DA:108,5
DA:118,4
DA:119,4
DA:120,9
DA:121,9
DA:123,9
DA:124,15
DA:125,15
DA:126,6
DA:127,6
DA:129,9
DA:134,4
DA:135,4
DA:137,4
DA:139,4
DA:140,9
DA:141,9
DA:142,9
DA:144,9
DA:146,9
DA:149,4
DA:161,18
DA:163,18
DA:164,12
DA:165,24
DA:166,24
DA:167,24
DA:168,21
DA:169,15
DA:170,15
DA:172,15
DA:173,6
DA:175,9
DA:176,9
DA:177,9
DA:180,6
DA:181,6
DA:182,6
DA:196,12
DA:197,12
DA:198,12
DA:200,15
DA:201,12
DA:203,12
DA:204,24
DA:205,24
DA:206,24
DA:208,24
DA:209,24
DA:210,24
DA:211,24
DA:214,0
DA:218,12
DA:219,12
DA:221,0
DA:222,0
DA:225,0
LF:110
LH:102
BRDA:29,0,0,6
BRDA:29,0,1,1
BRDA:29,0,2,1
BRDA:29,0,3,1
BRDA:48,1,0,4
BRDA:49,2,0,0
BRDA:49,2,1,13
BRDA:53,3,0,1
BRDA:53,3,1,12
BRDA:63,4,0,6
BRDA:63,4,1,7
BRDA:63,5,0,13
BRDA:63,5,1,12
BRDA:71,6,0,3
BRDA:71,6,1,40
BRDA:81,7,0,0
BRDA:81,7,1,0
BRDA:94,8,0,1
BRDA:125,9,0,6
BRDA:125,9,1,9
BRDA:163,10,0,12
BRDA:163,10,1,6
BRDA:167,11,0,21
BRDA:167,11,1,3
BRDA:168,12,0,15
BRDA:168,12,1,6
BRDA:172,13,0,6
BRDA:172,13,1,9
BRDA:209,14,0,24
BRDA:209,14,1,0
BRDA:221,15,0,0
BRDA:221,15,1,0
BRF:32
BRH:26
end_of_record
TN:
SF:data_layer/harperBridge/lmdbBridge/lmdbMethods/lmdbSearchByHash.js
FN:14,lmdbSearchByHash
FNF:1
FNH:1
FNDA:13,lmdbSearchByHash
DA:3,2
DA:5,2
DA:6,2
DA:8,2
DA:15,13
DA:16,13
DA:17,5
DA:18,5
DA:20,8
LF:9
LH:9
BRF:0
BRH:0
end_of_record
TN:
SF:data_layer/harperBridge/lmdbBridge/lmdbMethods/lmdbSearchByValue.js
FN:17,lmdbSearchByValue
FNF:1
FNH:1
FNDA:114,lmdbSearchByValue
DA:3,3
DA:4,3
DA:5,3
DA:6,3
DA:7,3
DA:9,3
DA:18,114
DA:19,114
DA:20,1
DA:23,113
DA:24,113
DA:25,7
DA:28,106
DA:29,106
DA:30,106
DA:32,0
LF:16
LH:15
BRDA:19,0,0,1
BRDA:19,0,1,113
BRDA:19,1,0,114
BRDA:19,1,1,10
BRDA:24,2,0,7
BRDA:24,2,1,106
BRF:6
BRH:6
end_of_record
TN:
SF:data_layer/harperBridge/lmdbBridge/lmdbMethods/lmdbUpdateRecords.js
FN:22,lmdbUpdateRecords
FNF:1
FNH:1
FNDA:6,lmdbUpdateRecords
DA:3,3
DA:4,3
DA:5,3
DA:6,3
DA:7,3
DA:8,3
DA:9,3
DA:10,3
DA:11,3
DA:12,3
DA:14,3
DA:23,6
DA:24,6
DA:26,2
DA:28,2
DA:29,2
DA:30,2
DA:33,2
DA:34,2
DA:38,2
DA:39,2
DA:40,2
DA:41,2
DA:43,2
DA:44,2
DA:46,0
DA:49,2
DA:57,4
LF:28
LH:27
BRDA:28,0,0,2
BRDA:28,0,1,0
BRDA:29,1,0,2
BRDA:29,1,1,0
BRDA:33,2,0,2
BRDA:33,2,1,0
BRF:6
BRH:3
end_of_record
TN:
SF:data_layer/harperBridge/lmdbBridge/lmdbUtility/LMDBCreateAttributeObject.js
FN:16,(anonymous_0)
FNF:1
FNH:1
FNDA:782,(anonymous_0)
DA:3,2
DA:4,2
DA:17,782
DA:18,782
DA:19,782
DA:20,782
DA:24,2
LF:7
LH:7
BRDA:16,0,0,365
BRDA:16,1,0,635
BRDA:16,2,0,733
BRF:3
BRH:3
end_of_record
TN:
SF:data_layer/harperBridge/lmdbBridge/lmdbUtility/LMDBDeleteTransactionObject.js
FN:16,(anonymous_0)
FNF:1
FNH:1
FNDA:45,(anonymous_0)
DA:2,2
DA:3,2
DA:17,45
DA:18,45
DA:23,2
LF:5
LH:5
BRDA:16,0,0,45
BRF:1
BRH:1
end_of_record
TN:
SF:data_layer/harperBridge/lmdbBridge/lmdbUtility/LMDBInsertTransactionObject.js
FN:16,(anonymous_0)
FNF:1
FNH:1
FNDA:35191,(anonymous_0)
DA:2,2
DA:3,2
DA:17,35191
DA:18,35191
DA:22,2
LF:5
LH:5
BRDA:16,0,0,35163
BRF:1
BRH:1
end_of_record
TN:
SF:data_layer/harperBridge/lmdbBridge/lmdbUtility/LMDBTransactionObject.js
FN:14,(anonymous_0)
FNF:1
FNH:1
FNDA:35384,(anonymous_0)
DA:15,35384
DA:16,35384
DA:17,35384
DA:18,35384
DA:19,35384
DA:23,2
LF:6
LH:6
BRDA:14,0,0,35356
BRF:1
BRH:1
end_of_record
TN:
SF:data_layer/harperBridge/lmdbBridge/lmdbUtility/LMDBUpdateTransactionObject.js
FN:17,(anonymous_0)
FNF:1
FNH:1
FNDA:69,(anonymous_0)
DA:2,2
DA:3,2
DA:18,69
DA:19,69
DA:20,69
DA:24,2
LF:6
LH:6
BRDA:17,0,0,69
BRF:1
BRH:1
end_of_record
TN:
SF:data_layer/harperBridge/lmdbBridge/lmdbUtility/TableSizeObject.js
FN:15,(anonymous_0)
FNF:1
FNH:1
FNDA:7,(anonymous_0)
DA:16,7
DA:17,7
DA:18,7
DA:19,7
DA:20,7
DA:21,7
DA:25,2
LF:7
LH:7
BRDA:15,0,0,1
BRDA:15,1,0,1
BRDA:15,2,0,1
BRDA:15,3,0,1
BRF:4
BRH:4
end_of_record
TN:
SF:data_layer/harperBridge/lmdbBridge/lmdbUtility/ThreadSearchObject.js
FN:13,(anonymous_0)
FNF:1
FNH:1
FNDA:35,(anonymous_0)
DA:3,7
DA:4,7
DA:14,35
DA:15,35
DA:16,35
DA:17,35
DA:21,7
LF:7
LH:7
BRF:0
BRH:0
end_of_record
TN:
SF:data_layer/harperBridge/lmdbBridge/lmdbUtility/initializeHashSearch.js
FN:15,initialize
FNF:1
FNH:1
FNDA:28,initialize
DA:3,2
DA:4,2
DA:5,2
DA:6,2
DA:8,2
DA:16,28
DA:17,28
DA:18,16
DA:20,12
DA:21,12
DA:23,12
DA:24,14
DA:27,12
LF:13
LH:13
BRDA:17,0,0,16
BRDA:17,0,1,12
BRF:2
BRH:2
end_of_record
TN:
SF:data_layer/harperBridge/lmdbBridge/lmdbUtility/initializePaths.js
FN:20,getBaseSchemaPath
FN:35,getSystemSchemaPath
FN:46,getTransactionStorePath
FNF:3
FNH:3
FNDA:939,getBaseSchemaPath
FNDA:404,getSystemSchemaPath
FNDA:35331,getTransactionStorePath
DA:3,7
DA:4,7
DA:5,7
DA:7,7
DA:8,2
DA:11,7
DA:12,7
DA:13,7
DA:21,939
DA:22,932
DA:25,7
DA:26,7
DA:27,7
DA:36,404
DA:37,403
DA:40,1
DA:41,1
DA:42,1
DA:47,35331
DA:48,35330
DA:51,1
DA:52,1
DA:53,1
DA:57,7
LF:24
LH:24
BRDA:7,0,0,2
BRDA:7,0,1,5
BRDA:21,1,0,932
BRDA:21,1,1,7
BRDA:25,2,0,7
BRDA:25,2,1,0
BRDA:36,3,0,403
BRDA:36,3,1,1
BRDA:40,4,0,1
BRDA:40,4,1,0
BRDA:47,5,0,35330
BRDA:47,5,1,1
BRDA:51,6,0,1
BRDA:51,6,1,0
BRF:14
BRH:11
end_of_record
TN:
SF:data_layer/harperBridge/lmdbBridge/lmdbUtility/lmdbCheckForNewAttributes.js
FN:20,lmdbCheckForNewAttributes
FN:28,(anonymous_1)
FN:33,(anonymous_2)
FN:42,(anonymous_3)
FN:60,createNewAttribute
FN:84,createAttribute
FNF:6
FNH:6
FNDA:82,lmdbCheckForNewAttributes
FNDA:304,(anonymous_1)
FNDA:443,(anonymous_2)
FNDA:270,(anonymous_3)
FNDA:270,createNewAttribute
FNDA:270,createAttribute
DA:3,2
DA:4,2
DA:5,2
DA:6,2
DA:7,2
DA:9,2
DA:11,2
DA:21,82
DA:22,82
DA:23,0
DA:26,82
DA:27,82
DA:28,70
DA:29,304
DA:33,82
DA:34,443
DA:37,82
DA:38,43
DA:41,39
DA:43,270
DA:47,39
DA:49,0
DA:61,270
DA:63,270
DA:64,0
DA:67,270
DA:68,270
DA:71,0
DA:72,0
DA:74,0
DA:86,270
DA:87,270
DA:88,270
DA:90,270
DA:92,0
LF:35
LH:28
BRDA:22,0,0,0
BRDA:22,0,1,82
BRDA:27,1,0,70
BRDA:27,1,1,12
BRDA:37,2,0,43
BRDA:37,2,1,39
BRDA:63,3,0,0
BRDA:63,3,1,270
BRDA:71,4,0,0
BRDA:71,4,1,0
BRDA:71,5,0,0
BRDA:71,5,1,0
BRDA:71,5,2,0
BRF:13
BRH:6
end_of_record
TN:
SF:data_layer/harperBridge/lmdbBridge/lmdbUtility/lmdbCreateTransactionsEnvironment.js
FN:18,createTransactionsEnvironment
FNF:1
FNH:1
FNDA:77,createTransactionsEnvironment
DA:3,2
DA:4,2
DA:5,2
DA:6,2
DA:7,2
DA:9,2
DA:11,2
DA:20,77
DA:22,77
DA:23,77
DA:24,77
DA:26,0
DA:27,0
DA:30,77
DA:32,77
DA:33,77
DA:34,77
DA:36,0
DA:37,0
DA:39,77
LF:20
LH:16
BRF:0
BRH:0
end_of_record
TN:
SF:data_layer/harperBridge/lmdbBridge/lmdbUtility/lmdbDropAllAttributes.js
FN:15,lmdbDropAllAttributes
FNF:1
FNH:1
FNDA:8,lmdbDropAllAttributes
DA:3,2
DA:4,2
DA:5,2
DA:6,2
DA:7,2
DA:9,2
DA:16,8
DA:17,4
DA:20,4
DA:23,4
DA:24,4
DA:25,41
DA:26,41
DA:27,41
DA:28,41
DA:30,1
DA:31,1
DA:36,0
DA:37,0
LF:19
LH:17
BRDA:16,0,0,4
BRDA:16,0,1,4
BRDA:16,1,0,8
BRDA:16,1,1,6
BRDA:30,2,0,1
BRDA:30,2,1,0
BRF:6
BRH:5
end_of_record
TN:
SF:data_layer/harperBridge/lmdbBridge/lmdbUtility/lmdbGetTableSize.js
FN:17,lmdbGetTableSize
FNF:1
FNH:1
FNDA:1,lmdbGetTableSize
DA:3,2
DA:4,2
DA:5,2
DA:6,2
DA:7,2
DA:8,2
DA:10,2
DA:18,1
DA:19,1
DA:21,1
DA:22,1
DA:23,1
DA:26,1
DA:27,1
DA:28,1
DA:31,1
DA:32,1
DA:34,1
DA:35,1
DA:36,1
DA:37,1
DA:38,1
DA:39,1
DA:41,0
DA:44,1
LF:25
LH:24
BRF:0
BRH:0
end_of_record
TN:
[...]
DA:208,23
DA:209,18
DA:210,18
DA:211,2
DA:212,2
DA:214,16
DA:218,0
DA:219,0
DA:224,23
DA:226,20
DA:227,2
DA:228,2
DA:230,18
DA:236,9
DA:237,9
DA:238,9
DA:242,11
DA:243,11
DA:244,11
DA:245,11
DA:246,11
DA:248,0
DA:249,0
DA:251,0
DA:262,559
DA:264,553
DA:265,3
DA:268,550
DA:269,6
DA:270,3
DA:273,3
DA:285,559
DA:287,544
DA:288,6
DA:289,3
DA:292,3
DA:296,3
LF:142
LH:132
BRDA:32,0,0,69
BRDA:32,0,1,457
BRDA:36,1,0,69
BRDA:36,1,1,457
BRDA:40,2,0,117
BRDA:40,2,1,409
BRDA:59,3,0,18658
BRDA:59,3,1,157398
BRDA:64,4,0,4
BRDA:64,4,1,157394
BRDA:66,5,0,4
BRDA:66,5,1,0
BRDA:73,6,0,138589
BRDA:73,6,1,18809
BRDA:75,7,0,6
BRDA:75,7,1,138583
BRDA:75,8,0,138589
BRDA:75,8,1,86254
BRDA:89,9,0,8
BRDA:89,9,1,0
BRDA:107,10,0,0
BRDA:107,10,1,0
BRDA:122,11,0,18658
BRDA:122,11,1,11
BRDA:146,12,0,1
BRDA:146,12,1,10
BRDA:150,13,0,1
BRDA:150,13,1,10
BRDA:172,14,0,2
BRDA:172,14,1,9
BRDA:182,15,0,9
BRDA:182,15,1,26
BRDA:186,16,0,0
BRDA:186,16,1,26
BRDA:193,17,0,1
BRDA:193,17,1,25
BRDA:195,18,0,1
BRDA:195,18,1,0
BRDA:203,19,0,3
BRDA:203,19,1,23
BRDA:208,20,0,18
BRDA:208,20,1,5
BRDA:210,21,0,2
BRDA:210,21,1,16
BRDA:210,22,0,18
BRDA:210,22,1,9
BRDA:218,23,0,0
BRDA:218,23,1,0
BRDA:224,24,0,20
BRDA:224,24,1,3
BRDA:226,25,0,2
BRDA:226,25,1,18
BRDA:226,26,0,20
BRDA:226,26,1,11
BRDA:248,27,0,0
BRDA:248,27,1,0
BRDA:264,28,0,3
BRDA:264,28,1,550
BRDA:268,29,0,6
BRDA:268,29,1,544
BRDA:269,30,0,3
BRDA:269,30,1,3
BRDA:287,31,0,6
BRDA:287,31,1,538
BRDA:288,32,0,3
BRDA:288,32,1,3
BRF:66
BRH:56
end_of_record
TN:
SF:utility/logging/harper_logger.js
FN:140,initWinstonLogger
FN:185,initPinoLogger
FN:213,write_log
FN:256,info
FN:264,trace
FN:272,error
FN:280,fatal
FN:288,debug
FN:296,warn
FN:304,notify
FN:312,setLogLevel
FN:371,setLogType
FN:385,setLogLocation
FN:460,readLog
FN:537,configureWinstonForQuery
FN:566,getPropsFilePath
FNF:16
FNH:16
FNDA:17,initWinstonLogger
FNDA:2,initPinoLogger
FNDA:1352,write_log
FNDA:264,info
FNDA:496,trace
FNDA:313,error
FNDA:25,fatal
FNDA:64,debug
FNDA:86,warn
FNDA:72,notify
FNDA:51,setLogLevel
FNDA:22,setLogType
FNDA:37,setLogLocation
FNDA:18,readLog
FNDA:17,configureWinstonForQuery
FNDA:10,getPropsFilePath
DA:13,10
DA:14,10
DA:15,10
DA:16,10
DA:17,10
DA:18,10
DA:19,10
DA:20,10
DA:21,10
DA:22,10
DA:25,10
DA:26,10
DA:28,10
DA:30,10
DA:31,10
DA:32,10
DA:33,10
DA:35,10
DA:37,10
DA:38,10
DA:41,10
DA:42,10
DA:43,10
DA:45,10
DA:46,10
DA:49,10
DA:59,10
DA:60,10
DA:61,10
DA:62,10
DA:63,10
DA:64,10
DA:65,10
DA:67,10
DA:72,10
DA:78,10
DA:83,10
DA:84,10
DA:85,10
DA:88,10
DA:89,10
DA:90,10
DA:91,10
DA:92,10
DA:93,10
DA:95,10
DA:101,10
DA:102,0
DA:106,10
DA:107,0
DA:111,10
DA:112,0
DA:115,10
DA:141,17
DA:142,17
DA:143,14
DA:157,3
DA:176,0
DA:177,0
DA:178,0
DA:186,2
DA:187,2
DA:188,2
DA:215,1352
DA:216,0
DA:218,1352
DA:219,0
DA:222,1352
DA:225,1280
DA:226,0
DA:227,0
DA:229,1280
DA:230,1280
DA:234,72
DA:235,0
DA:236,0
DA:238,72
DA:239,72
DA:243,0
DA:244,0
DA:245,0
DA:247,0
DA:248,0
DA:257,264
DA:265,496
DA:273,313
DA:281,25
DA:289,64
DA:297,86
DA:305,72
DA:313,51
DA:315,51
DA:316,51
DA:319,37
DA:320,0
DA:321,0
DA:325,37
DA:326,37
DA:327,37
DA:328,14
DA:330,23
DA:332,37
DA:336,14
DA:337,0
DA:338,0
DA:340,14
DA:341,14
DA:345,0
DA:346,0
DA:347,0
DA:350,0
DA:351,0
DA:352,0
DA:353,0
DA:355,0
DA:357,0
DA:360,51
DA:362,0
DA:372,22
DA:373,2
DA:374,2
DA:376,20
DA:377,20
DA:378,20
DA:386,37
DA:388,37
DA:389,1
DA:390,1
DA:392,36
DA:393,36
DA:394,36
DA:395,34
DA:396,34
DA:398,34
DA:399,27
DA:400,27
DA:402,7
DA:403,7
DA:404,7
DA:405,7
DA:407,3
DA:408,3
DA:409,3
DA:413,2
DA:414,2
DA:415,2
DA:417,0
DA:418,0
DA:419,0
DA:421,0
DA:422,0
DA:425,0
DA:429,0
DA:430,0
DA:431,0
DA:435,37
DA:437,37
DA:438,37
DA:440,37
DA:442,35
DA:443,35
DA:444,35
DA:447,2
DA:448,2
DA:449,2
DA:452,0
DA:453,0
DA:454,0
DA:458,10
DA:461,18
DA:463,18
DA:464,1
DA:467,17
DA:471,17
DA:473,15
DA:474,15
DA:477,2
DA:478,0
DA:480,2
DA:482,2
DA:485,0
DA:486,0
DA:489,17
DA:491,2
DA:492,2
DA:495,2
DA:496,2
DA:499,13
DA:500,13
DA:503,17
DA:504,16
DA:507,17
DA:508,15
DA:511,17
DA:512,16
DA:515,17
DA:516,14
DA:519,17
DA:520,16
DA:523,17
DA:524,17
DA:527,17
DA:529,17
DA:530,17
DA:532,0
DA:533,0
DA:538,17
DA:539,1
DA:549,16
DA:550,16
DA:567,10
DA:568,10
DA:569,10
DA:572,0
DA:574,10
DA:575,0
DA:578,10
DA:580,10
DA:581,0
DA:583,10
LF:220
LH:169
BRDA:90,0,0,0
BRDA:90,0,1,10
BRDA:101,1,0,0
BRDA:101,1,1,10
BRDA:101,2,0,10
BRDA:101,2,1,10
BRDA:101,2,2,10
BRDA:106,3,0,0
BRDA:106,3,1,10
BRDA:106,4,0,10
BRDA:106,4,1,10
BRDA:106,4,2,10
BRDA:111,5,0,0
BRDA:111,5,1,10
BRDA:111,6,0,10
BRDA:111,6,1,10
BRDA:142,7,0,14
BRDA:142,7,1,3
BRDA:142,8,0,17
BRDA:142,8,1,3
BRDA:215,9,0,0
BRDA:215,9,1,1352
BRDA:215,10,0,1352
BRDA:215,10,1,1352
BRDA:215,10,2,1352
BRDA:218,11,0,0
BRDA:218,11,1,1352
BRDA:218,12,0,1352
BRDA:218,12,1,1352
BRDA:218,12,2,1352
BRDA:222,13,0,1280
BRDA:222,13,1,72
BRDA:222,13,2,0
BRDA:225,14,0,0
BRDA:225,14,1,1280
BRDA:234,15,0,0
BRDA:234,15,1,72
BRDA:243,16,0,0
BRDA:243,16,1,0
BRDA:315,17,0,51
BRDA:315,17,1,0
BRDA:316,18,0,37
BRDA:316,18,1,14
BRDA:316,18,2,0
BRDA:319,19,0,0
BRDA:319,19,1,37
BRDA:327,20,0,14
BRDA:327,20,1,23
BRDA:336,21,0,0
BRDA:336,21,1,14
BRDA:345,22,0,0
BRDA:345,22,1,0
BRDA:352,23,0,0
BRDA:352,23,1,0
BRDA:372,24,0,2
BRDA:372,24,1,20
BRDA:372,25,0,22
BRDA:372,25,1,21
BRDA:388,26,0,1
BRDA:388,26,1,36
BRDA:388,27,0,37
BRDA:388,27,1,36
BRDA:388,27,2,36
BRDA:394,28,0,34
BRDA:394,28,1,2
BRDA:398,29,0,27
BRDA:398,29,1,7
BRDA:413,30,0,2
BRDA:413,30,1,0
BRDA:435,31,0,6
BRDA:435,31,1,31
BRDA:440,32,0,35
BRDA:440,32,1,2
BRDA:440,32,2,0
BRDA:443,33,0,6
BRDA:443,33,1,29
BRDA:453,34,0,0
BRDA:453,34,1,0
BRDA:463,35,0,1
BRDA:463,35,1,17
BRDA:471,36,0,15
BRDA:471,36,1,2
BRDA:471,36,2,0
BRDA:477,37,0,0
BRDA:477,37,1,2
BRDA:489,38,0,2
BRDA:489,38,1,2
BRDA:489,38,2,13
BRDA:503,39,0,16
BRDA:503,39,1,1
BRDA:507,40,0,15
BRDA:507,40,1,2
BRDA:511,41,0,16
BRDA:511,41,1,1
BRDA:515,42,0,14
BRDA:515,42,1,3
BRDA:519,43,0,16
BRDA:519,43,1,1
BRDA:523,44,0,17
BRDA:523,44,1,0
BRDA:538,45,0,1
BRDA:538,45,1,16
BRDA:538,46,0,17
BRDA:538,46,1,3
BRDA:538,46,2,1
BRDA:549,47,0,4
BRDA:549,47,1,12
BRDA:574,48,0,0
BRDA:574,48,1,10
BRDA:580,49,0,0
BRDA:580,49,1,10
BRF:111
BRH:83
end_of_record
TN:
SF:utility/registration/hdb_license.js
FN:44,generateFingerPrint
FN:58,writeFingerprint
FN:61,(anonymous_2)
FN:72,validateLicense
FN:179,checkOldLicense
FN:194,licenseSearch
FN:247,getLicense
FNF:7
FNH:6
FNDA:7,generateFingerPrint
FNDA:1,writeFingerprint
FNDA:0,(anonymous_2)
FNDA:8,validateLicense
FNDA:1,checkOldLicense
FNDA:8,licenseSearch
FNDA:5,getLicense
DA:3,15
DA:4,15
DA:5,15
DA:6,15
DA:7,15
DA:8,15
DA:9,15
DA:10,15
DA:11,15
DA:12,15
DA:13,15
DA:14,15
DA:15,15
DA:16,15
DA:17,15
DA:18,15
DA:19,15
DA:21,15
DA:23,15
DA:25,15
DA:27,15
DA:28,15
DA:29,15
DA:31,15
DA:37,15
DA:45,7
DA:46,7
DA:48,1
DA:49,1
DA:52,0
DA:53,0
DA:54,0
DA:59,1
DA:60,1
DA:61,1
DA:62,0
DA:63,0
DA:65,0
DA:66,0
DA:67,0
DA:69,1
DA:73,8
DA:83,8
DA:84,0
DA:85,0
DA:88,8
DA:90,8
DA:91,8
DA:93,1
DA:96,8
DA:98,7
DA:99,7
DA:101,0
DA:102,0
DA:103,0
DA:106,7
DA:107,7
DA:108,7
DA:109,7
DA:110,7
DA:112,7
DA:113,7
DA:114,7
DA:115,7
DA:116,7
DA:117,7
DA:118,6
DA:119,6
DA:121,1
DA:122,1
DA:123,0
DA:125,1
DA:126,1
DA:128,1
DA:129,1
DA:130,1
DA:136,6
DA:137,6
DA:138,6
DA:139,6
DA:140,6
DA:141,6
DA:142,6
DA:144,6
DA:145,0
DA:148,6
DA:149,6
DA:152,0
DA:153,0
DA:154,0
DA:157,0
DA:160,6
DA:161,1
DA:164,6
DA:165,1
DA:168,1
DA:169,1
DA:171,7
DA:180,1
DA:181,1
DA:182,1
DA:183,0
DA:184,0
DA:185,0
DA:187,1
DA:195,8
DA:196,8
DA:197,8
DA:199,8
DA:200,8
DA:201,7
DA:203,2
DA:204,0
DA:206,2
DA:210,8
DA:211,12
DA:212,12
DA:213,12
DA:214,4
DA:216,8
DA:217,8
DA:218,6
DA:219,5
DA:220,5
DA:221,5
DA:222,5
DA:223,5
DA:226,2
DA:227,2
DA:228,2
DA:229,2
DA:230,2
DA:231,2
DA:235,8
DA:236,3
DA:238,8
DA:239,8
DA:248,5
DA:249,2
DA:251,5
LF:140
LH:117
BRDA:29,0,0,15
BRDA:29,0,1,0
BRDA:48,1,0,1
BRDA:48,1,1,0
BRDA:62,2,0,0
BRDA:62,2,1,0
BRDA:83,3,0,0
BRDA:83,3,1,8
BRDA:96,4,0,7
BRDA:96,4,1,1
BRDA:122,5,0,0
BRDA:122,5,1,1
BRDA:136,6,0,6
BRDA:136,6,1,0
BRDA:144,7,0,0
BRDA:144,7,1,6
BRDA:148,8,0,6
BRDA:148,8,1,0
BRDA:160,9,0,1
BRDA:160,9,1,5
BRDA:164,10,0,1
BRDA:164,10,1,5
BRDA:203,11,0,0
BRDA:203,11,1,2
BRDA:213,12,0,4
BRDA:213,12,1,8
BRDA:218,13,0,5
BRDA:218,13,1,1
BRDA:218,14,0,6
BRDA:218,14,1,5
BRDA:218,14,2,5
BRDA:219,15,0,5
BRDA:219,15,1,0
BRDA:235,16,0,3
BRDA:235,16,1,5
BRDA:248,17,0,2
BRDA:248,17,1,3
BRF:37
BRH:26
end_of_record
TN:
SF:utility/registration/licenseObjects.js
FN:15,(anonymous_0)
FN:36,(anonymous_1)
FNF:2
FNH:2
FNDA:19,(anonymous_0)
FNDA:12,(anonymous_1)
DA:3,2
DA:16,19
DA:17,19
DA:18,19
DA:19,19
DA:20,19
DA:21,19
DA:37,12
DA:38,12
DA:42,2
LF:10
LH:10
BRDA:15,0,0,0
BRDA:15,1,0,0
BRDA:15,2,0,0
BRDA:15,3,0,0
BRDA:15,4,0,0
BRDA:36,5,0,12
BRDA:36,6,0,12
BRDA:36,7,0,12
BRDA:36,8,0,12
BRDA:36,9,0,12
BRDA:36,10,0,12
BRF:11
BRH:6
end_of_record
TN:
SF:utility/registration/registrationHandler.js
FN:33,setLicense
FN:54,getFingerprint
FN:78,parseLicense
FN:110,register
FN:111,(anonymous_4)
FN:115,(anonymous_5)
FN:126,promptForRegistration
FN:153,(anonymous_7)
FN:161,getRegistrationInfo
FNF:9
FNH:4
FNDA:4,setLicense
FNDA:2,getFingerprint
FNDA:1,parseLicense
FNDA:0,register
FNDA:0,(anonymous_4)
FNDA:0,(anonymous_5)
FNDA:0,promptForRegistration
FNDA:0,(anonymous_7)
FNDA:4,getRegistrationInfo
DA:1,3
DA:2,3
DA:3,3
DA:4,3
DA:5,3
DA:6,3
DA:7,3
DA:8,3
DA:9,3
DA:10,3
DA:11,3
DA:12,3
DA:13,3
DA:16,3
DA:18,3
DA:20,3
DA:34,4
DA:35,2
DA:36,2
DA:37,2
DA:38,2
DA:40,1
DA:41,1
DA:42,1
DA:43,1
DA:45,1
DA:47,2
DA:55,2
DA:56,2
DA:58,0
DA:59,0
DA:61,2
DA:62,2
DA:63,2
DA:65,1
DA:66,1
DA:67,1
DA:68,1
DA:70,1
DA:79,1
DA:80,0
DA:83,1
DA:84,1
DA:86,1
DA:87,1
DA:88,1
DA:90,0
DA:91,0
DA:92,0
DA:94,0
DA:95,0
DA:96,0
DA:99,0
DA:100,0
DA:101,0
DA:103,0
DA:104,0
DA:107,0
DA:111,0
DA:112,0
DA:115,0
DA:116,0
DA:119,0
DA:127,0
DA:128,0
DA:130,0
DA:133,0
DA:134,0
DA:147,0
DA:148,0
DA:150,0
DA:153,0
DA:154,0
DA:155,0
DA:158,0
DA:162,4
DA:172,4
DA:173,4
DA:175,1
DA:176,1
DA:179,3
DA:180,1
DA:183,2
DA:184,2
DA:185,2
DA:186,2
DA:187,2
DA:188,2
DA:190,0
DA:191,0
DA:193,2
LF:91
LH:57
BRDA:34,0,0,2
BRDA:34,0,1,2
BRDA:34,1,0,4
BRDA:34,1,1,3
BRDA:34,1,2,2
BRDA:79,2,0,0
BRDA:79,2,1,1
BRDA:79,3,0,1
BRDA:79,3,1,1
BRDA:87,4,0,1
BRDA:87,4,1,0
BRDA:91,5,0,0
BRDA:91,5,1,0
BRDA:95,6,0,0
BRDA:95,6,1,0
BRDA:179,7,0,1
BRDA:179,7,1,2
BRDA:187,8,0,2
BRDA:187,8,1,0
BRDA:188,9,0,1
BRDA:188,9,1,1
BRDA:191,10,0,0
BRDA:191,10,1,0
BRF:23
BRH:14
end_of_record
TN:
SF:validation/bulkDeleteValidator.js
FN:5,(anonymous_0)
FN:33,(anonymous_1)
FNF:2
FNH:2
FNDA:8,(anonymous_0)
FNDA:8,(anonymous_1)
DA:1,2
DA:2,2
DA:3,2
DA:5,2
DA:6,8
DA:7,8
DA:8,7
DA:10,1
DA:13,0
DA:17,2
DA:33,2
DA:34,8
LF:12
LH:11
BRDA:6,0,0,8
BRDA:6,0,1,0
BRDA:7,1,0,7
BRDA:7,1,1,1
BRF:4
BRH:3
end_of_record
TN:
SF:validation/check_permissions.js
FN:17,(anonymous_0)
FNF:1
FNH:1
FNDA:11,(anonymous_0)
DA:1,2
DA:3,2
DA:17,2
DA:18,11
LF:4
LH:4
BRF:0
BRH:0
end_of_record
TN:
SF:validation/common_validators.js
FNF:0
FNH:0
DA:1,2
DA:3,2
DA:14,2
LF:3
LH:3
BRF:0
BRH:0
end_of_record
TN:
SF:validation/csvLoadValidator.js
FN:54,dataObject
FN:59,urlObject
FN:64,fileObject
FN:73,postValidateChecks
FNF:4
FNH:4
FNDA:9,dataObject
FNDA:2,urlObject
FNDA:1,fileObject
FNDA:13,postValidateChecks
DA:1,4
DA:2,4
DA:3,4
DA:4,4
DA:5,4
DA:6,4
DA:8,4
DA:10,4
DA:12,4
DA:13,4
DA:39,4
DA:40,4
DA:44,4
DA:45,4
DA:49,4
DA:50,4
DA:55,9
DA:56,9
DA:60,2
DA:61,2
DA:65,1
DA:66,1
DA:74,13
DA:75,5
DA:76,5
DA:77,2
DA:80,3
DA:81,3
DA:82,3
DA:84,1
DA:85,1
DA:88,0
DA:89,0
DA:91,0
DA:94,2
DA:95,2
DA:96,1
DA:97,1
DA:100,1
DA:101,1
DA:105,9
DA:108,4
LF:42
LH:39
BRDA:74,0,0,5
BRDA:74,0,1,8
BRDA:76,1,0,2
BRDA:76,1,1,3
BRDA:80,2,0,3
BRDA:80,2,1,0
BRDA:84,3,0,1
BRDA:84,3,1,0
BRDA:88,4,0,0
BRDA:88,4,1,0
BRDA:96,5,0,1
BRDA:96,5,1,0
BRF:12
BRH:7
end_of_record
TN:
SF:validation/insertValidator.js
FN:19,(anonymous_0)
FN:31,(anonymous_1)
FNF:2
FNH:2
FNDA:120,(anonymous_0)
FNDA:120,(anonymous_1)
DA:1,2
DA:2,2
DA:3,2
DA:8,2
DA:20,120
DA:21,9186
DA:22,88754
DA:23,0
DA:27,120
DA:31,2
DA:32,120
LF:11
LH:10
BRDA:22,0,0,0
BRDA:22,0,1,88754
BRDA:22,1,0,88754
BRDA:22,1,1,88754
BRDA:22,1,2,88754
BRF:5
BRH:4
end_of_record
TN:
SF:validation/nodeSubscriptionValidator.js
FN:8,(anonymous_0)
FN:47,(anonymous_1)
FNF:2
FNH:2
FNDA:5,(anonymous_0)
FNDA:5,(anonymous_1)
DA:3,2
DA:4,2
DA:5,2
DA:8,2
DA:9,5
DA:11,5
DA:13,5
DA:14,5
DA:16,5
DA:17,1
DA:18,4
DA:19,1
DA:22,3
DA:26,2
DA:47,2
DA:48,5
LF:16
LH:16
BRDA:9,0,0,5
BRDA:9,0,1,0
BRDA:16,1,0,1
BRDA:16,1,1,4
BRDA:18,2,0,1
BRDA:18,2,1,3
BRF:6
BRH:5
end_of_record
TN:
SF:validation/nodeValidator.js
FN:17,(anonymous_0)
FNF:1
FNH:1
FNDA:20,(anonymous_0)
DA:3,2
DA:5,2
DA:17,2
DA:18,20
LF:4
LH:4
BRF:0
BRH:0
end_of_record
TN:
SF:validation/readLogValidator.js
FN:10,(anonymous_0)
FN:14,(anonymous_1)
FN:47,(anonymous_2)
FNF:3
FNH:2
FNDA:33,(anonymous_0)
FNDA:0,(anonymous_1)
FNDA:18,(anonymous_2)
DA:3,7
DA:4,7
DA:5,7
DA:7,7
DA:11,33
DA:15,0
DA:16,0
DA:20,7
DA:47,7
DA:48,18
LF:10
LH:8
BRF:0
BRH:0
end_of_record
TN:
SF:validation/role_validation.js
FN:8,(anonymous_0)
FN:34,addRoleValidation
FN:42,alterRoleValidation
FN:50,dropRoleValidation
FN:58,customValidate
FN:66,(anonymous_5)
FN:79,(anonymous_6)
FN:106,(anonymous_7)
FN:113,(anonymous_8)
FN:132,(anonymous_9)
FN:142,(anonymous_10)
FN:164,(anonymous_11)
FN:211,validateNoSUPerms
FN:236,generateRolePermResponse
FN:258,addPermError
FNF:15
FNH:15
FNDA:3,(anonymous_0)
FNDA:1,addRoleValidation
FNDA:1,alterRoleValidation
FNDA:1,dropRoleValidation
FNDA:37,customValidate
FNDA:8,(anonymous_5)
FNDA:66,(anonymous_6)
FNDA:468,(anonymous_7)
FNDA:384,(anonymous_8)
FNDA:288,(anonymous_9)
FNDA:257,(anonymous_10)
FNDA:189,(anonymous_11)
FNDA:33,validateNoSUPerms
FNDA:37,generateRolePermResponse
FNDA:49,addPermError
DA:1,3
DA:2,3
DA:3,3
DA:4,3
DA:6,3
DA:8,3
DA:22,3
DA:26,3
DA:27,3
DA:28,3
DA:29,3
DA:30,3
DA:31,3
DA:32,3
DA:35,1
DA:36,1
DA:37,1
DA:38,1
DA:39,1
DA:43,1
DA:44,1
DA:45,1
DA:46,1
DA:47,1
DA:51,1
DA:52,1
DA:53,1
DA:54,1
DA:55,1
DA:59,37
DA:64,37
DA:65,37
DA:66,6
DA:67,8
DA:72,37
DA:74,33
DA:75,33
DA:76,2
DA:79,33
DA:80,66
DA:81,2
DA:82,0
DA:88,37
DA:89,65
DA:90,32
DA:92,32
DA:93,0
DA:94,0
DA:96,32
DA:97,32
DA:98,96
DA:100,96
DA:101,0
DA:102,0
DA:106,96
DA:107,468
DA:108,1
DA:113,96
DA:114,384
DA:115,13
DA:116,371
DA:117,13
DA:122,96
DA:123,0
DA:124,0
DA:125,96
DA:126,0
DA:127,0
DA:131,96
DA:132,288
DA:133,96
DA:139,96
DA:140,65
DA:142,65
DA:145,257
DA:146,1
DA:151,65
DA:152,1
DA:153,1
DA:156,64
DA:158,64
DA:159,1
DA:160,1
DA:164,63
DA:165,189
DA:166,3
DA:167,186
DA:168,3
DA:173,63
DA:174,28
DA:176,63
DA:177,3
DA:179,63
DA:180,0
DA:184,96
DA:187,3
DA:188,3
DA:196,37
DA:199,3
DA:212,33
DA:213,33
DA:215,33
DA:216,33
DA:217,33
DA:218,33
DA:219,2
DA:220,0
DA:222,2
DA:223,2
DA:227,31
DA:237,37
DA:238,37
DA:239,34
DA:244,34
DA:246,3
DA:259,49
DA:260,10
DA:262,39
DA:263,39
DA:264,29
DA:266,10
LF:121
LH:110
BRDA:65,0,0,6
BRDA:65,0,1,31
BRDA:72,1,0,33
BRDA:72,1,1,4
BRDA:75,2,0,2
BRDA:75,2,1,31
BRDA:80,3,0,2
BRDA:80,3,1,64
BRDA:81,4,0,0
BRDA:81,4,1,2
BRDA:89,5,0,32
BRDA:89,5,1,33
BRDA:92,6,0,0
BRDA:92,6,1,32
BRDA:92,7,0,32
BRDA:92,7,1,32
BRDA:96,8,0,32
BRDA:96,8,1,0
BRDA:100,9,0,0
BRDA:100,9,1,96
BRDA:100,10,0,96
BRDA:100,10,1,96
BRDA:107,11,0,1
BRDA:107,11,1,467
BRDA:114,12,0,13
BRDA:114,12,1,371
BRDA:116,13,0,13
BRDA:116,13,1,358
BRDA:122,14,0,0
BRDA:122,14,1,96
BRDA:125,15,0,0
BRDA:125,15,1,96
BRDA:131,16,0,96
BRDA:131,16,1,0
BRDA:145,17,0,1
BRDA:145,17,1,256
BRDA:145,18,0,257
BRDA:145,18,1,1
BRDA:151,19,0,1
BRDA:151,19,1,64
BRDA:158,20,0,1
BRDA:158,20,1,63
BRDA:165,21,0,3
BRDA:165,21,1,186
BRDA:167,22,0,3
BRDA:167,22,1,183
BRDA:173,23,0,28
BRDA:173,23,1,35
BRDA:173,24,0,63
BRDA:173,24,1,35
BRDA:176,25,0,3
BRDA:176,25,1,60
BRDA:176,26,0,63
BRDA:176,26,1,62
BRDA:179,27,0,0
BRDA:179,27,1,63
BRDA:179,28,0,63
BRDA:179,28,1,63
BRDA:184,29,0,3
BRDA:184,29,1,93
BRDA:184,30,0,96
BRDA:184,30,1,32
BRDA:184,30,2,96
BRDA:184,30,3,64
BRDA:184,30,4,93
BRDA:184,30,5,59
BRDA:213,31,0,33
BRDA:213,31,1,0
BRDA:213,32,0,33
BRDA:213,32,1,2
BRDA:218,33,0,2
BRDA:218,33,1,31
BRDA:218,34,0,33
BRDA:218,34,1,32
BRDA:218,34,2,1
BRDA:219,35,0,0
BRDA:219,35,1,2
BRDA:219,36,0,2
BRDA:219,36,1,1
BRDA:222,37,0,1
BRDA:222,37,1,1
BRDA:238,38,0,34
BRDA:238,38,1,3
BRDA:238,39,0,37
BRDA:238,39,1,29
BRDA:259,40,0,10
BRDA:259,40,1,39
BRDA:262,41,0,39
BRDA:262,41,1,0
BRDA:263,42,0,29
BRDA:263,42,1,10
BRF:91
BRH:80
end_of_record
TN:
SF:validation/schema_validator.js
FN:28,makeAttributesStrings
FN:36,schema_object
FN:45,table_object
FN:54,create_table_object
FN:63,attribute_object
FN:72,describe_table
FN:85,validateTableResidence
FNF:7
FNH:7
FNDA:524,makeAttributesStrings
FNDA:11,schema_object
FNDA:8,table_object
FNDA:10,create_table_object
FNDA:416,attribute_object
FNDA:79,describe_table
FNDA:8,validateTableResidence
DA:1,2
DA:2,2
DA:4,2
DA:29,524
DA:31,3442
DA:33,524
DA:37,11
DA:38,11
DA:39,11
DA:40,11
DA:41,11
DA:42,11
DA:46,8
DA:47,8
DA:48,8
DA:49,8
DA:50,8
DA:51,8
DA:55,10
DA:56,10
DA:57,10
DA:58,10
DA:59,10
DA:60,10
DA:64,416
DA:65,416
DA:66,416
DA:67,416
DA:68,416
DA:69,416
DA:73,79
DA:74,79
DA:75,79
DA:76,79
DA:77,79
DA:78,79
DA:86,8
DA:87,4
DA:90,4
DA:91,1
DA:94,3
DA:95,1
DA:98,2
DA:99,4
DA:100,1
DA:105,2
LF:46
LH:46
BRDA:31,0,0,2
BRDA:31,0,1,3440
BRDA:31,1,0,3442
BRDA:31,1,1,3441
BRDA:31,1,2,3440
BRDA:86,2,0,4
BRDA:86,2,1,4
BRDA:90,3,0,1
BRDA:90,3,1,3
BRDA:94,4,0,1
BRDA:94,4,1,2
BRDA:99,5,0,1
BRDA:99,5,1,3
BRF:13
BRH:13
end_of_record
TN:
SF:validation/searchValidator.js
FN:83,(anonymous_0)
FN:127,(anonymous_1)
FN:128,(anonymous_2)
FNF:3
FNH:3
FNDA:508,(anonymous_0)
FNDA:424,(anonymous_1)
FNDA:1459,(anonymous_2)
DA:1,2
DA:2,2
DA:3,2
DA:4,2
DA:6,2
DA:29,2
DA:48,2
DA:67,2
DA:83,2
DA:84,508
DA:85,508
DA:87,0
DA:88,0
DA:90,427
DA:91,427
DA:93,81
DA:94,81
DA:96,0
DA:97,0
DA:99,0
DA:103,508
DA:104,467
DA:105,2
DA:108,465
DA:109,2
DA:112,463
DA:113,172
DA:114,172
DA:115,4
DA:118,168
DA:121,168
DA:123,168
DA:124,115
DA:127,424
DA:129,1459
DA:134,168
DA:136,4
DA:137,4
DA:138,4
DA:143,496
LF:40
LH:35
BRDA:85,0,0,0
BRDA:85,0,1,427
BRDA:85,0,2,81
BRDA:85,0,3,0
BRDA:85,0,4,0
BRDA:103,1,0,467
BRDA:103,1,1,41
BRDA:104,2,0,2
BRDA:104,2,1,465
BRDA:104,3,0,467
BRDA:104,3,1,141
BRDA:108,4,0,2
BRDA:108,4,1,463
BRDA:108,5,0,465
BRDA:108,5,1,465
BRDA:112,6,0,172
BRDA:112,6,1,291
BRDA:114,7,0,4
BRDA:114,7,1,168
BRDA:123,8,0,115
BRDA:123,8,1,53
BRDA:127,9,0,424
BRDA:127,9,1,385
BRDA:127,9,2,385
BRDA:129,10,0,1459
BRDA:129,10,1,1455
BRDA:129,10,2,1108
BRDA:134,11,0,4
BRDA:134,11,1,164
BRDA:134,12,0,168
BRDA:134,12,1,168
BRF:31
BRH:28
end_of_record
TN:
SF:validation/user_validation.js
FN:28,addUserValidation
FN:36,alterUserValidation
FN:44,dropUserValidation
FNF:3
FNH:0
FNDA:0,addUserValidation
FNDA:0,alterUserValidation
FNDA:0,dropUserValidation
DA:1,2
DA:3,2
DA:29,0
DA:30,0
DA:31,0
DA:32,0
DA:33,0
DA:37,0
DA:38,0
DA:39,0
DA:40,0
DA:41,0
DA:45,0
DA:46,0
DA:47,0
DA:48,0
DA:49,0
DA:52,2
LF:18
LH:3
BRF:0
BRH:0
end_of_record
TN:
SF:validation/validationWrapper.js
FN:19,validateObject
FN:35,validateObjectAsync
FNF:2
FNH:2
FNDA:1275,validateObject
FNDA:13,validateObjectAsync
DA:12,7
DA:14,7
DA:20,1275
DA:21,1
DA:24,1274
DA:25,1274
DA:26,94
DA:36,13
DA:37,0
DA:40,13
DA:41,13
DA:44,4
DA:45,4
DA:48,9
LF:14
LH:13
BRDA:20,0,0,1
BRDA:20,0,1,1274
BRDA:20,1,0,1275
BRDA:20,1,1,1274
BRDA:25,2,0,1180
BRDA:25,2,1,94
BRDA:36,3,0,0
BRDA:36,3,1,13
BRDA:36,4,0,13
BRDA:36,4,1,13
BRF:10
BRH:9
end_of_record
TN:
SF:validation/clustering/configureValidator.js
FN:8,doesPathExist
FN:220,(anonymous_1)
FNF:2
FNH:2
FNDA:104,doesPathExist
FNDA:13,(anonymous_1)
DA:1,2
DA:2,2
DA:3,2
DA:4,2
DA:5,2
DA:9,104
DA:10,104
DA:11,2
DA:13,102
DA:16,2
DA:18,2
DA:220,2
DA:222,13
DA:223,13
DA:224,13
DA:225,13
DA:226,0
DA:229,13
DA:230,13
DA:231,13
DA:233,0
DA:235,13
LF:22
LH:20
BRDA:10,0,0,2
BRDA:10,0,1,102
BRDA:225,1,0,0
BRDA:225,1,1,13
BRDA:225,2,0,13
BRDA:225,2,1,13
BRF:6
BRH:5
end_of_record
TN:
SF:validation/registration/license_key_object.js
FN:10,(anonymous_0)
FN:14,(anonymous_1)
FN:56,(anonymous_2)
FNF:3
FNH:3
FNDA:28,(anonymous_0)
FNDA:2,(anonymous_1)
FNDA:15,(anonymous_2)
DA:1,1
DA:2,1
DA:3,1
DA:4,1
DA:7,1
DA:11,28
DA:15,2
DA:16,2
DA:20,1
DA:56,1
DA:57,15
LF:11
LH:11
BRDA:15,0,0,2
BRDA:15,0,1,0
BRF:2
BRH:1
end_of_record
